[2021-07-20 07:20:49.302] [exthost] [info] extension host started
[2021-07-20 07:20:49.358] [exthost] [info] Lock '/var/www/.vscode-server/data/User/workspaceStorage/c442117acadd182bd5a664e886124edc/vscode.lock': Lock acquired.
[2021-07-20 07:20:49.440] [exthost] [info] ExtensionService#_doActivateExtension vscode.php-language-features {"startup":false,"extensionId":{"value":"vscode.php-language-features","_lower":"vscode.php-language-features"},"activationEvent":"onLanguage:php"}
[2021-07-20 07:20:49.440] [exthost] [info] ExtensionService#loadCommonJSModule file:///var/www/.vscode-server/bin/c3f126316369cd610563c75b1b1725e0679adfb3/extensions/php-language-features/dist/phpMain
[2021-07-20 07:20:49.483] [exthost] [info] ExtensionService#_doActivateExtension vscode.debug-auto-launch {"startup":true,"extensionId":{"value":"vscode.debug-auto-launch","_lower":"vscode.debug-auto-launch"},"activationEvent":"*"}
[2021-07-20 07:20:49.483] [exthost] [info] ExtensionService#loadCommonJSModule file:///var/www/.vscode-server/bin/c3f126316369cd610563c75b1b1725e0679adfb3/extensions/debug-auto-launch/dist/extension
[2021-07-20 07:20:49.489] [exthost] [info] ExtensionService#_doActivateExtension vscode.git {"startup":true,"extensionId":{"value":"vscode.github","_lower":"vscode.github"},"activationEvent":"*"}
[2021-07-20 07:20:49.490] [exthost] [info] ExtensionService#loadCommonJSModule file:///var/www/.vscode-server/bin/c3f126316369cd610563c75b1b1725e0679adfb3/extensions/git/dist/main
[2021-07-20 07:20:49.631] [exthost] [info] ExtensionService#_doActivateExtension nadim-vscode.symfony-code-snippets {"startup":true,"extensionId":{"value":"nadim-vscode.symfony-code-snippets","_lower":"nadim-vscode.symfony-code-snippets"},"activationEvent":"*"}
[2021-07-20 07:20:49.631] [exthost] [info] ExtensionService#loadCommonJSModule file:///var/www/.vscode-server/extensions/nadim-vscode.symfony-code-snippets-1.2.7/extension
[2021-07-20 07:20:49.633] [exthost] [info] ExtensionService#_doActivateExtension nadim-vscode.symfony-super-console {"startup":true,"extensionId":{"value":"nadim-vscode.symfony-super-console","_lower":"nadim-vscode.symfony-super-console"},"activationEvent":"*"}
[2021-07-20 07:20:49.634] [exthost] [info] ExtensionService#loadCommonJSModule file:///var/www/.vscode-server/extensions/nadim-vscode.symfony-super-console-1.1.1/extension.js
[2021-07-20 07:20:50.370] [exthost] [info] ExtensionService#_doActivateExtension vscode.github {"startup":true,"extensionId":{"value":"vscode.github","_lower":"vscode.github"},"activationEvent":"*"}
[2021-07-20 07:20:50.370] [exthost] [info] ExtensionService#loadCommonJSModule file:///var/www/.vscode-server/bin/c3f126316369cd610563c75b1b1725e0679adfb3/extensions/github/dist/extension.js
[2021-07-20 07:20:51.912] [exthost] [info] ExtensionService#_doActivateExtension vscode.emmet {"startup":false,"extensionId":{"value":"vscode.emmet","_lower":"vscode.emmet"},"activationEvent":"onStartupFinished"}
[2021-07-20 07:20:51.936] [exthost] [info] ExtensionService#loadCommonJSModule file:///var/www/.vscode-server/bin/c3f126316369cd610563c75b1b1725e0679adfb3/extensions/emmet/dist/node/emmetNodeMain
[2021-07-20 07:20:52.054] [exthost] [info] ExtensionService#_doActivateExtension vscode.merge-conflict {"startup":false,"extensionId":{"value":"vscode.merge-conflict","_lower":"vscode.merge-conflict"},"activationEvent":"onStartupFinished"}
[2021-07-20 07:20:52.055] [exthost] [info] ExtensionService#loadCommonJSModule file:///var/www/.vscode-server/bin/c3f126316369cd610563c75b1b1725e0679adfb3/extensions/merge-conflict/dist/mergeConflictMain
[2021-07-20 07:20:52.091] [exthost] [info] ExtensionService#_doActivateExtension vscode.testing-editor-contributions {"startup":false,"extensionId":{"value":"vscode.testing-editor-contributions","_lower":"vscode.testing-editor-contributions"},"activationEvent":"onStartupFinished"}
[2021-07-20 07:20:52.092] [exthost] [info] ExtensionService#loadCommonJSModule file:///var/www/.vscode-server/bin/c3f126316369cd610563c75b1b1725e0679adfb3/extensions/testing-editor-contributions/dist/extension.js
[2021-07-20 07:20:52.096] [exthost] [info] eager extensions activated
[2021-07-20 07:20:52.228] [exthost] [info] ExtensionService#_doActivateExtension ms-vscode.js-debug {"startup":false,"extensionId":{"value":"ms-vscode.js-debug","_lower":"ms-vscode.js-debug"},"activationEvent":"onCommand:extension.js-debug.clearAutoAttachVariables"}
[2021-07-20 07:20:52.228] [exthost] [info] ExtensionService#loadCommonJSModule file:///var/www/.vscode-server/bin/c3f126316369cd610563c75b1b1725e0679adfb3/extensions/ms-vscode.js-debug/src/extension.js
[2021-07-20 07:20:56.691] [exthost] [warning] [Decorations] CAPPING events from decorations provider vscode.git 3614
[2021-07-20 07:21:00.075] [exthost] [warning] [Decorations] CAPPING events from decorations provider vscode.git 3620
[2021-07-20 07:21:06.094] [exthost] [warning] [Decorations] CAPPING events from decorations provider vscode.git 3620
[2021-07-20 07:21:12.354] [exthost] [warning] [Decorations] CAPPING events from decorations provider vscode.git 3620
[2021-07-20 07:21:18.712] [exthost] [warning] [Decorations] CAPPING events from decorations provider vscode.git 3620
[2021-07-20 07:21:24.850] [exthost] [warning] [Decorations] CAPPING events from decorations provider vscode.git 3620
[2021-07-20 07:21:31.417] [exthost] [warning] [Decorations] CAPPING events from decorations provider vscode.git 3620
[2021-07-20 07:21:38.061] [exthost] [warning] [Decorations] CAPPING events from decorations provider vscode.git 3620
[2021-07-20 07:21:43.913] [exthost] [warning] [Decorations] CAPPING events from decorations provider vscode.git 3620
[2021-07-20 07:21:49.784] [exthost] [warning] [Decorations] CAPPING events from decorations provider vscode.git 3620
[2021-07-20 07:21:55.615] [exthost] [warning] [Decorations] CAPPING events from decorations provider vscode.git 3620
[2021-07-20 07:22:01.499] [exthost] [warning] [Decorations] CAPPING events from decorations provider vscode.git 3620
[2021-07-20 07:22:07.404] [exthost] [warning] [Decorations] CAPPING events from decorations provider vscode.git 3620
[2021-07-20 07:22:13.466] [exthost] [warning] [Decorations] CAPPING events from decorations provider vscode.git 3620
[2021-07-20 07:22:19.419] [exthost] [warning] [Decorations] CAPPING events from decorations provider vscode.git 3620
[2021-07-20 07:22:25.316] [exthost] [warning] [Decorations] CAPPING events from decorations provider vscode.git 3620
[2021-07-20 07:22:31.246] [exthost] [warning] [Decorations] CAPPING events from decorations provider vscode.git 3620
[2021-07-20 07:22:37.092] [exthost] [warning] [Decorations] CAPPING events from decorations provider vscode.git 3620
[2021-07-20 07:22:43.125] [exthost] [warning] [Decorations] CAPPING events from decorations provider vscode.git 3620
[2021-07-20 07:22:48.924] [exthost] [warning] [Decorations] CAPPING events from decorations provider vscode.git 3620
[2021-07-20 07:22:54.777] [exthost] [warning] [Decorations] CAPPING events from decorations provider vscode.git 3620
[2021-07-20 07:23:00.924] [exthost] [warning] [Decorations] CAPPING events from decorations provider vscode.git 3620
[2021-07-20 07:23:06.836] [exthost] [warning] [Decorations] CAPPING events from decorations provider vscode.git 3620
[2021-07-20 07:23:12.745] [exthost] [warning] [Decorations] CAPPING events from decorations provider vscode.git 3620
[2021-07-20 07:23:18.667] [exthost] [warning] [Decorations] CAPPING events from decorations provider vscode.git 3620
[2021-07-20 07:23:24.676] [exthost] [warning] [Decorations] CAPPING events from decorations provider vscode.git 3620
[2021-07-20 07:23:30.527] [exthost] [warning] [Decorations] CAPPING events from decorations provider vscode.git 3620
[2021-07-20 07:23:36.429] [exthost] [warning] [Decorations] CAPPING events from decorations provider vscode.git 3620
[2021-07-20 07:23:42.283] [exthost] [warning] [Decorations] CAPPING events from decorations provider vscode.git 3620
[2021-07-20 07:23:48.160] [exthost] [warning] [Decorations] CAPPING events from decorations provider vscode.git 3620
[2021-07-20 07:23:53.992] [exthost] [warning] [Decorations] CAPPING events from decorations provider vscode.git 3620
[2021-07-20 07:23:59.865] [exthost] [warning] [Decorations] CAPPING events from decorations provider vscode.git 3620
[2021-07-20 07:24:05.738] [exthost] [warning] [Decorations] CAPPING events from decorations provider vscode.git 3620
[2021-07-20 07:24:11.685] [exthost] [warning] [Decorations] CAPPING events from decorations provider vscode.git 3620
[2021-07-20 07:24:17.587] [exthost] [warning] [Decorations] CAPPING events from decorations provider vscode.git 3620
[2021-07-20 07:24:23.419] [exthost] [warning] [Decorations] CAPPING events from decorations provider vscode.git 3620
[2021-07-20 07:24:29.259] [exthost] [warning] [Decorations] CAPPING events from decorations provider vscode.git 3620
[2021-07-20 07:24:35.152] [exthost] [warning] [Decorations] CAPPING events from decorations provider vscode.git 3620
[2021-07-20 07:24:41.003] [exthost] [warning] [Decorations] CAPPING events from decorations provider vscode.git 3620
[2021-07-20 07:24:46.833] [exthost] [warning] [Decorations] CAPPING events from decorations provider vscode.git 3620
[2021-07-20 07:24:52.846] [exthost] [warning] [Decorations] CAPPING events from decorations provider vscode.git 3620
[2021-07-20 07:24:58.824] [exthost] [warning] [Decorations] CAPPING events from decorations provider vscode.git 3620
[2021-07-20 07:25:04.719] [exthost] [warning] [Decorations] CAPPING events from decorations provider vscode.git 3620
[2021-07-20 07:25:10.548] [exthost] [warning] [Decorations] CAPPING events from decorations provider vscode.git 3620
[2021-07-20 07:25:16.416] [exthost] [warning] [Decorations] CAPPING events from decorations provider vscode.git 3620
[2021-07-20 07:25:22.278] [exthost] [warning] [Decorations] CAPPING events from decorations provider vscode.git 3620
[2021-07-20 07:25:28.093] [exthost] [warning] [Decorations] CAPPING events from decorations provider vscode.git 3620
[2021-07-20 07:25:33.955] [exthost] [warning] [Decorations] CAPPING events from decorations provider vscode.git 3620
[2021-07-20 07:25:39.913] [exthost] [warning] [Decorations] CAPPING events from decorations provider vscode.git 3620
[2021-07-20 07:25:45.834] [exthost] [warning] [Decorations] CAPPING events from decorations provider vscode.git 3620
[2021-07-20 07:25:51.874] [exthost] [warning] [Decorations] CAPPING events from decorations provider vscode.git 3620
[2021-07-20 07:25:57.718] [exthost] [warning] [Decorations] CAPPING events from decorations provider vscode.git 3620
[2021-07-20 07:26:03.551] [exthost] [warning] [Decorations] CAPPING events from decorations provider vscode.git 3620
[2021-07-20 07:26:09.340] [exthost] [warning] [Decorations] CAPPING events from decorations provider vscode.git 3620
[2021-07-20 07:26:15.154] [exthost] [warning] [Decorations] CAPPING events from decorations provider vscode.git 3620
[2021-07-20 07:26:21.008] [exthost] [warning] [Decorations] CAPPING events from decorations provider vscode.git 3620
[2021-07-20 07:26:26.896] [exthost] [warning] [Decorations] CAPPING events from decorations provider vscode.git 3620
[2021-07-20 07:26:32.750] [exthost] [warning] [Decorations] CAPPING events from decorations provider vscode.git 3620
[2021-07-20 07:26:38.567] [exthost] [warning] [Decorations] CAPPING events from decorations provider vscode.git 3620
[2021-07-20 07:26:44.429] [exthost] [warning] [Decorations] CAPPING events from decorations provider vscode.git 3620
[2021-07-20 07:26:50.200] [exthost] [warning] [Decorations] CAPPING events from decorations provider vscode.git 3620
[2021-07-20 07:26:56.052] [exthost] [warning] [Decorations] CAPPING events from decorations provider vscode.git 3620
[2021-07-20 07:27:01.860] [exthost] [warning] [Decorations] CAPPING events from decorations provider vscode.git 3620
[2021-07-20 07:27:07.706] [exthost] [warning] [Decorations] CAPPING events from decorations provider vscode.git 3620
[2021-07-20 07:27:13.569] [exthost] [warning] [Decorations] CAPPING events from decorations provider vscode.git 3620
[2021-07-20 07:27:19.434] [exthost] [warning] [Decorations] CAPPING events from decorations provider vscode.git 3620
[2021-07-20 07:27:25.268] [exthost] [warning] [Decorations] CAPPING events from decorations provider vscode.git 3620
[2021-07-20 07:27:31.118] [exthost] [warning] [Decorations] CAPPING events from decorations provider vscode.git 3620
[2021-07-20 07:27:36.973] [exthost] [warning] [Decorations] CAPPING events from decorations provider vscode.git 3620
[2021-07-20 07:27:42.770] [exthost] [warning] [Decorations] CAPPING events from decorations provider vscode.git 3620
[2021-07-20 07:27:48.686] [exthost] [warning] [Decorations] CAPPING events from decorations provider vscode.git 3620
[2021-07-20 07:27:54.668] [exthost] [warning] [Decorations] CAPPING events from decorations provider vscode.git 3620
[2021-07-20 07:28:00.469] [exthost] [warning] [Decorations] CAPPING events from decorations provider vscode.git 3620
[2021-07-20 07:28:06.329] [exthost] [warning] [Decorations] CAPPING events from decorations provider vscode.git 3620
[2021-07-20 07:28:12.165] [exthost] [warning] [Decorations] CAPPING events from decorations provider vscode.git 3620
[2021-07-20 07:28:18.109] [exthost] [warning] [Decorations] CAPPING events from decorations provider vscode.git 3620
[2021-07-20 07:28:24.044] [exthost] [warning] [Decorations] CAPPING events from decorations provider vscode.git 3620
[2021-07-20 07:28:29.910] [exthost] [warning] [Decorations] CAPPING events from decorations provider vscode.git 3620
[2021-07-20 07:28:35.807] [exthost] [warning] [Decorations] CAPPING events from decorations provider vscode.git 3620
[2021-07-20 07:28:41.585] [exthost] [warning] [Decorations] CAPPING events from decorations provider vscode.git 3620
[2021-07-20 07:28:47.500] [exthost] [warning] [Decorations] CAPPING events from decorations provider vscode.git 3620
[2021-07-20 07:28:53.431] [exthost] [warning] [Decorations] CAPPING events from decorations provider vscode.git 3620
[2021-07-20 07:28:59.383] [exthost] [warning] [Decorations] CAPPING events from decorations provider vscode.git 3620
[2021-07-20 07:29:05.180] [exthost] [warning] [Decorations] CAPPING events from decorations provider vscode.git 3620
[2021-07-20 07:29:11.046] [exthost] [warning] [Decorations] CAPPING events from decorations provider vscode.git 3620
[2021-07-20 07:29:16.878] [exthost] [warning] [Decorations] CAPPING events from decorations provider vscode.git 3620
[2021-07-20 07:29:22.674] [exthost] [warning] [Decorations] CAPPING events from decorations provider vscode.git 3620
[2021-07-20 07:29:28.626] [exthost] [warning] [Decorations] CAPPING events from decorations provider vscode.git 3620
[2021-07-20 07:29:34.535] [exthost] [warning] [Decorations] CAPPING events from decorations provider vscode.git 3620
[2021-07-20 07:29:40.306] [exthost] [warning] [Decorations] CAPPING events from decorations provider vscode.git 3620
[2021-07-20 07:29:46.126] [exthost] [warning] [Decorations] CAPPING events from decorations provider vscode.git 3620
[2021-07-20 07:29:51.945] [exthost] [warning] [Decorations] CAPPING events from decorations provider vscode.git 3620
[2021-07-20 07:29:57.730] [exthost] [warning] [Decorations] CAPPING events from decorations provider vscode.git 3620
[2021-07-20 07:30:03.545] [exthost] [warning] [Decorations] CAPPING events from decorations provider vscode.git 3620
[2021-07-20 07:30:09.590] [exthost] [warning] [Decorations] CAPPING events from decorations provider vscode.git 3620
[2021-07-20 07:30:15.651] [exthost] [warning] [Decorations] CAPPING events from decorations provider vscode.git 3620
[2021-07-20 07:30:21.487] [exthost] [warning] [Decorations] CAPPING events from decorations provider vscode.git 3620
[2021-07-20 07:30:27.331] [exthost] [warning] [Decorations] CAPPING events from decorations provider vscode.git 3620
[2021-07-20 07:30:33.283] [exthost] [warning] [Decorations] CAPPING events from decorations provider vscode.git 3620
[2021-07-20 07:30:39.099] [exthost] [warning] [Decorations] CAPPING events from decorations provider vscode.git 3620
[2021-07-20 07:30:44.982] [exthost] [warning] [Decorations] CAPPING events from decorations provider vscode.git 3620
[2021-07-20 07:30:50.887] [exthost] [warning] [Decorations] CAPPING events from decorations provider vscode.git 3620
[2021-07-20 07:30:56.712] [exthost] [warning] [Decorations] CAPPING events from decorations provider vscode.git 3620
[2021-07-20 07:31:02.593] [exthost] [warning] [Decorations] CAPPING events from decorations provider vscode.git 3620
[2021-07-20 07:31:08.495] [exthost] [warning] [Decorations] CAPPING events from decorations provider vscode.git 3620
[2021-07-20 07:31:14.409] [exthost] [warning] [Decorations] CAPPING events from decorations provider vscode.git 3620
[2021-07-20 07:31:20.248] [exthost] [warning] [Decorations] CAPPING events from decorations provider vscode.git 3620
[2021-07-20 07:31:26.147] [exthost] [warning] [Decorations] CAPPING events from decorations provider vscode.git 3620
[2021-07-20 07:31:31.999] [exthost] [warning] [Decorations] CAPPING events from decorations provider vscode.git 3620
[2021-07-20 07:31:37.836] [exthost] [warning] [Decorations] CAPPING events from decorations provider vscode.git 3620
[2021-07-20 07:31:43.687] [exthost] [warning] [Decorations] CAPPING events from decorations provider vscode.git 3620
[2021-07-20 07:31:49.656] [exthost] [warning] [Decorations] CAPPING events from decorations provider vscode.git 3620
[2021-07-20 07:31:55.501] [exthost] [warning] [Decorations] CAPPING events from decorations provider vscode.git 3620
[2021-07-20 07:32:01.443] [exthost] [warning] [Decorations] CAPPING events from decorations provider vscode.git 3620
[2021-07-20 07:32:07.273] [exthost] [warning] [Decorations] CAPPING events from decorations provider vscode.git 3620
[2021-07-20 07:32:13.131] [exthost] [warning] [Decorations] CAPPING events from decorations provider vscode.git 3620
[2021-07-20 07:32:18.964] [exthost] [warning] [Decorations] CAPPING events from decorations provider vscode.git 3620
[2021-07-20 07:32:24.858] [exthost] [warning] [Decorations] CAPPING events from decorations provider vscode.git 3620
[2021-07-20 07:32:30.709] [exthost] [warning] [Decorations] CAPPING events from decorations provider vscode.git 3620
[2021-07-20 07:32:36.600] [exthost] [warning] [Decorations] CAPPING events from decorations provider vscode.git 3620
[2021-07-20 07:32:42.468] [exthost] [warning] [Decorations] CAPPING events from decorations provider vscode.git 3620
[2021-07-20 07:32:48.348] [exthost] [warning] [Decorations] CAPPING events from decorations provider vscode.git 3620
[2021-07-20 07:32:54.386] [exthost] [warning] [Decorations] CAPPING events from decorations provider vscode.git 3620
[2021-07-20 07:33:00.287] [exthost] [warning] [Decorations] CAPPING events from decorations provider vscode.git 3620
[2021-07-20 07:33:06.170] [exthost] [warning] [Decorations] CAPPING events from decorations provider vscode.git 3620
[2021-07-20 07:33:12.030] [exthost] [warning] [Decorations] CAPPING events from decorations provider vscode.git 3620
[2021-07-20 07:33:17.854] [exthost] [warning] [Decorations] CAPPING events from decorations provider vscode.git 3620
[2021-07-20 07:33:23.714] [exthost] [warning] [Decorations] CAPPING events from decorations provider vscode.git 3620
[2021-07-20 07:33:29.567] [exthost] [warning] [Decorations] CAPPING events from decorations provider vscode.git 3620
[2021-07-20 07:33:35.400] [exthost] [warning] [Decorations] CAPPING events from decorations provider vscode.git 3620
[2021-07-20 07:33:41.291] [exthost] [warning] [Decorations] CAPPING events from decorations provider vscode.git 3620
[2021-07-20 07:33:47.158] [exthost] [warning] [Decorations] CAPPING events from decorations provider vscode.git 3620
[2021-07-20 07:33:53.072] [exthost] [warning] [Decorations] CAPPING events from decorations provider vscode.git 3620
[2021-07-20 07:33:59.028] [exthost] [warning] [Decorations] CAPPING events from decorations provider vscode.git 3620
[2021-07-20 07:34:04.845] [exthost] [warning] [Decorations] CAPPING events from decorations provider vscode.git 3620
[2021-07-20 07:34:10.671] [exthost] [warning] [Decorations] CAPPING events from decorations provider vscode.git 3620
[2021-07-20 07:34:16.594] [exthost] [warning] [Decorations] CAPPING events from decorations provider vscode.git 3620
[2021-07-20 07:34:22.530] [exthost] [warning] [Decorations] CAPPING events from decorations provider vscode.git 3620
[2021-07-20 07:34:28.450] [exthost] [warning] [Decorations] CAPPING events from decorations provider vscode.git 3620
[2021-07-20 07:34:34.278] [exthost] [warning] [Decorations] CAPPING events from decorations provider vscode.git 3620
[2021-07-20 07:34:40.177] [exthost] [warning] [Decorations] CAPPING events from decorations provider vscode.git 3620
[2021-07-20 07:34:45.997] [exthost] [warning] [Decorations] CAPPING events from decorations provider vscode.git 3620
[2021-07-20 07:34:51.814] [exthost] [warning] [Decorations] CAPPING events from decorations provider vscode.git 3620
[2021-07-20 07:34:57.695] [exthost] [warning] [Decorations] CAPPING events from decorations provider vscode.git 3620
[2021-07-20 07:35:03.546] [exthost] [warning] [Decorations] CAPPING events from decorations provider vscode.git 3620
[2021-07-20 07:35:09.392] [exthost] [warning] [Decorations] CAPPING events from decorations provider vscode.git 3620
[2021-07-20 07:35:15.222] [exthost] [warning] [Decorations] CAPPING events from decorations provider vscode.git 3620
[2021-07-20 07:35:21.082] [exthost] [warning] [Decorations] CAPPING events from decorations provider vscode.git 3620
[2021-07-20 07:35:26.983] [exthost] [warning] [Decorations] CAPPING events from decorations provider vscode.git 3620
[2021-07-20 07:35:32.856] [exthost] [warning] [Decorations] CAPPING events from decorations provider vscode.git 3620
[2021-07-20 07:35:38.733] [exthost] [warning] [Decorations] CAPPING events from decorations provider vscode.git 3620
[2021-07-20 07:35:44.581] [exthost] [warning] [Decorations] CAPPING events from decorations provider vscode.git 3620
[2021-07-20 07:35:50.456] [exthost] [warning] [Decorations] CAPPING events from decorations provider vscode.git 3620
[2021-07-20 07:35:56.295] [exthost] [warning] [Decorations] CAPPING events from decorations provider vscode.git 3620
[2021-07-20 07:36:02.116] [exthost] [warning] [Decorations] CAPPING events from decorations provider vscode.git 3620
[2021-07-20 07:36:08.124] [exthost] [warning] [Decorations] CAPPING events from decorations provider vscode.git 3620
[2021-07-20 07:36:14.117] [exthost] [warning] [Decorations] CAPPING events from decorations provider vscode.git 3620
[2021-07-20 07:36:20.121] [exthost] [warning] [Decorations] CAPPING events from decorations provider vscode.git 3620
[2021-07-20 07:36:25.953] [exthost] [warning] [Decorations] CAPPING events from decorations provider vscode.git 3620
[2021-07-20 07:36:31.807] [exthost] [warning] [Decorations] CAPPING events from decorations provider vscode.git 3620
[2021-07-20 07:36:37.650] [exthost] [warning] [Decorations] CAPPING events from decorations provider vscode.git 3620
[2021-07-20 07:36:43.610] [exthost] [warning] [Decorations] CAPPING events from decorations provider vscode.git 3620
[2021-07-20 07:36:49.474] [exthost] [warning] [Decorations] CAPPING events from decorations provider vscode.git 3620
[2021-07-20 07:36:55.328] [exthost] [warning] [Decorations] CAPPING events from decorations provider vscode.git 3620
[2021-07-20 07:37:01.207] [exthost] [warning] [Decorations] CAPPING events from decorations provider vscode.git 3620
[2021-07-20 07:37:07.020] [exthost] [warning] [Decorations] CAPPING events from decorations provider vscode.git 3620
[2021-07-20 07:37:12.884] [exthost] [warning] [Decorations] CAPPING events from decorations provider vscode.git 3620
[2021-07-20 07:37:18.751] [exthost] [warning] [Decorations] CAPPING events from decorations provider vscode.git 3620
[2021-07-20 07:37:24.584] [exthost] [warning] [Decorations] CAPPING events from decorations provider vscode.git 3620
[2021-07-20 07:37:30.403] [exthost] [warning] [Decorations] CAPPING events from decorations provider vscode.git 3620
[2021-07-20 07:37:36.334] [exthost] [warning] [Decorations] CAPPING events from decorations provider vscode.git 3620
[2021-07-20 07:37:42.215] [exthost] [warning] [Decorations] CAPPING events from decorations provider vscode.git 3620
[2021-07-20 07:39:43.146] [exthost] [warning] [Decorations] CAPPING events from decorations provider vscode.git 3620
[2021-07-20 07:39:48.966] [exthost] [warning] [Decorations] CAPPING events from decorations provider vscode.git 3620
[2021-07-20 07:39:54.827] [exthost] [warning] [Decorations] CAPPING events from decorations provider vscode.git 3620
[2021-07-20 07:40:00.733] [exthost] [warning] [Decorations] CAPPING events from decorations provider vscode.git 3620
[2021-07-20 07:40:06.606] [exthost] [warning] [Decorations] CAPPING events from decorations provider vscode.git 3620
[2021-07-20 07:40:12.461] [exthost] [warning] [Decorations] CAPPING events from decorations provider vscode.git 3620
[2021-07-20 07:40:18.339] [exthost] [warning] [Decorations] CAPPING events from decorations provider vscode.git 3620
[2021-07-20 07:40:24.214] [exthost] [warning] [Decorations] CAPPING events from decorations provider vscode.git 3620
[2021-07-20 07:40:30.242] [exthost] [warning] [Decorations] CAPPING events from decorations provider vscode.git 3620
[2021-07-20 07:40:36.257] [exthost] [warning] [Decorations] CAPPING events from decorations provider vscode.git 3620
[2021-07-20 07:40:42.258] [exthost] [warning] [Decorations] CAPPING events from decorations provider vscode.git 3620
[2021-07-20 07:40:48.045] [exthost] [warning] [Decorations] CAPPING events from decorations provider vscode.git 3620
[2021-07-20 07:44:09.186] [exthost] [warning] [Decorations] CAPPING events from decorations provider vscode.git 3663
[2021-07-20 07:44:15.195] [exthost] [warning] [Decorations] CAPPING events from decorations provider vscode.git 3622
[2021-07-20 07:44:21.015] [exthost] [warning] [Decorations] CAPPING events from decorations provider vscode.git 3625
[2021-07-20 07:44:26.923] [exthost] [warning] [Decorations] CAPPING events from decorations provider vscode.git 3626
[2021-07-20 07:44:32.783] [exthost] [warning] [Decorations] CAPPING events from decorations provider vscode.git 3626
[2021-07-20 07:44:38.630] [exthost] [warning] [Decorations] CAPPING events from decorations provider vscode.git 3626
[2021-07-20 07:44:44.490] [exthost] [warning] [Decorations] CAPPING events from decorations provider vscode.git 3627
[2021-07-20 07:44:50.291] [exthost] [warning] [Decorations] CAPPING events from decorations provider vscode.git 3627
[2021-07-20 07:44:56.317] [exthost] [warning] [Decorations] CAPPING events from decorations provider vscode.git 3628
[2021-07-20 07:45:02.139] [exthost] [warning] [Decorations] CAPPING events from decorations provider vscode.git 3631
[2021-07-20 07:45:07.960] [exthost] [warning] [Decorations] CAPPING events from decorations provider vscode.git 3631
[2021-07-20 07:45:13.855] [exthost] [warning] [Decorations] CAPPING events from decorations provider vscode.git 3631
[2021-07-20 07:45:19.701] [exthost] [warning] [Decorations] CAPPING events from decorations provider vscode.git 3632
[2021-07-20 07:45:25.540] [exthost] [warning] [Decorations] CAPPING events from decorations provider vscode.git 3633
[2021-07-20 07:45:31.346] [exthost] [warning] [Decorations] CAPPING events from decorations provider vscode.git 3633
[2021-07-20 07:45:37.174] [exthost] [warning] [Decorations] CAPPING events from decorations provider vscode.git 3633
[2021-07-20 07:45:42.967] [exthost] [warning] [Decorations] CAPPING events from decorations provider vscode.git 3636
[2021-07-20 07:46:14.291] [exthost] [warning] [Decorations] CAPPING events from decorations provider vscode.git 3638
[2021-07-20 07:46:20.155] [exthost] [warning] [Decorations] CAPPING events from decorations provider vscode.git 3639
[2021-07-20 07:46:25.979] [exthost] [warning] [Decorations] CAPPING events from decorations provider vscode.git 3642
[2021-07-20 07:46:31.809] [exthost] [warning] [Decorations] CAPPING events from decorations provider vscode.git 3642
[2021-07-20 07:46:37.670] [exthost] [warning] [Decorations] CAPPING events from decorations provider vscode.git 3642
[2021-07-20 07:46:43.621] [exthost] [warning] [Decorations] CAPPING events from decorations provider vscode.git 3643
[2021-07-20 07:46:49.648] [exthost] [warning] [Decorations] CAPPING events from decorations provider vscode.git 3643
[2021-07-20 07:46:55.602] [exthost] [warning] [Decorations] CAPPING events from decorations provider vscode.git 3643
[2021-07-20 07:47:01.449] [exthost] [warning] [Decorations] CAPPING events from decorations provider vscode.git 3646
[2021-07-20 07:47:07.379] [exthost] [warning] [Decorations] CAPPING events from decorations provider vscode.git 3647
[2021-07-20 07:47:13.267] [exthost] [warning] [Decorations] CAPPING events from decorations provider vscode.git 3647
[2021-07-20 07:47:19.090] [exthost] [warning] [Decorations] CAPPING events from decorations provider vscode.git 3647
[2021-07-20 07:47:24.952] [exthost] [warning] [Decorations] CAPPING events from decorations provider vscode.git 3648
[2021-07-20 07:47:30.959] [exthost] [warning] [Decorations] CAPPING events from decorations provider vscode.git 3649
[2021-07-20 07:47:36.789] [exthost] [warning] [Decorations] CAPPING events from decorations provider vscode.git 3649
[2021-07-20 07:47:42.639] [exthost] [warning] [Decorations] CAPPING events from decorations provider vscode.git 3652
[2021-07-20 07:47:48.477] [exthost] [warning] [Decorations] CAPPING events from decorations provider vscode.git 3652
[2021-07-20 08:00:58.363] [exthost] [warning] [Decorations] CAPPING events from decorations provider vscode.git 3781
[2021-07-20 08:01:14.332] [exthost] [warning] [Decorations] CAPPING events from decorations provider vscode.git 3783
[2021-07-20 08:07:42.739] [exthost] [warning] [Decorations] CAPPING events from decorations provider vscode.git 3899
[2021-07-20 08:07:48.539] [exthost] [warning] [Decorations] CAPPING events from decorations provider vscode.git 3899
[2021-07-20 08:07:54.355] [exthost] [warning] [Decorations] CAPPING events from decorations provider vscode.git 3899
[2021-07-20 08:08:00.246] [exthost] [warning] [Decorations] CAPPING events from decorations provider vscode.git 3900
[2021-07-20 08:08:06.105] [exthost] [warning] [Decorations] CAPPING events from decorations provider vscode.git 3903
[2021-07-20 08:08:11.977] [exthost] [warning] [Decorations] CAPPING events from decorations provider vscode.git 3903
[2021-07-20 08:08:17.884] [exthost] [warning] [Decorations] CAPPING events from decorations provider vscode.git 3903
[2021-07-20 08:08:23.692] [exthost] [warning] [Decorations] CAPPING events from decorations provider vscode.git 3904
[2021-07-20 08:08:29.515] [exthost] [warning] [Decorations] CAPPING events from decorations provider vscode.git 3904
[2021-07-20 08:08:35.291] [exthost] [warning] [Decorations] CAPPING events from decorations provider vscode.git 3905
[2021-07-20 08:08:41.113] [exthost] [warning] [Decorations] CAPPING events from decorations provider vscode.git 3905
[2021-07-20 08:08:46.941] [exthost] [warning] [Decorations] CAPPING events from decorations provider vscode.git 3908
[2021-07-20 08:08:52.922] [exthost] [warning] [Decorations] CAPPING events from decorations provider vscode.git 3908
[2021-07-20 08:09:52.888] [exthost] [warning] [Decorations] CAPPING events from decorations provider vscode.git 3915
[2021-07-20 08:10:04.421] [exthost] [warning] [Decorations] CAPPING events from decorations provider vscode.git 3917
[2021-07-20 08:15:10.841] [exthost] [warning] [Decorations] CAPPING events from decorations provider vscode.git 4032
[2021-07-20 08:15:16.752] [exthost] [warning] [Decorations] CAPPING events from decorations provider vscode.git 4032
[2021-07-20 08:15:22.640] [exthost] [warning] [Decorations] CAPPING events from decorations provider vscode.git 4033
[2021-07-20 08:15:28.538] [exthost] [warning] [Decorations] CAPPING events from decorations provider vscode.git 4036
[2021-07-20 08:15:34.400] [exthost] [warning] [Decorations] CAPPING events from decorations provider vscode.git 4036
[2021-07-20 08:15:40.203] [exthost] [warning] [Decorations] CAPPING events from decorations provider vscode.git 4036
[2021-07-20 08:15:46.056] [exthost] [warning] [Decorations] CAPPING events from decorations provider vscode.git 4037
[2021-07-20 08:15:51.942] [exthost] [warning] [Decorations] CAPPING events from decorations provider vscode.git 4037
[2021-07-20 08:15:57.823] [exthost] [warning] [Decorations] CAPPING events from decorations provider vscode.git 4038
[2021-07-20 08:16:03.650] [exthost] [warning] [Decorations] CAPPING events from decorations provider vscode.git 4039
[2021-07-20 08:16:09.561] [exthost] [warning] [Decorations] CAPPING events from decorations provider vscode.git 4041
[2021-07-20 08:16:15.354] [exthost] [warning] [Decorations] CAPPING events from decorations provider vscode.git 4041
[2021-07-20 08:16:21.155] [exthost] [warning] [Decorations] CAPPING events from decorations provider vscode.git 4041
[2021-07-20 08:16:27.002] [exthost] [warning] [Decorations] CAPPING events from decorations provider vscode.git 4042
[2021-07-20 08:16:32.824] [exthost] [warning] [Decorations] CAPPING events from decorations provider vscode.git 4043
[2021-07-20 08:16:38.806] [exthost] [warning] [Decorations] CAPPING events from decorations provider vscode.git 4043
[2021-07-20 08:16:44.684] [exthost] [warning] [Decorations] CAPPING events from decorations provider vscode.git 4046
[2021-07-20 08:16:50.604] [exthost] [warning] [Decorations] CAPPING events from decorations provider vscode.git 4046
[2021-07-20 08:16:56.537] [exthost] [warning] [Decorations] CAPPING events from decorations provider vscode.git 4046
[2021-07-20 08:17:02.457] [exthost] [warning] [Decorations] CAPPING events from decorations provider vscode.git 4047
[2021-07-20 08:17:08.389] [exthost] [warning] [Decorations] CAPPING events from decorations provider vscode.git 4048
[2021-07-20 08:17:14.264] [exthost] [warning] [Decorations] CAPPING events from decorations provider vscode.git 4048
[2021-07-20 08:17:20.181] [exthost] [warning] [Decorations] CAPPING events from decorations provider vscode.git 4048
[2021-07-20 08:17:26.077] [exthost] [warning] [Decorations] CAPPING events from decorations provider vscode.git 4051
[2021-07-20 08:17:31.980] [exthost] [warning] [Decorations] CAPPING events from decorations provider vscode.git 4052
[2021-07-20 08:17:37.943] [exthost] [warning] [Decorations] CAPPING events from decorations provider vscode.git 4052
[2021-07-20 08:17:43.936] [exthost] [warning] [Decorations] CAPPING events from decorations provider vscode.git 4053
[2021-07-20 08:17:49.960] [exthost] [warning] [Decorations] CAPPING events from decorations provider vscode.git 4053
[2021-07-20 08:17:55.858] [exthost] [warning] [Decorations] CAPPING events from decorations provider vscode.git 4053
[2021-07-20 08:18:01.880] [exthost] [warning] [Decorations] CAPPING events from decorations provider vscode.git 4054
[2021-07-20 08:18:07.788] [exthost] [warning] [Decorations] CAPPING events from decorations provider vscode.git 4057
[2021-07-20 08:18:13.669] [exthost] [warning] [Decorations] CAPPING events from decorations provider vscode.git 4057
[2021-07-20 08:18:19.519] [exthost] [warning] [Decorations] CAPPING events from decorations provider vscode.git 4057
[2021-07-20 08:18:25.357] [exthost] [warning] [Decorations] CAPPING events from decorations provider vscode.git 4058
[2021-07-20 08:18:31.202] [exthost] [warning] [Decorations] CAPPING events from decorations provider vscode.git 4058
[2021-07-20 08:18:37.054] [exthost] [warning] [Decorations] CAPPING events from decorations provider vscode.git 4059
[2021-07-20 08:18:42.890] [exthost] [warning] [Decorations] CAPPING events from decorations provider vscode.git 4060
[2021-07-20 08:18:48.749] [exthost] [warning] [Decorations] CAPPING events from decorations provider vscode.git 4062
[2021-07-20 08:18:54.610] [exthost] [warning] [Decorations] CAPPING events from decorations provider vscode.git 4062
[2021-07-20 08:19:00.559] [exthost] [warning] [Decorations] CAPPING events from decorations provider vscode.git 4062
[2021-07-20 08:19:06.452] [exthost] [warning] [Decorations] CAPPING events from decorations provider vscode.git 4064
[2021-07-20 08:19:12.321] [exthost] [warning] [Decorations] CAPPING events from decorations provider vscode.git 4064
[2021-07-20 08:19:18.155] [exthost] [warning] [Decorations] CAPPING events from decorations provider vscode.git 4064
[2021-07-20 08:19:24.010] [exthost] [warning] [Decorations] CAPPING events from decorations provider vscode.git 4065
[2021-07-20 08:19:29.911] [exthost] [warning] [Decorations] CAPPING events from decorations provider vscode.git 4067
[2021-07-20 08:19:35.862] [exthost] [warning] [Decorations] CAPPING events from decorations provider vscode.git 4068
[2021-07-20 08:19:41.734] [exthost] [warning] [Decorations] CAPPING events from decorations provider vscode.git 4068
[2021-07-20 08:19:47.705] [exthost] [warning] [Decorations] CAPPING events from decorations provider vscode.git 4069
[2021-07-20 08:19:53.643] [exthost] [warning] [Decorations] CAPPING events from decorations provider vscode.git 4069
[2021-07-20 08:19:59.626] [exthost] [warning] [Decorations] CAPPING events from decorations provider vscode.git 4069
[2021-07-20 08:20:05.490] [exthost] [warning] [Decorations] CAPPING events from decorations provider vscode.git 4071
[2021-07-20 08:20:11.349] [exthost] [warning] [Decorations] CAPPING events from decorations provider vscode.git 4073
[2021-07-20 08:20:17.361] [exthost] [warning] [Decorations] CAPPING events from decorations provider vscode.git 4073
[2021-07-20 08:20:23.279] [exthost] [warning] [Decorations] CAPPING events from decorations provider vscode.git 4074
[2021-07-20 08:20:29.152] [exthost] [warning] [Decorations] CAPPING events from decorations provider vscode.git 4074
[2021-07-20 08:20:35.043] [exthost] [warning] [Decorations] CAPPING events from decorations provider vscode.git 4074
[2021-07-20 08:20:40.928] [exthost] [warning] [Decorations] CAPPING events from decorations provider vscode.git 4075
[2021-07-20 08:20:46.841] [exthost] [warning] [Decorations] CAPPING events from decorations provider vscode.git 4078
[2021-07-20 08:20:52.746] [exthost] [warning] [Decorations] CAPPING events from decorations provider vscode.git 4078
[2021-07-20 08:20:58.686] [exthost] [warning] [Decorations] CAPPING events from decorations provider vscode.git 4078
[2021-07-20 08:21:04.582] [exthost] [warning] [Decorations] CAPPING events from decorations provider vscode.git 4079
[2021-07-20 08:21:10.507] [exthost] [warning] [Decorations] CAPPING events from decorations provider vscode.git 4080
[2021-07-20 08:21:16.363] [exthost] [warning] [Decorations] CAPPING events from decorations provider vscode.git 4080
[2021-07-20 08:21:22.325] [exthost] [warning] [Decorations] CAPPING events from decorations provider vscode.git 4080
[2021-07-20 08:21:28.189] [exthost] [warning] [Decorations] CAPPING events from decorations provider vscode.git 4083
[2021-07-20 08:21:34.184] [exthost] [warning] [Decorations] CAPPING events from decorations provider vscode.git 4083
[2021-07-20 08:21:40.284] [exthost] [warning] [Decorations] CAPPING events from decorations provider vscode.git 4084
[2021-07-20 08:21:46.217] [exthost] [warning] [Decorations] CAPPING events from decorations provider vscode.git 4085
[2021-07-20 08:21:52.214] [exthost] [warning] [Decorations] CAPPING events from decorations provider vscode.git 4085
[2021-07-20 08:21:58.108] [exthost] [warning] [Decorations] CAPPING events from decorations provider vscode.git 4085
[2021-07-20 08:22:04.128] [exthost] [warning] [Decorations] CAPPING events from decorations provider vscode.git 4086
[2021-07-20 08:22:10.016] [exthost] [warning] [Decorations] CAPPING events from decorations provider vscode.git 4089
[2021-07-20 08:22:15.926] [exthost] [warning] [Decorations] CAPPING events from decorations provider vscode.git 4089
[2021-07-20 08:22:21.761] [exthost] [warning] [Decorations] CAPPING events from decorations provider vscode.git 4089
[2021-07-20 08:22:27.579] [exthost] [warning] [Decorations] CAPPING events from decorations provider vscode.git 4090
[2021-07-20 08:22:33.440] [exthost] [warning] [Decorations] CAPPING events from decorations provider vscode.git 4090
[2021-07-20 08:22:39.359] [exthost] [warning] [Decorations] CAPPING events from decorations provider vscode.git 4090
[2021-07-20 08:22:45.209] [exthost] [warning] [Decorations] CAPPING events from decorations provider vscode.git 4092
[2021-07-20 08:22:51.025] [exthost] [warning] [Decorations] CAPPING events from decorations provider vscode.git 4094
[2021-07-20 08:22:56.862] [exthost] [warning] [Decorations] CAPPING events from decorations provider vscode.git 4094
[2021-07-20 08:23:02.689] [exthost] [warning] [Decorations] CAPPING events from decorations provider vscode.git 4095
[2021-07-20 08:23:08.572] [exthost] [warning] [Decorations] CAPPING events from decorations provider vscode.git 4095
[2021-07-20 08:23:14.434] [exthost] [warning] [Decorations] CAPPING events from decorations provider vscode.git 4096
[2021-07-20 08:23:20.294] [exthost] [warning] [Decorations] CAPPING events from decorations provider vscode.git 4096
[2021-07-20 08:23:26.225] [exthost] [warning] [Decorations] CAPPING events from decorations provider vscode.git 4101
[2021-07-20 08:23:32.063] [exthost] [warning] [Decorations] CAPPING events from decorations provider vscode.git 4102
[2021-07-20 08:23:37.923] [exthost] [warning] [Decorations] CAPPING events from decorations provider vscode.git 4102
[2021-07-20 08:23:43.834] [exthost] [warning] [Decorations] CAPPING events from decorations provider vscode.git 4103
[2021-07-20 08:23:49.691] [exthost] [warning] [Decorations] CAPPING events from decorations provider vscode.git 4103
[2021-07-20 08:23:55.546] [exthost] [warning] [Decorations] CAPPING events from decorations provider vscode.git 4104
[2021-07-20 08:24:01.368] [exthost] [warning] [Decorations] CAPPING events from decorations provider vscode.git 4104
[2021-07-20 08:24:07.180] [exthost] [warning] [Decorations] CAPPING events from decorations provider vscode.git 4107
[2021-07-20 08:24:13.031] [exthost] [warning] [Decorations] CAPPING events from decorations provider vscode.git 4107
[2021-07-20 08:24:18.856] [exthost] [warning] [Decorations] CAPPING events from decorations provider vscode.git 4107
[2021-07-20 08:24:24.722] [exthost] [warning] [Decorations] CAPPING events from decorations provider vscode.git 4108
[2021-07-20 08:24:30.575] [exthost] [warning] [Decorations] CAPPING events from decorations provider vscode.git 4109
[2021-07-20 08:24:36.451] [exthost] [warning] [Decorations] CAPPING events from decorations provider vscode.git 4109
[2021-07-20 08:24:42.319] [exthost] [warning] [Decorations] CAPPING events from decorations provider vscode.git 4109
[2021-07-20 08:24:48.147] [exthost] [warning] [Decorations] CAPPING events from decorations provider vscode.git 4112
[2021-07-20 08:24:54.001] [exthost] [warning] [Decorations] CAPPING events from decorations provider vscode.git 4112
[2021-07-20 08:24:59.858] [exthost] [warning] [Decorations] CAPPING events from decorations provider vscode.git 4113
[2021-07-20 08:25:05.700] [exthost] [warning] [Decorations] CAPPING events from decorations provider vscode.git 4114
[2021-07-20 08:25:15.750] [exthost] [warning] [Decorations] CAPPING events from decorations provider vscode.git 4114
[2021-07-20 08:25:21.583] [exthost] [warning] [Decorations] CAPPING events from decorations provider vscode.git 4114
[2021-07-20 08:25:27.441] [exthost] [warning] [Decorations] CAPPING events from decorations provider vscode.git 4118
[2021-07-20 08:25:33.248] [exthost] [warning] [Decorations] CAPPING events from decorations provider vscode.git 4118
[2021-07-20 08:25:39.072] [exthost] [warning] [Decorations] CAPPING events from decorations provider vscode.git 4118
[2021-07-20 08:25:44.931] [exthost] [warning] [Decorations] CAPPING events from decorations provider vscode.git 4119
[2021-07-20 08:25:50.780] [exthost] [warning] [Decorations] CAPPING events from decorations provider vscode.git 4119
[2021-07-20 08:25:56.618] [exthost] [warning] [Decorations] CAPPING events from decorations provider vscode.git 4119
[2021-07-20 08:26:02.468] [exthost] [warning] [Decorations] CAPPING events from decorations provider vscode.git 4120
[2021-07-20 08:26:08.315] [exthost] [warning] [Decorations] CAPPING events from decorations provider vscode.git 4123
[2021-07-20 08:26:14.121] [exthost] [warning] [Decorations] CAPPING events from decorations provider vscode.git 4123
[2021-07-20 08:26:19.953] [exthost] [warning] [Decorations] CAPPING events from decorations provider vscode.git 4123
[2021-07-20 08:26:25.795] [exthost] [warning] [Decorations] CAPPING events from decorations provider vscode.git 4124
[2021-07-20 08:26:31.648] [exthost] [warning] [Decorations] CAPPING events from decorations provider vscode.git 4125
[2021-07-20 08:26:37.453] [exthost] [warning] [Decorations] CAPPING events from decorations provider vscode.git 4125
[2021-07-20 08:26:43.283] [exthost] [warning] [Decorations] CAPPING events from decorations provider vscode.git 4125
[2021-07-20 08:26:49.123] [exthost] [warning] [Decorations] CAPPING events from decorations provider vscode.git 4128
[2021-07-20 08:26:54.978] [exthost] [warning] [Decorations] CAPPING events from decorations provider vscode.git 4128
[2021-07-20 08:27:00.837] [exthost] [warning] [Decorations] CAPPING events from decorations provider vscode.git 4129
[2021-07-20 08:27:06.631] [exthost] [warning] [Decorations] CAPPING events from decorations provider vscode.git 4130
[2021-07-20 08:27:12.463] [exthost] [warning] [Decorations] CAPPING events from decorations provider vscode.git 4130
[2021-07-20 08:27:18.365] [exthost] [warning] [Decorations] CAPPING events from decorations provider vscode.git 4130
[2021-07-20 08:27:24.296] [exthost] [warning] [Decorations] CAPPING events from decorations provider vscode.git 4131
[2021-07-20 08:27:30.157] [exthost] [warning] [Decorations] CAPPING events from decorations provider vscode.git 4133
[2021-07-20 08:27:36.020] [exthost] [warning] [Decorations] CAPPING events from decorations provider vscode.git 4134
[2021-07-20 08:27:41.898] [exthost] [warning] [Decorations] CAPPING events from decorations provider vscode.git 4134
[2021-07-20 08:27:47.894] [exthost] [warning] [Decorations] CAPPING events from decorations provider vscode.git 4135
[2021-07-20 08:27:53.768] [exthost] [warning] [Decorations] CAPPING events from decorations provider vscode.git 4135
[2021-07-20 08:27:59.610] [exthost] [warning] [Decorations] CAPPING events from decorations provider vscode.git 4135
[2021-07-20 08:28:05.440] [exthost] [warning] [Decorations] CAPPING events from decorations provider vscode.git 4137
[2021-07-20 08:28:11.265] [exthost] [warning] [Decorations] CAPPING events from decorations provider vscode.git 4139
[2021-07-20 08:28:17.089] [exthost] [warning] [Decorations] CAPPING events from decorations provider vscode.git 4139
[2021-07-20 08:28:22.906] [exthost] [warning] [Decorations] CAPPING events from decorations provider vscode.git 4139
[2021-07-20 08:28:28.764] [exthost] [warning] [Decorations] CAPPING events from decorations provider vscode.git 4140
[2021-07-20 08:28:34.653] [exthost] [warning] [Decorations] CAPPING events from decorations provider vscode.git 4141
[2021-07-20 08:28:40.527] [exthost] [warning] [Decorations] CAPPING events from decorations provider vscode.git 4141
[2021-07-20 08:28:46.406] [exthost] [warning] [Decorations] CAPPING events from decorations provider vscode.git 4143
[2021-07-20 08:28:52.249] [exthost] [warning] [Decorations] CAPPING events from decorations provider vscode.git 4144
[2021-07-20 08:28:58.071] [exthost] [warning] [Decorations] CAPPING events from decorations provider vscode.git 4144
[2021-07-20 08:29:03.930] [exthost] [warning] [Decorations] CAPPING events from decorations provider vscode.git 4145
[2021-07-20 08:29:09.791] [exthost] [warning] [Decorations] CAPPING events from decorations provider vscode.git 4146
[2021-07-20 08:29:15.639] [exthost] [warning] [Decorations] CAPPING events from decorations provider vscode.git 4146
[2021-07-20 08:29:21.530] [exthost] [warning] [Decorations] CAPPING events from decorations provider vscode.git 4146
[2021-07-20 08:29:27.479] [exthost] [warning] [Decorations] CAPPING events from decorations provider vscode.git 4149
[2021-07-20 08:29:33.330] [exthost] [warning] [Decorations] CAPPING events from decorations provider vscode.git 4149
[2021-07-20 08:29:39.156] [exthost] [warning] [Decorations] CAPPING events from decorations provider vscode.git 4150
[2021-07-20 08:29:45.012] [exthost] [warning] [Decorations] CAPPING events from decorations provider vscode.git 4151
[2021-07-20 08:29:50.868] [exthost] [warning] [Decorations] CAPPING events from decorations provider vscode.git 4151
[2021-07-20 08:29:56.719] [exthost] [warning] [Decorations] CAPPING events from decorations provider vscode.git 4151
[2021-07-20 08:30:02.576] [exthost] [warning] [Decorations] CAPPING events from decorations provider vscode.git 4151
[2021-07-20 08:30:08.445] [exthost] [warning] [Decorations] CAPPING events from decorations provider vscode.git 4155
[2021-07-20 08:30:14.253] [exthost] [warning] [Decorations] CAPPING events from decorations provider vscode.git 4155
[2021-07-20 08:30:20.081] [exthost] [warning] [Decorations] CAPPING events from decorations provider vscode.git 4155
[2021-07-20 08:30:26.029] [exthost] [warning] [Decorations] CAPPING events from decorations provider vscode.git 4156
[2021-07-20 08:30:33.379] [exthost] [warning] [Decorations] CAPPING events from decorations provider vscode.git 4156
[2021-07-20 08:30:39.200] [exthost] [warning] [Decorations] CAPPING events from decorations provider vscode.git 4157
[2021-07-20 08:30:45.049] [exthost] [warning] [Decorations] CAPPING events from decorations provider vscode.git 4158
[2021-07-20 08:30:50.870] [exthost] [warning] [Decorations] CAPPING events from decorations provider vscode.git 4160
[2021-07-20 08:30:56.761] [exthost] [warning] [Decorations] CAPPING events from decorations provider vscode.git 4160
[2021-07-20 08:31:02.603] [exthost] [warning] [Decorations] CAPPING events from decorations provider vscode.git 4160
[2021-07-20 08:31:08.432] [exthost] [warning] [Decorations] CAPPING events from decorations provider vscode.git 4162
[2021-07-20 08:31:14.294] [exthost] [warning] [Decorations] CAPPING events from decorations provider vscode.git 4162
[2021-07-20 08:31:20.121] [exthost] [warning] [Decorations] CAPPING events from decorations provider vscode.git 4162
[2021-07-20 08:31:25.971] [exthost] [warning] [Decorations] CAPPING events from decorations provider vscode.git 4163
[2021-07-20 08:31:31.840] [exthost] [warning] [Decorations] CAPPING events from decorations provider vscode.git 4165
[2021-07-20 08:31:37.674] [exthost] [warning] [Decorations] CAPPING events from decorations provider vscode.git 4165
[2021-07-20 08:31:43.518] [exthost] [warning] [Decorations] CAPPING events from decorations provider vscode.git 4167
[2021-07-20 08:31:49.357] [exthost] [warning] [Decorations] CAPPING events from decorations provider vscode.git 4167
[2021-07-20 08:31:55.201] [exthost] [warning] [Decorations] CAPPING events from decorations provider vscode.git 4167
[2021-07-20 08:32:01.060] [exthost] [warning] [Decorations] CAPPING events from decorations provider vscode.git 4167
[2021-07-20 08:32:06.885] [exthost] [warning] [Decorations] CAPPING events from decorations provider vscode.git 4168
[2021-07-20 08:32:12.712] [exthost] [warning] [Decorations] CAPPING events from decorations provider vscode.git 4171
[2021-07-20 08:32:18.572] [exthost] [warning] [Decorations] CAPPING events from decorations provider vscode.git 4171
[2021-07-20 08:32:24.474] [exthost] [warning] [Decorations] CAPPING events from decorations provider vscode.git 4172
[2021-07-20 08:32:30.368] [exthost] [warning] [Decorations] CAPPING events from decorations provider vscode.git 4172
[2021-07-20 08:32:36.240] [exthost] [warning] [Decorations] CAPPING events from decorations provider vscode.git 4172
[2021-07-20 08:32:42.118] [exthost] [warning] [Decorations] CAPPING events from decorations provider vscode.git 4173
[2021-07-20 08:32:47.959] [exthost] [warning] [Decorations] CAPPING events from decorations provider vscode.git 4174
[2021-07-20 08:32:53.823] [exthost] [warning] [Decorations] CAPPING events from decorations provider vscode.git 4176
[2021-07-20 08:32:59.678] [exthost] [warning] [Decorations] CAPPING events from decorations provider vscode.git 4176
[2021-07-20 08:33:05.535] [exthost] [warning] [Decorations] CAPPING events from decorations provider vscode.git 4177
[2021-07-20 08:33:11.383] [exthost] [warning] [Decorations] CAPPING events from decorations provider vscode.git 4177
[2021-07-20 08:33:17.224] [exthost] [warning] [Decorations] CAPPING events from decorations provider vscode.git 4178
[2021-07-20 08:33:23.068] [exthost] [warning] [Decorations] CAPPING events from decorations provider vscode.git 4178
[2021-07-20 08:34:28.544] [exthost] [warning] [Decorations] CAPPING events from decorations provider vscode.git 4191
[2021-07-20 08:34:34.401] [exthost] [warning] [Decorations] CAPPING events from decorations provider vscode.git 4191
[2021-07-20 08:34:40.277] [exthost] [warning] [Decorations] CAPPING events from decorations provider vscode.git 4191
[2021-07-20 08:34:46.120] [exthost] [warning] [Decorations] CAPPING events from decorations provider vscode.git 4194
[2021-07-20 08:34:51.992] [exthost] [warning] [Decorations] CAPPING events from decorations provider vscode.git 4194
[2021-07-20 08:34:57.847] [exthost] [warning] [Decorations] CAPPING events from decorations provider vscode.git 4195
[2021-07-20 08:35:03.704] [exthost] [warning] [Decorations] CAPPING events from decorations provider vscode.git 4195
[2021-07-20 08:35:09.527] [exthost] [warning] [Decorations] CAPPING events from decorations provider vscode.git 4196
[2021-07-20 08:35:15.417] [exthost] [warning] [Decorations] CAPPING events from decorations provider vscode.git 4196
[2021-07-20 08:35:21.261] [exthost] [warning] [Decorations] CAPPING events from decorations provider vscode.git 4196
[2021-07-20 08:35:27.146] [exthost] [warning] [Decorations] CAPPING events from decorations provider vscode.git 4200
[2021-07-20 08:35:33.038] [exthost] [warning] [Decorations] CAPPING events from decorations provider vscode.git 4200
[2021-07-20 08:35:38.953] [exthost] [warning] [Decorations] CAPPING events from decorations provider vscode.git 4200
[2021-07-20 08:35:44.830] [exthost] [warning] [Decorations] CAPPING events from decorations provider vscode.git 4201
[2021-07-20 08:35:50.728] [exthost] [warning] [Decorations] CAPPING events from decorations provider vscode.git 4201
[2021-07-20 08:35:56.612] [exthost] [warning] [Decorations] CAPPING events from decorations provider vscode.git 4201
[2021-07-20 08:36:02.444] [exthost] [warning] [Decorations] CAPPING events from decorations provider vscode.git 4202
[2021-07-20 08:36:08.332] [exthost] [warning] [Decorations] CAPPING events from decorations provider vscode.git 4205
[2021-07-20 08:36:14.156] [exthost] [warning] [Decorations] CAPPING events from decorations provider vscode.git 4205
[2021-07-20 08:36:19.973] [exthost] [warning] [Decorations] CAPPING events from decorations provider vscode.git 4205
[2021-07-20 08:36:25.878] [exthost] [warning] [Decorations] CAPPING events from decorations provider vscode.git 4206
[2021-07-20 08:36:31.728] [exthost] [warning] [Decorations] CAPPING events from decorations provider vscode.git 4207
[2021-07-20 08:36:37.615] [exthost] [warning] [Decorations] CAPPING events from decorations provider vscode.git 4207
[2021-07-20 08:36:43.446] [exthost] [warning] [Decorations] CAPPING events from decorations provider vscode.git 4207
[2021-07-20 08:36:49.279] [exthost] [warning] [Decorations] CAPPING events from decorations provider vscode.git 4210
[2021-07-20 08:36:55.137] [exthost] [warning] [Decorations] CAPPING events from decorations provider vscode.git 4210
[2021-07-20 08:37:00.999] [exthost] [warning] [Decorations] CAPPING events from decorations provider vscode.git 4211
[2021-07-20 08:37:06.857] [exthost] [warning] [Decorations] CAPPING events from decorations provider vscode.git 4212
[2021-07-20 08:37:12.711] [exthost] [warning] [Decorations] CAPPING events from decorations provider vscode.git 4212
[2021-07-20 08:37:18.530] [exthost] [warning] [Decorations] CAPPING events from decorations provider vscode.git 4212
[2021-07-20 08:37:24.545] [exthost] [warning] [Decorations] CAPPING events from decorations provider vscode.git 4213
[2021-07-20 08:38:03.323] [exthost] [warning] [Decorations] CAPPING events from decorations provider vscode.git 4218
[2021-07-20 08:38:09.171] [exthost] [warning] [Decorations] CAPPING events from decorations provider vscode.git 4221
[2021-07-20 08:38:15.057] [exthost] [warning] [Decorations] CAPPING events from decorations provider vscode.git 4221
[2021-07-20 08:38:20.884] [exthost] [warning] [Decorations] CAPPING events from decorations provider vscode.git 4221
[2021-07-20 08:38:26.704] [exthost] [warning] [Decorations] CAPPING events from decorations provider vscode.git 4222
[2021-07-20 08:38:32.512] [exthost] [warning] [Decorations] CAPPING events from decorations provider vscode.git 4222
[2021-07-20 08:38:38.396] [exthost] [warning] [Decorations] CAPPING events from decorations provider vscode.git 4223
[2021-07-20 08:38:44.258] [exthost] [warning] [Decorations] CAPPING events from decorations provider vscode.git 4223
[2021-07-20 08:38:50.080] [exthost] [warning] [Decorations] CAPPING events from decorations provider vscode.git 4226
[2021-07-20 08:38:55.921] [exthost] [warning] [Decorations] CAPPING events from decorations provider vscode.git 4226
[2021-07-20 08:39:01.784] [exthost] [warning] [Decorations] CAPPING events from decorations provider vscode.git 4226
[2021-07-20 08:39:07.621] [exthost] [warning] [Decorations] CAPPING events from decorations provider vscode.git 4228
[2021-07-20 08:39:13.479] [exthost] [warning] [Decorations] CAPPING events from decorations provider vscode.git 4228
[2021-07-20 08:39:19.315] [exthost] [warning] [Decorations] CAPPING events from decorations provider vscode.git 4228
[2021-07-20 08:39:25.204] [exthost] [warning] [Decorations] CAPPING events from decorations provider vscode.git 4229
[2021-07-20 08:39:31.043] [exthost] [warning] [Decorations] CAPPING events from decorations provider vscode.git 4231
[2021-07-20 08:39:36.931] [exthost] [warning] [Decorations] CAPPING events from decorations provider vscode.git 4232
[2021-07-20 08:39:42.779] [exthost] [warning] [Decorations] CAPPING events from decorations provider vscode.git 4232
[2021-07-20 08:39:48.638] [exthost] [warning] [Decorations] CAPPING events from decorations provider vscode.git 4233
[2021-07-20 08:39:54.463] [exthost] [warning] [Decorations] CAPPING events from decorations provider vscode.git 4233
[2021-07-20 08:40:00.293] [exthost] [warning] [Decorations] CAPPING events from decorations provider vscode.git 4233
[2021-07-20 08:40:06.242] [exthost] [warning] [Decorations] CAPPING events from decorations provider vscode.git 4235
[2021-07-20 08:40:12.194] [exthost] [warning] [Decorations] CAPPING events from decorations provider vscode.git 4237
[2021-07-20 08:40:18.051] [exthost] [warning] [Decorations] CAPPING events from decorations provider vscode.git 4237
[2021-07-20 08:40:23.897] [exthost] [warning] [Decorations] CAPPING events from decorations provider vscode.git 4237
[2021-07-20 08:40:29.747] [exthost] [warning] [Decorations] CAPPING events from decorations provider vscode.git 4238
[2021-07-20 08:40:35.628] [exthost] [warning] [Decorations] CAPPING events from decorations provider vscode.git 4238
[2021-07-20 08:40:41.541] [exthost] [warning] [Decorations] CAPPING events from decorations provider vscode.git 4239
[2021-07-20 08:40:47.397] [exthost] [warning] [Decorations] CAPPING events from decorations provider vscode.git 4240
[2021-07-20 08:40:53.230] [exthost] [warning] [Decorations] CAPPING events from decorations provider vscode.git 4242
[2021-07-20 08:43:14.861] [exthost] [warning] [Decorations] CAPPING events from decorations provider vscode.git 4260
[2021-07-20 08:43:20.707] [exthost] [warning] [Decorations] CAPPING events from decorations provider vscode.git 4260
[2021-07-20 08:43:26.519] [exthost] [warning] [Decorations] CAPPING events from decorations provider vscode.git 4265
[2021-07-20 08:43:32.364] [exthost] [warning] [Decorations] CAPPING events from decorations provider vscode.git 4266
[2021-07-20 08:43:38.177] [exthost] [warning] [Decorations] CAPPING events from decorations provider vscode.git 4266
[2021-07-20 08:43:44.356] [exthost] [warning] [Decorations] CAPPING events from decorations provider vscode.git 4266
[2021-07-20 08:43:50.186] [exthost] [warning] [Decorations] CAPPING events from decorations provider vscode.git 4267
[2021-07-20 08:43:55.988] [exthost] [warning] [Decorations] CAPPING events from decorations provider vscode.git 4268
[2021-07-20 08:44:01.777] [exthost] [warning] [Decorations] CAPPING events from decorations provider vscode.git 4268
[2021-07-20 08:44:07.626] [exthost] [warning] [Decorations] CAPPING events from decorations provider vscode.git 4271
[2021-07-20 08:44:13.471] [exthost] [warning] [Decorations] CAPPING events from decorations provider vscode.git 4271
[2021-07-20 08:44:19.279] [exthost] [warning] [Decorations] CAPPING events from decorations provider vscode.git 4271
[2021-07-20 08:44:25.148] [exthost] [warning] [Decorations] CAPPING events from decorations provider vscode.git 4272
[2021-07-20 08:44:30.973] [exthost] [warning] [Decorations] CAPPING events from decorations provider vscode.git 4273
[2021-07-20 08:44:36.814] [exthost] [warning] [Decorations] CAPPING events from decorations provider vscode.git 4273
[2021-07-20 08:44:42.662] [exthost] [warning] [Decorations] CAPPING events from decorations provider vscode.git 4273
[2021-07-20 08:44:48.490] [exthost] [warning] [Decorations] CAPPING events from decorations provider vscode.git 4276
[2021-07-20 08:44:54.440] [exthost] [warning] [Decorations] CAPPING events from decorations provider vscode.git 4276
[2021-07-20 08:45:00.230] [exthost] [warning] [Decorations] CAPPING events from decorations provider vscode.git 4277
[2021-07-20 08:45:06.039] [exthost] [warning] [Decorations] CAPPING events from decorations provider vscode.git 4278
[2021-07-20 08:45:11.835] [exthost] [warning] [Decorations] CAPPING events from decorations provider vscode.git 4278
[2021-07-20 08:45:17.721] [exthost] [warning] [Decorations] CAPPING events from decorations provider vscode.git 4278
[2021-07-20 08:45:23.565] [exthost] [warning] [Decorations] CAPPING events from decorations provider vscode.git 4278
[2021-07-20 08:45:29.397] [exthost] [warning] [Decorations] CAPPING events from decorations provider vscode.git 4282
[2021-07-20 08:45:35.186] [exthost] [warning] [Decorations] CAPPING events from decorations provider vscode.git 4282
[2021-07-20 08:45:41.008] [exthost] [warning] [Decorations] CAPPING events from decorations provider vscode.git 4282
[2021-07-20 08:45:46.805] [exthost] [warning] [Decorations] CAPPING events from decorations provider vscode.git 4283
[2021-07-20 08:45:52.612] [exthost] [warning] [Decorations] CAPPING events from decorations provider vscode.git 4283
[2021-07-20 08:45:58.406] [exthost] [warning] [Decorations] CAPPING events from decorations provider vscode.git 4283
[2021-07-20 08:46:04.199] [exthost] [warning] [Decorations] CAPPING events from decorations provider vscode.git 4284
[2021-07-20 08:46:10.018] [exthost] [warning] [Decorations] CAPPING events from decorations provider vscode.git 4287
[2021-07-20 08:46:15.811] [exthost] [warning] [Decorations] CAPPING events from decorations provider vscode.git 4287
[2021-07-20 08:46:21.591] [exthost] [warning] [Decorations] CAPPING events from decorations provider vscode.git 4287
[2021-07-20 08:46:27.384] [exthost] [warning] [Decorations] CAPPING events from decorations provider vscode.git 4288
[2021-07-20 08:46:33.173] [exthost] [warning] [Decorations] CAPPING events from decorations provider vscode.git 4289
[2021-07-20 08:46:38.996] [exthost] [warning] [Decorations] CAPPING events from decorations provider vscode.git 4289
[2021-07-20 08:46:44.854] [exthost] [warning] [Decorations] CAPPING events from decorations provider vscode.git 4289
[2021-07-20 08:46:50.646] [exthost] [warning] [Decorations] CAPPING events from decorations provider vscode.git 4292
[2021-07-20 08:46:56.445] [exthost] [warning] [Decorations] CAPPING events from decorations provider vscode.git 4292
[2021-07-20 08:47:02.243] [exthost] [warning] [Decorations] CAPPING events from decorations provider vscode.git 4293
[2021-07-20 08:47:08.054] [exthost] [warning] [Decorations] CAPPING events from decorations provider vscode.git 4294
[2021-07-20 08:47:13.845] [exthost] [warning] [Decorations] CAPPING events from decorations provider vscode.git 4294
[2021-07-20 08:47:19.617] [exthost] [warning] [Decorations] CAPPING events from decorations provider vscode.git 4294
[2021-07-20 08:47:25.430] [exthost] [warning] [Decorations] CAPPING events from decorations provider vscode.git 4295
[2021-07-20 08:47:31.264] [exthost] [warning] [Decorations] CAPPING events from decorations provider vscode.git 4297
[2021-07-20 08:47:37.072] [exthost] [warning] [Decorations] CAPPING events from decorations provider vscode.git 4298
[2021-07-20 08:47:42.906] [exthost] [warning] [Decorations] CAPPING events from decorations provider vscode.git 4298
[2021-07-20 08:47:48.682] [exthost] [warning] [Decorations] CAPPING events from decorations provider vscode.git 4299
[2021-07-20 08:47:54.456] [exthost] [warning] [Decorations] CAPPING events from decorations provider vscode.git 4299
[2021-07-20 08:48:00.235] [exthost] [warning] [Decorations] CAPPING events from decorations provider vscode.git 4299
[2021-07-20 08:48:06.022] [exthost] [warning] [Decorations] CAPPING events from decorations provider vscode.git 4301
[2021-07-20 08:48:11.815] [exthost] [warning] [Decorations] CAPPING events from decorations provider vscode.git 4303
[2021-07-20 08:48:17.633] [exthost] [warning] [Decorations] CAPPING events from decorations provider vscode.git 4303
[2021-07-20 08:49:06.484] [exthost] [warning] [Decorations] CAPPING events from decorations provider vscode.git 4310
[2021-07-20 08:49:12.287] [exthost] [warning] [Decorations] CAPPING events from decorations provider vscode.git 4310
[2021-07-20 08:49:18.087] [exthost] [warning] [Decorations] CAPPING events from decorations provider vscode.git 4310
[2021-07-20 08:49:27.886] [exthost] [warning] [Decorations] CAPPING events from decorations provider vscode.git 4312
[2021-07-20 08:49:33.728] [exthost] [warning] [Decorations] CAPPING events from decorations provider vscode.git 4313
[2021-07-20 08:49:39.569] [exthost] [warning] [Decorations] CAPPING events from decorations provider vscode.git 4314
[2021-07-20 08:49:45.414] [exthost] [warning] [Decorations] CAPPING events from decorations provider vscode.git 4315
[2021-07-20 08:49:51.225] [exthost] [warning] [Decorations] CAPPING events from decorations provider vscode.git 4315
[2021-07-20 08:49:57.021] [exthost] [warning] [Decorations] CAPPING events from decorations provider vscode.git 4315
[2021-07-20 08:50:02.849] [exthost] [warning] [Decorations] CAPPING events from decorations provider vscode.git 4315
[2021-07-20 08:50:08.633] [exthost] [warning] [Decorations] CAPPING events from decorations provider vscode.git 4319
[2021-07-20 08:50:14.489] [exthost] [warning] [Decorations] CAPPING events from decorations provider vscode.git 4319
[2021-07-20 08:50:20.312] [exthost] [warning] [Decorations] CAPPING events from decorations provider vscode.git 4319
[2021-07-20 08:50:26.187] [exthost] [warning] [Decorations] CAPPING events from decorations provider vscode.git 4320
[2021-07-20 08:50:31.991] [exthost] [warning] [Decorations] CAPPING events from decorations provider vscode.git 4320
[2021-07-20 08:50:37.805] [exthost] [warning] [Decorations] CAPPING events from decorations provider vscode.git 4320
[2021-07-20 08:50:43.615] [exthost] [warning] [Decorations] CAPPING events from decorations provider vscode.git 4321
[2021-07-20 08:50:49.508] [exthost] [warning] [Decorations] CAPPING events from decorations provider vscode.git 4324
[2021-07-20 08:50:55.414] [exthost] [warning] [Decorations] CAPPING events from decorations provider vscode.git 4324
[2021-07-20 08:51:01.217] [exthost] [warning] [Decorations] CAPPING events from decorations provider vscode.git 4324
[2021-07-20 08:51:07.002] [exthost] [warning] [Decorations] CAPPING events from decorations provider vscode.git 4325
[2021-07-20 08:51:12.789] [exthost] [warning] [Decorations] CAPPING events from decorations provider vscode.git 4326
[2021-07-20 08:51:18.563] [exthost] [warning] [Decorations] CAPPING events from decorations provider vscode.git 4326
[2021-07-20 08:51:24.339] [exthost] [warning] [Decorations] CAPPING events from decorations provider vscode.git 4326
[2021-07-20 08:51:30.151] [exthost] [warning] [Decorations] CAPPING events from decorations provider vscode.git 4329
[2021-07-20 08:51:35.952] [exthost] [warning] [Decorations] CAPPING events from decorations provider vscode.git 4329
[2021-07-20 08:51:41.735] [exthost] [warning] [Decorations] CAPPING events from decorations provider vscode.git 4330
[2021-07-20 08:51:47.534] [exthost] [warning] [Decorations] CAPPING events from decorations provider vscode.git 4331
[2021-07-20 08:51:53.330] [exthost] [warning] [Decorations] CAPPING events from decorations provider vscode.git 4331
[2021-07-20 08:51:59.204] [exthost] [warning] [Decorations] CAPPING events from decorations provider vscode.git 4331
[2021-07-20 08:52:05.043] [exthost] [warning] [Decorations] CAPPING events from decorations provider vscode.git 4331
[2021-07-20 08:52:10.860] [exthost] [warning] [Decorations] CAPPING events from decorations provider vscode.git 4334
[2021-07-20 08:52:16.660] [exthost] [warning] [Decorations] CAPPING events from decorations provider vscode.git 4335
[2021-07-20 08:52:22.497] [exthost] [warning] [Decorations] CAPPING events from decorations provider vscode.git 4335
[2021-07-20 08:52:28.341] [exthost] [warning] [Decorations] CAPPING events from decorations provider vscode.git 4336
[2021-07-20 08:52:34.256] [exthost] [warning] [Decorations] CAPPING events from decorations provider vscode.git 4336
[2021-07-20 08:52:40.189] [exthost] [warning] [Decorations] CAPPING events from decorations provider vscode.git 4336
[2021-07-20 08:52:46.000] [exthost] [warning] [Decorations] CAPPING events from decorations provider vscode.git 4338
[2021-07-20 08:52:51.796] [exthost] [warning] [Decorations] CAPPING events from decorations provider vscode.git 4340
[2021-07-20 08:52:57.573] [exthost] [warning] [Decorations] CAPPING events from decorations provider vscode.git 4340
[2021-07-20 08:53:03.361] [exthost] [warning] [Decorations] CAPPING events from decorations provider vscode.git 4340
[2021-07-20 08:53:09.144] [exthost] [warning] [Decorations] CAPPING events from decorations provider vscode.git 4341
[2021-07-20 08:53:14.930] [exthost] [warning] [Decorations] CAPPING events from decorations provider vscode.git 4342
[2021-07-20 08:53:20.725] [exthost] [warning] [Decorations] CAPPING events from decorations provider vscode.git 4342
[2021-07-20 08:53:26.542] [exthost] [warning] [Decorations] CAPPING events from decorations provider vscode.git 4347
[2021-07-20 08:53:32.346] [exthost] [warning] [Decorations] CAPPING events from decorations provider vscode.git 4348
[2021-07-20 08:53:38.166] [exthost] [warning] [Decorations] CAPPING events from decorations provider vscode.git 4348
[2021-07-20 08:53:43.969] [exthost] [warning] [Decorations] CAPPING events from decorations provider vscode.git 4348
[2021-07-20 08:53:49.766] [exthost] [warning] [Decorations] CAPPING events from decorations provider vscode.git 4349
[2021-07-20 08:53:55.580] [exthost] [warning] [Decorations] CAPPING events from decorations provider vscode.git 4349
[2021-07-20 08:54:01.383] [exthost] [warning] [Decorations] CAPPING events from decorations provider vscode.git 4350
[2021-07-20 08:54:07.168] [exthost] [warning] [Decorations] CAPPING events from decorations provider vscode.git 4353
[2021-07-20 08:54:12.947] [exthost] [warning] [Decorations] CAPPING events from decorations provider vscode.git 4353
[2021-07-20 08:54:18.742] [exthost] [warning] [Decorations] CAPPING events from decorations provider vscode.git 4353
[2021-07-20 08:54:24.528] [exthost] [warning] [Decorations] CAPPING events from decorations provider vscode.git 4353
[2021-07-20 08:54:30.335] [exthost] [warning] [Decorations] CAPPING events from decorations provider vscode.git 4355
[2021-07-20 08:54:36.142] [exthost] [warning] [Decorations] CAPPING events from decorations provider vscode.git 4355
[2021-07-20 08:54:41.951] [exthost] [warning] [Decorations] CAPPING events from decorations provider vscode.git 4355
[2021-07-20 08:54:47.897] [exthost] [warning] [Decorations] CAPPING events from decorations provider vscode.git 4358
[2021-07-20 08:55:38.191] [exthost] [warning] [Decorations] CAPPING events from decorations provider vscode.git 4364
[2021-07-20 08:55:43.959] [exthost] [warning] [Decorations] CAPPING events from decorations provider vscode.git 4364
[2021-07-20 08:55:49.802] [exthost] [warning] [Decorations] CAPPING events from decorations provider vscode.git 4365
[2021-07-20 08:55:55.654] [exthost] [warning] [Decorations] CAPPING events from decorations provider vscode.git 4365
[2021-07-20 08:56:01.438] [exthost] [warning] [Decorations] CAPPING events from decorations provider vscode.git 4366
[2021-07-20 08:56:07.273] [exthost] [warning] [Decorations] CAPPING events from decorations provider vscode.git 4368
[2021-07-20 08:56:13.048] [exthost] [warning] [Decorations] CAPPING events from decorations provider vscode.git 4369
[2021-07-20 08:56:18.983] [exthost] [warning] [Decorations] CAPPING events from decorations provider vscode.git 4369
[2021-07-20 08:56:24.761] [exthost] [warning] [Decorations] CAPPING events from decorations provider vscode.git 4369
[2021-07-20 08:56:30.543] [exthost] [warning] [Decorations] CAPPING events from decorations provider vscode.git 4370
[2021-07-20 08:56:36.364] [exthost] [warning] [Decorations] CAPPING events from decorations provider vscode.git 4371
[2021-07-20 08:56:42.219] [exthost] [warning] [Decorations] CAPPING events from decorations provider vscode.git 4371
[2021-07-20 08:56:48.028] [exthost] [warning] [Decorations] CAPPING events from decorations provider vscode.git 4374
[2021-07-20 08:56:53.838] [exthost] [warning] [Decorations] CAPPING events from decorations provider vscode.git 4374
[2021-07-20 08:56:59.693] [exthost] [warning] [Decorations] CAPPING events from decorations provider vscode.git 4374
[2021-07-20 08:57:05.526] [exthost] [warning] [Decorations] CAPPING events from decorations provider vscode.git 4375
[2021-07-20 08:57:11.365] [exthost] [warning] [Decorations] CAPPING events from decorations provider vscode.git 4376
[2021-07-20 08:57:17.237] [exthost] [warning] [Decorations] CAPPING events from decorations provider vscode.git 4376
[2021-07-20 08:57:23.093] [exthost] [warning] [Decorations] CAPPING events from decorations provider vscode.git 4376
[2021-07-20 08:57:28.935] [exthost] [warning] [Decorations] CAPPING events from decorations provider vscode.git 4379
[2021-07-20 08:57:34.746] [exthost] [warning] [Decorations] CAPPING events from decorations provider vscode.git 4380
[2021-07-20 08:57:40.585] [exthost] [warning] [Decorations] CAPPING events from decorations provider vscode.git 4380
[2021-07-20 08:57:46.427] [exthost] [warning] [Decorations] CAPPING events from decorations provider vscode.git 4381
[2021-07-20 08:57:52.288] [exthost] [warning] [Decorations] CAPPING events from decorations provider vscode.git 4381
[2021-07-20 08:57:58.105] [exthost] [warning] [Decorations] CAPPING events from decorations provider vscode.git 4381
[2021-07-20 08:58:03.942] [exthost] [warning] [Decorations] CAPPING events from decorations provider vscode.git 4381
[2021-07-20 08:58:09.746] [exthost] [warning] [Decorations] CAPPING events from decorations provider vscode.git 4385
[2021-07-20 08:58:15.599] [exthost] [warning] [Decorations] CAPPING events from decorations provider vscode.git 4385
[2021-07-20 08:58:21.439] [exthost] [warning] [Decorations] CAPPING events from decorations provider vscode.git 4385
[2021-07-20 08:58:27.241] [exthost] [warning] [Decorations] CAPPING events from decorations provider vscode.git 4386
[2021-07-20 08:58:33.025] [exthost] [warning] [Decorations] CAPPING events from decorations provider vscode.git 4386
[2021-07-20 08:58:38.874] [exthost] [warning] [Decorations] CAPPING events from decorations provider vscode.git 4387
[2021-07-20 08:58:44.688] [exthost] [warning] [Decorations] CAPPING events from decorations provider vscode.git 4387
[2021-07-20 08:58:50.519] [exthost] [warning] [Decorations] CAPPING events from decorations provider vscode.git 4390
[2021-07-20 08:59:55.667] [exthost] [warning] [Decorations] CAPPING events from decorations provider vscode.git 4397
[2021-07-20 09:00:01.475] [exthost] [warning] [Decorations] CAPPING events from decorations provider vscode.git 4397
[2021-07-20 09:00:07.274] [exthost] [warning] [Decorations] CAPPING events from decorations provider vscode.git 4398
[2021-07-20 09:00:13.051] [exthost] [warning] [Decorations] CAPPING events from decorations provider vscode.git 4401
[2021-07-20 09:00:18.848] [exthost] [warning] [Decorations] CAPPING events from decorations provider vscode.git 4401
[2021-07-20 09:00:24.749] [exthost] [warning] [Decorations] CAPPING events from decorations provider vscode.git 4401
[2021-07-20 09:00:30.677] [exthost] [warning] [Decorations] CAPPING events from decorations provider vscode.git 4402
[2021-07-20 09:00:36.548] [exthost] [warning] [Decorations] CAPPING events from decorations provider vscode.git 4402
[2021-07-20 09:00:44.462] [exthost] [warning] [Decorations] CAPPING events from decorations provider vscode.git 4403
[2021-07-20 09:01:24.231] [exthost] [warning] [Decorations] CAPPING events from decorations provider vscode.git 4408
[2021-07-20 09:03:07.746] [exthost] [warning] [Decorations] CAPPING events from decorations provider vscode.git 4423
[2021-07-20 09:03:13.583] [exthost] [warning] [Decorations] CAPPING events from decorations provider vscode.git 4423
[2021-07-20 09:03:19.431] [exthost] [warning] [Decorations] CAPPING events from decorations provider vscode.git 4424
[2021-07-20 09:03:25.234] [exthost] [warning] [Decorations] CAPPING events from decorations provider vscode.git 4424
[2021-07-20 09:03:31.060] [exthost] [warning] [Decorations] CAPPING events from decorations provider vscode.git 4429
[2021-07-20 09:03:36.899] [exthost] [warning] [Decorations] CAPPING events from decorations provider vscode.git 4430
[2021-07-20 09:03:42.696] [exthost] [warning] [Decorations] CAPPING events from decorations provider vscode.git 4430
[2021-07-20 09:03:48.525] [exthost] [warning] [Decorations] CAPPING events from decorations provider vscode.git 4431
[2021-07-20 09:03:54.371] [exthost] [warning] [Decorations] CAPPING events from decorations provider vscode.git 4431
[2021-07-20 09:04:00.179] [exthost] [warning] [Decorations] CAPPING events from decorations provider vscode.git 4432
[2021-07-20 09:06:17.255] [exthost] [warning] [Decorations] CAPPING events from decorations provider vscode.git 4453
[2021-07-20 09:06:23.054] [exthost] [warning] [Decorations] CAPPING events from decorations provider vscode.git 4453
[2021-07-20 09:07:02.968] [exthost] [warning] [Decorations] CAPPING events from decorations provider vscode.git 4458
[2021-07-20 09:07:08.781] [exthost] [warning] [Decorations] CAPPING events from decorations provider vscode.git 4460
[2021-07-20 09:07:14.583] [exthost] [warning] [Decorations] CAPPING events from decorations provider vscode.git 4460
[2021-07-20 09:07:20.404] [exthost] [warning] [Decorations] CAPPING events from decorations provider vscode.git 4460
[2021-07-20 09:07:26.323] [exthost] [warning] [Decorations] CAPPING events from decorations provider vscode.git 4460
[2021-07-20 09:07:54.789] [exthost] [warning] [Decorations] CAPPING events from decorations provider vscode.git 4465
[2021-07-20 09:08:00.641] [exthost] [warning] [Decorations] CAPPING events from decorations provider vscode.git 4465
[2021-07-20 09:08:06.576] [exthost] [warning] [Decorations] CAPPING events from decorations provider vscode.git 4466
[2021-07-20 09:08:12.471] [exthost] [warning] [Decorations] CAPPING events from decorations provider vscode.git 4469
[2021-07-20 09:08:18.293] [exthost] [warning] [Decorations] CAPPING events from decorations provider vscode.git 4469
[2021-07-20 09:08:24.157] [exthost] [warning] [Decorations] CAPPING events from decorations provider vscode.git 4469
[2021-07-20 09:08:30.045] [exthost] [warning] [Decorations] CAPPING events from decorations provider vscode.git 4470
[2021-07-20 09:08:35.869] [exthost] [warning] [Decorations] CAPPING events from decorations provider vscode.git 4470
[2021-07-20 09:08:41.666] [exthost] [warning] [Decorations] CAPPING events from decorations provider vscode.git 4471
[2021-07-20 09:08:47.549] [exthost] [warning] [Decorations] CAPPING events from decorations provider vscode.git 4472
[2021-07-20 09:08:53.339] [exthost] [warning] [Decorations] CAPPING events from decorations provider vscode.git 4474
[2021-07-20 09:08:59.190] [exthost] [warning] [Decorations] CAPPING events from decorations provider vscode.git 4474
[2021-07-20 09:09:05.031] [exthost] [warning] [Decorations] CAPPING events from decorations provider vscode.git 4474
[2021-07-20 09:09:10.867] [exthost] [warning] [Decorations] CAPPING events from decorations provider vscode.git 4476
[2021-07-20 09:09:16.689] [exthost] [warning] [Decorations] CAPPING events from decorations provider vscode.git 4476
[2021-07-20 09:09:22.562] [exthost] [warning] [Decorations] CAPPING events from decorations provider vscode.git 4476
[2021-07-20 09:09:28.448] [exthost] [warning] [Decorations] CAPPING events from decorations provider vscode.git 4477
[2021-07-20 09:09:34.272] [exthost] [warning] [Decorations] CAPPING events from decorations provider vscode.git 4479
[2021-07-20 09:09:40.115] [exthost] [warning] [Decorations] CAPPING events from decorations provider vscode.git 4480
[2021-07-20 09:09:45.934] [exthost] [warning] [Decorations] CAPPING events from decorations provider vscode.git 4480
[2021-07-20 09:09:51.790] [exthost] [warning] [Decorations] CAPPING events from decorations provider vscode.git 4481
[2021-07-20 09:09:57.650] [exthost] [warning] [Decorations] CAPPING events from decorations provider vscode.git 4481
[2021-07-20 09:10:03.506] [exthost] [warning] [Decorations] CAPPING events from decorations provider vscode.git 4481
[2021-07-20 09:10:09.365] [exthost] [warning] [Decorations] CAPPING events from decorations provider vscode.git 4483
[2021-07-20 09:10:15.202] [exthost] [warning] [Decorations] CAPPING events from decorations provider vscode.git 4485
[2021-07-20 09:10:21.059] [exthost] [warning] [Decorations] CAPPING events from decorations provider vscode.git 4485
[2021-07-20 09:10:26.921] [exthost] [warning] [Decorations] CAPPING events from decorations provider vscode.git 4485
[2021-07-20 09:10:32.730] [exthost] [warning] [Decorations] CAPPING events from decorations provider vscode.git 4486
[2021-07-20 09:10:38.534] [exthost] [warning] [Decorations] CAPPING events from decorations provider vscode.git 4486
[2021-07-20 09:10:44.355] [exthost] [warning] [Decorations] CAPPING events from decorations provider vscode.git 4487
[2021-07-20 09:10:50.210] [exthost] [warning] [Decorations] CAPPING events from decorations provider vscode.git 4488
[2021-07-20 09:10:56.011] [exthost] [warning] [Decorations] CAPPING events from decorations provider vscode.git 4490
[2021-07-20 09:11:01.841] [exthost] [warning] [Decorations] CAPPING events from decorations provider vscode.git 4490
[2021-07-20 09:11:07.634] [exthost] [warning] [Decorations] CAPPING events from decorations provider vscode.git 4491
[2021-07-20 09:11:13.422] [exthost] [warning] [Decorations] CAPPING events from decorations provider vscode.git 4492
[2021-07-20 09:11:19.273] [exthost] [warning] [Decorations] CAPPING events from decorations provider vscode.git 4492
[2021-07-20 09:11:25.173] [exthost] [warning] [Decorations] CAPPING events from decorations provider vscode.git 4492
[2021-07-20 09:11:31.059] [exthost] [warning] [Decorations] CAPPING events from decorations provider vscode.git 4495
[2021-07-20 09:11:36.955] [exthost] [warning] [Decorations] CAPPING events from decorations provider vscode.git 4495
[2021-07-20 09:11:42.750] [exthost] [warning] [Decorations] CAPPING events from decorations provider vscode.git 4496
[2021-07-20 09:11:48.548] [exthost] [warning] [Decorations] CAPPING events from decorations provider vscode.git 4497
[2021-07-20 09:11:54.438] [exthost] [warning] [Decorations] CAPPING events from decorations provider vscode.git 4497
[2021-07-20 09:12:00.246] [exthost] [warning] [Decorations] CAPPING events from decorations provider vscode.git 4497
[2021-07-20 09:12:06.083] [exthost] [warning] [Decorations] CAPPING events from decorations provider vscode.git 4497
[2021-07-20 09:12:11.982] [exthost] [warning] [Decorations] CAPPING events from decorations provider vscode.git 4500
[2021-07-20 09:12:17.792] [exthost] [warning] [Decorations] CAPPING events from decorations provider vscode.git 4501
[2021-07-20 09:12:23.596] [exthost] [warning] [Decorations] CAPPING events from decorations provider vscode.git 4501
[2021-07-20 09:12:29.399] [exthost] [warning] [Decorations] CAPPING events from decorations provider vscode.git 4502
[2021-07-20 09:12:35.239] [exthost] [warning] [Decorations] CAPPING events from decorations provider vscode.git 4502
[2021-07-20 09:12:41.073] [exthost] [warning] [Decorations] CAPPING events from decorations provider vscode.git 4502
[2021-07-20 09:12:46.978] [exthost] [warning] [Decorations] CAPPING events from decorations provider vscode.git 4503
[2021-07-20 09:12:52.895] [exthost] [warning] [Decorations] CAPPING events from decorations provider vscode.git 4506
[2021-07-20 09:12:58.697] [exthost] [warning] [Decorations] CAPPING events from decorations provider vscode.git 4506
[2021-07-20 09:13:04.590] [exthost] [warning] [Decorations] CAPPING events from decorations provider vscode.git 4506
[2021-07-20 09:13:10.448] [exthost] [warning] [Decorations] CAPPING events from decorations provider vscode.git 4507
[2021-07-20 09:13:49.997] [exthost] [warning] [Decorations] CAPPING events from decorations provider vscode.git 4515
[2021-07-20 09:13:55.925] [exthost] [warning] [Decorations] CAPPING events from decorations provider vscode.git 4515
[2021-07-20 09:14:01.745] [exthost] [warning] [Decorations] CAPPING events from decorations provider vscode.git 4516
[2021-07-20 09:14:07.553] [exthost] [warning] [Decorations] CAPPING events from decorations provider vscode.git 4516
[2021-07-20 09:14:13.350] [exthost] [warning] [Decorations] CAPPING events from decorations provider vscode.git 4519
[2021-07-20 09:14:19.136] [exthost] [warning] [Decorations] CAPPING events from decorations provider vscode.git 4519
[2021-07-20 09:14:24.963] [exthost] [warning] [Decorations] CAPPING events from decorations provider vscode.git 4519
[2021-07-20 09:14:30.753] [exthost] [warning] [Decorations] CAPPING events from decorations provider vscode.git 4521
[2021-07-20 09:14:36.549] [exthost] [warning] [Decorations] CAPPING events from decorations provider vscode.git 4521
[2021-07-20 09:14:42.333] [exthost] [warning] [Decorations] CAPPING events from decorations provider vscode.git 4521
[2021-07-20 09:14:48.216] [exthost] [warning] [Decorations] CAPPING events from decorations provider vscode.git 4522
[2021-07-20 09:14:54.030] [exthost] [warning] [Decorations] CAPPING events from decorations provider vscode.git 4524
[2021-07-20 09:14:59.852] [exthost] [warning] [Decorations] CAPPING events from decorations provider vscode.git 4524
[2021-07-20 09:15:05.632] [exthost] [warning] [Decorations] CAPPING events from decorations provider vscode.git 4525
[2021-07-20 09:15:11.425] [exthost] [warning] [Decorations] CAPPING events from decorations provider vscode.git 4526
[2021-07-20 09:15:17.228] [exthost] [warning] [Decorations] CAPPING events from decorations provider vscode.git 4526
[2021-07-20 09:15:23.096] [exthost] [warning] [Decorations] CAPPING events from decorations provider vscode.git 4526
[2021-07-20 09:15:28.936] [exthost] [warning] [Decorations] CAPPING events from decorations provider vscode.git 4529
[2021-07-20 09:15:34.994] [exthost] [warning] [Decorations] CAPPING events from decorations provider vscode.git 4530
[2021-07-20 09:15:40.782] [exthost] [warning] [Decorations] CAPPING events from decorations provider vscode.git 4530
[2021-07-20 09:15:46.600] [exthost] [warning] [Decorations] CAPPING events from decorations provider vscode.git 4530
[2021-07-20 09:15:52.451] [exthost] [warning] [Decorations] CAPPING events from decorations provider vscode.git 4531
[2021-07-20 09:15:58.263] [exthost] [warning] [Decorations] CAPPING events from decorations provider vscode.git 4531
[2021-07-20 09:16:04.162] [exthost] [warning] [Decorations] CAPPING events from decorations provider vscode.git 4532
[2021-07-20 09:16:10.034] [exthost] [warning] [Decorations] CAPPING events from decorations provider vscode.git 4535
[2021-07-20 09:16:15.878] [exthost] [warning] [Decorations] CAPPING events from decorations provider vscode.git 4535
[2021-07-20 09:16:21.704] [exthost] [warning] [Decorations] CAPPING events from decorations provider vscode.git 4535
[2021-07-20 09:16:27.559] [exthost] [warning] [Decorations] CAPPING events from decorations provider vscode.git 4535
[2021-07-20 09:16:33.404] [exthost] [warning] [Decorations] CAPPING events from decorations provider vscode.git 4537
[2021-07-20 09:16:39.289] [exthost] [warning] [Decorations] CAPPING events from decorations provider vscode.git 4537
[2021-07-20 09:16:45.128] [exthost] [warning] [Decorations] CAPPING events from decorations provider vscode.git 4537
[2021-07-20 09:16:55.373] [exthost] [warning] [Decorations] CAPPING events from decorations provider vscode.git 4540
[2021-07-20 09:17:01.406] [exthost] [warning] [Decorations] CAPPING events from decorations provider vscode.git 4540
[2021-07-20 09:17:07.297] [exthost] [warning] [Decorations] CAPPING events from decorations provider vscode.git 4541
[2021-07-20 09:17:13.215] [exthost] [warning] [Decorations] CAPPING events from decorations provider vscode.git 4542
[2021-07-20 09:17:19.041] [exthost] [warning] [Decorations] CAPPING events from decorations provider vscode.git 4542
[2021-07-20 09:17:24.841] [exthost] [warning] [Decorations] CAPPING events from decorations provider vscode.git 4542
[2021-07-20 09:17:30.632] [exthost] [warning] [Decorations] CAPPING events from decorations provider vscode.git 4545
[2021-07-20 09:17:36.466] [exthost] [warning] [Decorations] CAPPING events from decorations provider vscode.git 4546
[2021-07-20 09:17:42.290] [exthost] [warning] [Decorations] CAPPING events from decorations provider vscode.git 4546
[2021-07-20 09:17:48.145] [exthost] [warning] [Decorations] CAPPING events from decorations provider vscode.git 4547
[2021-07-20 09:17:53.939] [exthost] [warning] [Decorations] CAPPING events from decorations provider vscode.git 4547
[2021-07-20 09:17:59.755] [exthost] [warning] [Decorations] CAPPING events from decorations provider vscode.git 4547
[2021-07-20 09:18:05.562] [exthost] [warning] [Decorations] CAPPING events from decorations provider vscode.git 4547
[2021-07-20 09:18:11.560] [exthost] [warning] [Decorations] CAPPING events from decorations provider vscode.git 4550
[2021-07-20 09:18:17.551] [exthost] [warning] [Decorations] CAPPING events from decorations provider vscode.git 4550
[2021-07-20 09:18:23.494] [exthost] [warning] [Decorations] CAPPING events from decorations provider vscode.git 4550
[2021-07-20 09:18:29.366] [exthost] [warning] [Decorations] CAPPING events from decorations provider vscode.git 4551
[2021-07-20 09:22:28.943] [exthost] [warning] [Decorations] CAPPING events from decorations provider vscode.git 4583
[2021-07-20 09:22:34.807] [exthost] [warning] [Decorations] CAPPING events from decorations provider vscode.git 4585
[2021-07-20 09:23:04.145] [exthost] [warning] [Decorations] CAPPING events from decorations provider vscode.git 4587
[2021-07-20 09:23:11.104] [exthost] [warning] [Decorations] CAPPING events from decorations provider vscode.git 4588
[2021-07-20 09:23:16.922] [exthost] [warning] [Decorations] CAPPING events from decorations provider vscode.git 4590
[2021-07-20 09:23:22.727] [exthost] [warning] [Decorations] CAPPING events from decorations provider vscode.git 4591
[2021-07-20 09:23:28.687] [exthost] [warning] [Decorations] CAPPING events from decorations provider vscode.git 4593
[2021-07-20 09:23:34.510] [exthost] [warning] [Decorations] CAPPING events from decorations provider vscode.git 4595
[2021-07-20 09:23:40.326] [exthost] [warning] [Decorations] CAPPING events from decorations provider vscode.git 4595
[2021-07-20 09:23:46.131] [exthost] [warning] [Decorations] CAPPING events from decorations provider vscode.git 4595
[2021-07-20 09:23:51.938] [exthost] [warning] [Decorations] CAPPING events from decorations provider vscode.git 4597
[2021-07-20 09:23:57.716] [exthost] [warning] [Decorations] CAPPING events from decorations provider vscode.git 4597
[2021-07-20 09:24:03.540] [exthost] [warning] [Decorations] CAPPING events from decorations provider vscode.git 4598
[2021-07-20 09:24:09.391] [exthost] [warning] [Decorations] CAPPING events from decorations provider vscode.git 4601
[2021-07-20 09:24:15.259] [exthost] [warning] [Decorations] CAPPING events from decorations provider vscode.git 4601
[2021-07-20 09:24:21.101] [exthost] [warning] [Decorations] CAPPING events from decorations provider vscode.git 4601
[2021-07-20 09:24:26.962] [exthost] [warning] [Decorations] CAPPING events from decorations provider vscode.git 4601
[2021-07-20 09:24:32.778] [exthost] [warning] [Decorations] CAPPING events from decorations provider vscode.git 4603
[2021-07-20 09:24:38.613] [exthost] [warning] [Decorations] CAPPING events from decorations provider vscode.git 4603
[2021-07-20 09:24:44.473] [exthost] [warning] [Decorations] CAPPING events from decorations provider vscode.git 4603
[2021-07-20 09:24:50.326] [exthost] [warning] [Decorations] CAPPING events from decorations provider vscode.git 4604
[2021-07-20 09:24:56.151] [exthost] [warning] [Decorations] CAPPING events from decorations provider vscode.git 4607
[2021-07-20 09:25:01.993] [exthost] [warning] [Decorations] CAPPING events from decorations provider vscode.git 4605
[2021-07-20 09:25:07.824] [exthost] [warning] [Decorations] CAPPING events from decorations provider vscode.git 4605
[2021-07-20 09:25:13.731] [exthost] [warning] [Decorations] CAPPING events from decorations provider vscode.git 4605
[2021-07-20 09:25:33.798] [exthost] [warning] [Decorations] CAPPING events from decorations provider vscode.git 4606
[2021-07-20 09:27:52.468] [exthost] [warning] [Decorations] CAPPING events from decorations provider vscode.git 4606
[2021-07-20 09:31:03.445] [exthost] [warning] [Decorations] CAPPING events from decorations provider vscode.git 4606
