[2021-07-06 06:27:43.223] [exthost] [info] extension host started
[2021-07-06 06:27:43.506] [exthost] [info] ExtensionService#_doActivateExtension vscode.php-language-features {"startup":false,"extensionId":{"value":"vscode.php-language-features","_lower":"vscode.php-language-features"},"activationEvent":"onLanguage:php"}
[2021-07-06 06:27:43.507] [exthost] [info] ExtensionService#loadCommonJSModule file:///var/www/.vscode-server/bin/507ce72a4466fbb27b715c3722558bb15afa9f48/extensions/php-language-features/dist/phpMain
[2021-07-06 06:27:43.528] [exthost] [info] ExtensionService#_doActivateExtension vscode.debug-auto-launch {"startup":true,"extensionId":{"value":"vscode.debug-auto-launch","_lower":"vscode.debug-auto-launch"},"activationEvent":"*"}
[2021-07-06 06:27:43.528] [exthost] [info] ExtensionService#loadCommonJSModule file:///var/www/.vscode-server/bin/507ce72a4466fbb27b715c3722558bb15afa9f48/extensions/debug-auto-launch/dist/extension
[2021-07-06 06:27:43.531] [exthost] [info] ExtensionService#_doActivateExtension vscode.git {"startup":true,"extensionId":{"value":"vscode.github","_lower":"vscode.github"},"activationEvent":"*"}
[2021-07-06 06:27:43.531] [exthost] [info] ExtensionService#loadCommonJSModule file:///var/www/.vscode-server/bin/507ce72a4466fbb27b715c3722558bb15afa9f48/extensions/git/dist/main
[2021-07-06 06:27:43.613] [exthost] [info] ExtensionService#_doActivateExtension nadim-vscode.symfony-code-snippets {"startup":true,"extensionId":{"value":"nadim-vscode.symfony-code-snippets","_lower":"nadim-vscode.symfony-code-snippets"},"activationEvent":"*"}
[2021-07-06 06:27:43.613] [exthost] [info] ExtensionService#loadCommonJSModule file:///var/www/.vscode-server/extensions/nadim-vscode.symfony-code-snippets-1.2.7/extension
[2021-07-06 06:27:43.614] [exthost] [info] ExtensionService#_doActivateExtension nadim-vscode.symfony-super-console {"startup":true,"extensionId":{"value":"nadim-vscode.symfony-super-console","_lower":"nadim-vscode.symfony-super-console"},"activationEvent":"*"}
[2021-07-06 06:27:43.614] [exthost] [info] ExtensionService#loadCommonJSModule file:///var/www/.vscode-server/extensions/nadim-vscode.symfony-super-console-1.1.1/extension.js
[2021-07-06 06:27:44.018] [exthost] [info] ExtensionService#_doActivateExtension vscode.github {"startup":true,"extensionId":{"value":"vscode.github","_lower":"vscode.github"},"activationEvent":"*"}
[2021-07-06 06:27:44.018] [exthost] [info] ExtensionService#loadCommonJSModule file:///var/www/.vscode-server/bin/507ce72a4466fbb27b715c3722558bb15afa9f48/extensions/github/dist/extension.js
[2021-07-06 06:27:44.407] [exthost] [info] ExtensionService#_doActivateExtension vscode.emmet {"startup":false,"extensionId":{"value":"vscode.emmet","_lower":"vscode.emmet"},"activationEvent":"onStartupFinished"}
[2021-07-06 06:27:44.408] [exthost] [info] ExtensionService#loadCommonJSModule file:///var/www/.vscode-server/bin/507ce72a4466fbb27b715c3722558bb15afa9f48/extensions/emmet/dist/node/emmetNodeMain
[2021-07-06 06:27:44.428] [exthost] [info] ExtensionService#_doActivateExtension vscode.merge-conflict {"startup":false,"extensionId":{"value":"vscode.merge-conflict","_lower":"vscode.merge-conflict"},"activationEvent":"onStartupFinished"}
[2021-07-06 06:27:44.428] [exthost] [info] ExtensionService#loadCommonJSModule file:///var/www/.vscode-server/bin/507ce72a4466fbb27b715c3722558bb15afa9f48/extensions/merge-conflict/dist/mergeConflictMain
[2021-07-06 06:27:44.433] [exthost] [info] ExtensionService#_doActivateExtension vscode.testing-editor-contributions {"startup":false,"extensionId":{"value":"vscode.testing-editor-contributions","_lower":"vscode.testing-editor-contributions"},"activationEvent":"onStartupFinished"}
[2021-07-06 06:27:44.433] [exthost] [info] ExtensionService#loadCommonJSModule file:///var/www/.vscode-server/bin/507ce72a4466fbb27b715c3722558bb15afa9f48/extensions/testing-editor-contributions/dist/extension.js
[2021-07-06 06:27:44.435] [exthost] [info] eager extensions activated
[2021-07-06 06:27:44.490] [exthost] [info] ExtensionService#_doActivateExtension ms-vscode.js-debug {"startup":false,"extensionId":{"value":"ms-vscode.js-debug","_lower":"ms-vscode.js-debug"},"activationEvent":"onCommand:extension.js-debug.clearAutoAttachVariables"}
[2021-07-06 06:27:44.490] [exthost] [info] ExtensionService#loadCommonJSModule file:///var/www/.vscode-server/bin/507ce72a4466fbb27b715c3722558bb15afa9f48/extensions/ms-vscode.js-debug/src/extension.js
[2021-07-06 06:32:03.410] [exthost] [info] ExtensionService#_doActivateExtension vscode.css-language-features {"startup":false,"extensionId":{"value":"vscode.css-language-features","_lower":"vscode.css-language-features"},"activationEvent":"onLanguage:scss"}
[2021-07-06 06:32:03.410] [exthost] [info] ExtensionService#loadCommonJSModule file:///var/www/.vscode-server/bin/507ce72a4466fbb27b715c3722558bb15afa9f48/extensions/css-language-features/client/dist/node/cssClientMain
[2021-07-06 07:43:21.190] [exthost] [info] ExtensionService#_doActivateExtension vscode.configuration-editing {"startup":false,"extensionId":{"value":"vscode.configuration-editing","_lower":"vscode.configuration-editing"},"activationEvent":"onLanguage:json"}
[2021-07-06 07:43:21.190] [exthost] [info] ExtensionService#loadCommonJSModule file:///var/www/.vscode-server/bin/507ce72a4466fbb27b715c3722558bb15afa9f48/extensions/configuration-editing/dist/configurationEditingMain
[2021-07-06 07:43:21.201] [exthost] [info] ExtensionService#_doActivateExtension vscode.extension-editing {"startup":false,"extensionId":{"value":"vscode.extension-editing","_lower":"vscode.extension-editing"},"activationEvent":"onLanguage:json"}
[2021-07-06 07:43:21.202] [exthost] [info] ExtensionService#loadCommonJSModule file:///var/www/.vscode-server/bin/507ce72a4466fbb27b715c3722558bb15afa9f48/extensions/extension-editing/dist/extensionEditingMain
[2021-07-06 07:43:21.219] [exthost] [info] ExtensionService#_doActivateExtension vscode.json-language-features {"startup":false,"extensionId":{"value":"vscode.json-language-features","_lower":"vscode.json-language-features"},"activationEvent":"onLanguage:json"}
[2021-07-06 07:43:21.219] [exthost] [info] ExtensionService#loadCommonJSModule file:///var/www/.vscode-server/bin/507ce72a4466fbb27b715c3722558bb15afa9f48/extensions/json-language-features/client/dist/node/jsonClientMain
[2021-07-06 07:43:21.289] [exthost] [info] ExtensionService#_doActivateExtension vscode.npm {"startup":false,"extensionId":{"value":"vscode.npm","_lower":"vscode.npm"},"activationEvent":"onLanguage:json"}
[2021-07-06 07:43:21.289] [exthost] [info] ExtensionService#loadCommonJSModule file:///var/www/.vscode-server/bin/507ce72a4466fbb27b715c3722558bb15afa9f48/extensions/npm/dist/npmMain
[2021-07-06 13:15:59.749] [exthost] [info] ExtensionService#_doActivateExtension vscode.typescript-language-features {"startup":false,"extensionId":{"value":"vscode.typescript-language-features","_lower":"vscode.typescript-language-features"},"activationEvent":"onLanguage:javascript"}
[2021-07-06 13:15:59.750] [exthost] [info] ExtensionService#loadCommonJSModule file:///var/www/.vscode-server/bin/507ce72a4466fbb27b715c3722558bb15afa9f48/extensions/typescript-language-features/dist/extension
[2021-07-06 13:30:53.833] [exthost] [info] extension host terminating: received terminate message from renderer
[2021-07-06 13:31:01.213] [exthost] [info] exiting with code 0
