0 info it worked if it ends with ok
1 verbose cli [
1 verbose cli   '/usr/bin/node',
1 verbose cli   '/usr/bin/npm',
1 verbose cli   '--prefix',
1 verbose cli   '/var/www/html/vendor/shopware/storefront/Resources/app/storefront',
1 verbose cli   'run',
1 verbose cli   'production'
1 verbose cli ]
2 info using npm@6.14.12
3 info using node@v12.22.1
4 verbose run-script [ 'preproduction', 'production', 'postproduction' ]
5 info lifecycle sw-next-storefront@1.0.0~preproduction: sw-next-storefront@1.0.0
6 info lifecycle sw-next-storefront@1.0.0~production: sw-next-storefront@1.0.0
7 verbose lifecycle sw-next-storefront@1.0.0~production: unsafe-perm in lifecycle true
8 verbose lifecycle sw-next-storefront@1.0.0~production: PATH: /usr/lib/node_modules/npm/node_modules/npm-lifecycle/node-gyp-bin:/var/www/html/vendor/shopware/storefront/Resources/app/storefront/node_modules/.bin:/usr/local/sbin:/usr/local/bin:/usr/sbin:/usr/bin:/sbin:/bin
9 verbose lifecycle sw-next-storefront@1.0.0~production: CWD: /var/www/html/vendor/shopware/storefront/Resources/app/storefront
10 silly lifecycle sw-next-storefront@1.0.0~production: Args: [ '-c', 'NODE_ENV=production webpack --config webpack.config.js' ]
11 silly lifecycle sw-next-storefront@1.0.0~production: Returned: code: 2  signal: null
12 info lifecycle sw-next-storefront@1.0.0~production: Failed to exec production script
13 verbose stack Error: sw-next-storefront@1.0.0 production: `NODE_ENV=production webpack --config webpack.config.js`
13 verbose stack Exit status 2
13 verbose stack     at EventEmitter.<anonymous> (/usr/lib/node_modules/npm/node_modules/npm-lifecycle/index.js:332:16)
13 verbose stack     at EventEmitter.emit (events.js:314:20)
13 verbose stack     at ChildProcess.<anonymous> (/usr/lib/node_modules/npm/node_modules/npm-lifecycle/lib/spawn.js:55:14)
13 verbose stack     at ChildProcess.emit (events.js:314:20)
13 verbose stack     at maybeClose (internal/child_process.js:1022:16)
13 verbose stack     at Process.ChildProcess._handle.onexit (internal/child_process.js:287:5)
14 verbose pkgid sw-next-storefront@1.0.0
15 verbose cwd /var/www/html
16 verbose Linux 5.4.72-microsoft-standard-WSL2
17 verbose argv "/usr/bin/node" "/usr/bin/npm" "--prefix" "/var/www/html/vendor/shopware/storefront/Resources/app/storefront" "run" "production"
18 verbose node v12.22.1
19 verbose npm  v6.14.12
20 error code ELIFECYCLE
21 error errno 2
22 error sw-next-storefront@1.0.0 production: `NODE_ENV=production webpack --config webpack.config.js`
22 error Exit status 2
23 error Failed at the sw-next-storefront@1.0.0 production script.
23 error This is probably not a problem with npm. There is likely additional logging output above.
24 verbose exit [ 2, true ]
