Looking for git in: git
Using git 2.17.1 from git
Opening repository for path='/var/www' failed; ex=Failed to execute git {
  "exitCode": 128,
  "gitErrorCode": "NotAGitRepository",
  "gitCommand": "rev-parse",
  "stdout": "",
  "stderr": "fatal: not a git repository (or any of the parent directories): .git\n"
}
Opening repository for path='/var/www/html/vendor/shopware/storefront/Resources/views/storefront/layout/navigation' failed; ex=Failed to execute git {
  "exitCode": 128,
  "gitErrorCode": "NotAGitRepository",
  "gitCommand": "rev-parse",
  "stdout": "",
  "stderr": "fatal: not a git repository (or any parent up to mount point /var/www)\nStopping at filesystem boundary (GIT_DISCOVERY_ACROSS_FILESYSTEM not set).\n"
}
Opening repository for path='/var/www/.bash_history' failed; ex=Error: spawn ENOTDIR
Opening repository for path='/var/www/.cache' failed; ex=Failed to execute git {
  "exitCode": 128,
  "gitErrorCode": "NotAGitRepository",
  "gitCommand": "rev-parse",
  "stdout": "",
  "stderr": "fatal: not a git repository (or any of the parent directories): .git\n"
}
Opening repository for path='/var/www/.composer' failed; ex=Failed to execute git {
  "exitCode": 128,
  "gitErrorCode": "NotAGitRepository",
  "gitCommand": "rev-parse",
  "stdout": "",
  "stderr": "fatal: not a git repository (or any of the parent directories): .git\n"
}
Opening repository for path='/var/www/.config' failed; ex=Failed to execute git {
  "exitCode": 128,
  "gitErrorCode": "NotAGitRepository",
  "gitCommand": "rev-parse",
  "stdout": "",
  "stderr": "fatal: not a git repository (or any of the parent directories): .git\n"
}
Opening repository for path='/var/www/.gitconfig' failed; ex=Error: spawn ENOTDIR
Opening repository for path='/var/www/.npm' failed; ex=Failed to execute git {
  "exitCode": 128,
  "gitErrorCode": "NotAGitRepository",
  "gitCommand": "rev-parse",
  "stdout": "",
  "stderr": "fatal: not a git repository (or any of the parent directories): .git\n"
}
Opening repository for path='/var/www/.ssh' failed; ex=Failed to execute git {
  "exitCode": 128,
  "gitErrorCode": "NotAGitRepository",
  "gitCommand": "rev-parse",
  "stdout": "",
  "stderr": "fatal: not a git repository (or any of the parent directories): .git\n"
}
Opening repository for path='/var/www/.sudo_as_admin_successful' failed; ex=Error: spawn ENOTDIR
Opening repository for path='/var/www/.viminfo' failed; ex=Error: spawn ENOTDIR
Opening repository for path='/var/www/.vscode-server' failed; ex=Failed to execute git {
  "exitCode": 128,
  "gitErrorCode": "NotAGitRepository",
  "gitCommand": "rev-parse",
  "stdout": "",
  "stderr": "fatal: not a git repository (or any of the parent directories): .git\n"
}
Opening repository for path='/var/www/.wget-hsts' failed; ex=Error: spawn ENOTDIR
Opening repository for path='/var/www/CHANGELOG.md' failed; ex=Error: spawn ENOTDIR
Opening repository for path='/var/www/html' failed; ex=Failed to execute git {
  "exitCode": 128,
  "gitErrorCode": "NotAGitRepository",
  "gitCommand": "rev-parse",
  "stdout": "",
  "stderr": "fatal: not a git repository (or any parent up to mount point /var/www)\nStopping at filesystem boundary (GIT_DISCOVERY_ACROSS_FILESYSTEM not set).\n"
}
Opening repository for path='/var/www/makefile' failed; ex=Error: spawn ENOTDIR
Opening repository for path='/var/www/pimpmylog' failed; ex=Failed to execute git {
  "exitCode": 128,
  "gitErrorCode": "NotAGitRepository",
  "gitCommand": "rev-parse",
  "stdout": "",
  "stderr": "fatal: not a git repository (or any of the parent directories): .git\n"
}
Opening repository for path='/var/www/scripts' failed; ex=Failed to execute git {
  "exitCode": 128,
  "gitErrorCode": "NotAGitRepository",
  "gitCommand": "rev-parse",
  "stdout": "",
  "stderr": "fatal: not a git repository (or any of the parent directories): .git\n"
}
Opening repository for path='/var/www/try.sh' failed; ex=Error: spawn ENOTDIR
Opening repository for path='/var/www' failed; ex=Failed to execute git {
  "exitCode": 128,
  "gitErrorCode": "NotAGitRepository",
  "gitCommand": "rev-parse",
  "stdout": "",
  "stderr": "fatal: not a git repository (or any of the parent directories): .git\n"
}
Opening repository for path='/var/www' failed; ex=Failed to execute git {
  "exitCode": 128,
  "gitErrorCode": "NotAGitRepository",
  "gitCommand": "rev-parse",
  "stdout": "",
  "stderr": "fatal: not a git repository (or any of the parent directories): .git\n"
}
Opening repository for path='/var/www/html/custom/plugins/SwagQuickstartTheme/src' failed; ex=Failed to execute git {
  "exitCode": 128,
  "gitErrorCode": "NotAGitRepository",
  "gitCommand": "rev-parse",
  "stdout": "",
  "stderr": "fatal: not a git repository (or any parent up to mount point /var/www)\nStopping at filesystem boundary (GIT_DISCOVERY_ACROSS_FILESYSTEM not set).\n"
}
Opening repository for path='/var/www/html/custom/plugins/SwagQuickstartTheme/src/Resources/views/storefront/page/product-detail' failed; ex=Failed to execute git {
  "exitCode": 128,
  "gitErrorCode": "NotAGitRepository",
  "gitCommand": "rev-parse",
  "stdout": "",
  "stderr": "fatal: not a git repository (or any parent up to mount point /var/www)\nStopping at filesystem boundary (GIT_DISCOVERY_ACROSS_FILESYSTEM not set).\n"
}
Opening repository for path='/var/www/html/custom/plugins/SwagQuickstartTheme/src/Resources/views/storefront/page/product-detail' failed; ex=Failed to execute git {
  "exitCode": 128,
  "gitErrorCode": "NotAGitRepository",
  "gitCommand": "rev-parse",
  "stdout": "",
  "stderr": "fatal: not a git repository (or any parent up to mount point /var/www)\nStopping at filesystem boundary (GIT_DISCOVERY_ACROSS_FILESYSTEM not set).\n"
}
Opening repository for path='/var/www/html/custom/plugins/SwagQuickstartTheme/src/Resources/views/storefront' failed; ex=Failed to execute git {
  "exitCode": 128,
  "gitErrorCode": "NotAGitRepository",
  "gitCommand": "rev-parse",
  "stdout": "",
  "stderr": "fatal: not a git repository (or any parent up to mount point /var/www)\nStopping at filesystem boundary (GIT_DISCOVERY_ACROSS_FILESYSTEM not set).\n"
}
Opening repository for path='/var/www/html/custom/plugins/SwagQuickstartTheme/src/Resources/views/storefront/page/content' failed; ex=Failed to execute git {
  "exitCode": 128,
  "gitErrorCode": "NotAGitRepository",
  "gitCommand": "rev-parse",
  "stdout": "",
  "stderr": "fatal: not a git repository (or any parent up to mount point /var/www)\nStopping at filesystem boundary (GIT_DISCOVERY_ACROSS_FILESYSTEM not set).\n"
}
Opening repository for path='/var/www/html/custom/plugins/SwagQuickstartTheme/src/Resources/views/storefront/component/product/card' failed; ex=Failed to execute git {
  "exitCode": 128,
  "gitErrorCode": "NotAGitRepository",
  "gitCommand": "rev-parse",
  "stdout": "",
  "stderr": "fatal: not a git repository (or any parent up to mount point /var/www)\nStopping at filesystem boundary (GIT_DISCOVERY_ACROSS_FILESYSTEM not set).\n"
}
Opening repository for path='/var/www/html/custom/plugins/SwagQuickstartTheme/src/Resources/views/storefront/page/product-detail' failed; ex=Failed to execute git {
  "exitCode": 128,
  "gitErrorCode": "NotAGitRepository",
  "gitCommand": "rev-parse",
  "stdout": "",
  "stderr": "fatal: not a git repository (or any parent up to mount point /var/www)\nStopping at filesystem boundary (GIT_DISCOVERY_ACROSS_FILESYSTEM not set).\n"
}
Opening repository for path='/var/www/html/vendor/shopware/storefront/Resources/views/storefront' failed; ex=Failed to execute git {
  "exitCode": 128,
  "gitErrorCode": "NotAGitRepository",
  "gitCommand": "rev-parse",
  "stdout": "",
  "stderr": "fatal: not a git repository (or any parent up to mount point /var/www)\nStopping at filesystem boundary (GIT_DISCOVERY_ACROSS_FILESYSTEM not set).\n"
}
Opening repository for path='/var/www/html/vendor/shopware/storefront/Resources/views/storefront/layout/navigation' failed; ex=Failed to execute git {
  "exitCode": 128,
  "gitErrorCode": "NotAGitRepository",
  "gitCommand": "rev-parse",
  "stdout": "",
  "stderr": "fatal: not a git repository (or any parent up to mount point /var/www)\nStopping at filesystem boundary (GIT_DISCOVERY_ACROSS_FILESYSTEM not set).\n"
}
Opening repository for path='/var/www/html/vendor/shopware/storefront/Controller' failed; ex=Failed to execute git {
  "exitCode": 128,
  "gitErrorCode": "NotAGitRepository",
  "gitCommand": "rev-parse",
  "stdout": "",
  "stderr": "fatal: not a git repository (or any parent up to mount point /var/www)\nStopping at filesystem boundary (GIT_DISCOVERY_ACROSS_FILESYSTEM not set).\n"
}
Opening repository for path='/var/www/html/custom/plugins/SwagQuickstartTheme/src/Storefront/Controller' failed; ex=Failed to execute git {
  "exitCode": 128,
  "gitErrorCode": "NotAGitRepository",
  "gitCommand": "rev-parse",
  "stdout": "",
  "stderr": "fatal: not a git repository (or any parent up to mount point /var/www)\nStopping at filesystem boundary (GIT_DISCOVERY_ACROSS_FILESYSTEM not set).\n"
}
Opening repository for path='/var/www/html/custom/plugins/SwagQuickstartTheme/src' failed; ex=Failed to execute git {
  "exitCode": 128,
  "gitErrorCode": "NotAGitRepository",
  "gitCommand": "rev-parse",
  "stdout": "",
  "stderr": "fatal: not a git repository (or any parent up to mount point /var/www)\nStopping at filesystem boundary (GIT_DISCOVERY_ACROSS_FILESYSTEM not set).\n"
}
Opening repository for path='/var/www/html/custom/plugins/SwagQuickstartTheme/src/Storefront/Controller' failed; ex=Failed to execute git {
  "exitCode": 128,
  "gitErrorCode": "NotAGitRepository",
  "gitCommand": "rev-parse",
  "stdout": "",
  "stderr": "fatal: not a git repository (or any parent up to mount point /var/www)\nStopping at filesystem boundary (GIT_DISCOVERY_ACROSS_FILESYSTEM not set).\n"
}
Opening repository for path='/var/www/html/custom/plugins/SwagQuickstartTheme/src/Resources/views/storefront' failed; ex=Failed to execute git {
  "exitCode": 128,
  "gitErrorCode": "NotAGitRepository",
  "gitCommand": "rev-parse",
  "stdout": "",
  "stderr": "fatal: not a git repository (or any parent up to mount point /var/www)\nStopping at filesystem boundary (GIT_DISCOVERY_ACROSS_FILESYSTEM not set).\n"
}
Opening repository for path='/var/www/html/custom/plugins/SwagQuickstartTheme/src/Resources/views/storefront/page/product-detail' failed; ex=Failed to execute git {
  "exitCode": 128,
  "gitErrorCode": "NotAGitRepository",
  "gitCommand": "rev-parse",
  "stdout": "",
  "stderr": "fatal: not a git repository (or any parent up to mount point /var/www)\nStopping at filesystem boundary (GIT_DISCOVERY_ACROSS_FILESYSTEM not set).\n"
}
Opening repository for path='/var/www/html/custom/plugins/SwagQuickstartTheme/src/Resources/views/storefront/page/content' failed; ex=Failed to execute git {
  "exitCode": 128,
  "gitErrorCode": "NotAGitRepository",
  "gitCommand": "rev-parse",
  "stdout": "",
  "stderr": "fatal: not a git repository (or any parent up to mount point /var/www)\nStopping at filesystem boundary (GIT_DISCOVERY_ACROSS_FILESYSTEM not set).\n"
}
Opening repository for path='/var/www/html/custom/plugins/SwagQuickstartTheme/src/Storefront/Controller' failed; ex=Failed to execute git {
  "exitCode": 128,
  "gitErrorCode": "NotAGitRepository",
  "gitCommand": "rev-parse",
  "stdout": "",
  "stderr": "fatal: not a git repository (or any parent up to mount point /var/www)\nStopping at filesystem boundary (GIT_DISCOVERY_ACROSS_FILESYSTEM not set).\n"
}
Opening repository for path='/var/www/html/custom/plugins/SwagQuickstartTheme/src/Resources/app/storefront/src/example-plugin' failed; ex=Failed to execute git {
  "exitCode": 128,
  "gitErrorCode": "NotAGitRepository",
  "gitCommand": "rev-parse",
  "stdout": "",
  "stderr": "fatal: not a git repository (or any parent up to mount point /var/www)\nStopping at filesystem boundary (GIT_DISCOVERY_ACROSS_FILESYSTEM not set).\n"
}
Opening repository for path='/var/www/html/public/bundles/administration/static/' failed; ex=Failed to execute git {
  "exitCode": 128,
  "gitErrorCode": "NotAGitRepository",
  "gitCommand": "rev-parse",
  "stdout": "",
  "stderr": "fatal: not a git repository (or any parent up to mount point /var/www)\nStopping at filesystem boundary (GIT_DISCOVERY_ACROSS_FILESYSTEM not set).\n"
}
> git rev-parse --git-dir
Open repository: /var/www
> git status -z -u
> git show --textconv :html/custom/plugins/SwagQuickstartTheme/src/Resources/app/storefront/src/example-plugin/example-plugin.plugin.js
> git ls-files --stage -- /var/www/html/custom/plugins/SwagQuickstartTheme/src/Resources/app/storefront/src/example-plugin/example-plugin.plugin.js
> git check-ignore -v -z --stdin
> git ls-files --stage -- /var/www/html/custom/plugins/SwagQuickstartTheme/src/Resources/app/storefront/src/example-plugin/example-plugin.plugin.js
> git show --textconv :html/custom/plugins/SwagQuickstartTheme/src/Resources/app/storefront/src/example-plugin/example-plugin.plugin.js
> git ls-files --stage -- /var/www/html/custom/plugins/SwagQuickstartTheme/src/Resources/app/storefront/src/example-plugin/example-plugin.plugin.js
> git show --textconv :html/custom/plugins/SwagQuickstartTheme/src/Resources/app/storefront/src/example-plugin/example-plugin.plugin.js
> git ls-files --stage -- /var/www/html/custom/plugins/SwagQuickstartTheme/src/Resources/app/storefront/src/example-plugin/example-plugin.plugin.js
> git show --textconv :html/custom/plugins/SwagQuickstartTheme/src/Resources/app/storefront/src/example-plugin/example-plugin.plugin.js
> git ls-files --stage -- /var/www/html/custom/plugins/SwagQuickstartTheme/src/Resources/app/storefront/src/example-plugin/example-plugin.plugin.js
> git cat-file -s f8cb16cb78e1e0dfd44bfbddeafa8769c4f0b621
> git show --textconv :html/custom/plugins/SwagQuickstartTheme/src/Resources/app/storefront/src/example-plugin/example-plugin.plugin.js
> git ls-files --stage -- /var/www/html/custom/plugins/SwagQuickstartTheme/src/Resources/app/storefront/src/example-plugin/example-plugin.plugin.js
> git cat-file -s f8cb16cb78e1e0dfd44bfbddeafa8769c4f0b621
> git show --textconv :html/custom/plugins/SwagQuickstartTheme/src/Resources/app/storefront/src/example-plugin/example-plugin.plugin.js
> git ls-files --stage -- /var/www/html/custom/plugins/SwagQuickstartTheme/src/Resources/app/storefront/src/example-plugin/example-plugin.plugin.js
> git cat-file -s f8cb16cb78e1e0dfd44bfbddeafa8769c4f0b621
> git show --textconv :html/custom/plugins/SwagQuickstartTheme/src/Resources/app/storefront/src/example-plugin/example-plugin.plugin.js
> git ls-files --stage -- /var/www/html/custom/plugins/SwagQuickstartTheme/src/Resources/app/storefront/src/example-plugin/example-plugin.plugin.js
> git cat-file -s f8cb16cb78e1e0dfd44bfbddeafa8769c4f0b621
> git show --textconv :html/custom/plugins/SwagQuickstartTheme/src/Resources/app/storefront/src/example-plugin/example-plugin.plugin.js
> git ls-files --stage -- /var/www/html/custom/plugins/SwagQuickstartTheme/src/Resources/app/storefront/src/example-plugin/example-plugin.plugin.js
> git cat-file -s f8cb16cb78e1e0dfd44bfbddeafa8769c4f0b621
> git show --textconv :html/custom/plugins/SwagQuickstartTheme/src/Resources/app/storefront/src/example-plugin/example-plugin.plugin.js
> git ls-files --stage -- /var/www/html/custom/plugins/SwagQuickstartTheme/src/Resources/app/storefront/src/example-plugin/example-plugin.plugin.js
> git cat-file -s f8cb16cb78e1e0dfd44bfbddeafa8769c4f0b621
> git show --textconv :html/custom/plugins/SwagQuickstartTheme/src/Resources/app/storefront/src/example-plugin/example-plugin.plugin.js
> git ls-files --stage -- /var/www/html/custom/plugins/SwagQuickstartTheme/src/Resources/app/storefront/src/example-plugin/example-plugin.plugin.js
> git cat-file -s f8cb16cb78e1e0dfd44bfbddeafa8769c4f0b621
> git show --textconv :html/custom/plugins/SwagQuickstartTheme/src/Resources/app/storefront/src/example-plugin/example-plugin.plugin.js
> git ls-files --stage -- /var/www/html/custom/plugins/SwagQuickstartTheme/src/Resources/app/storefront/src/example-plugin/example-plugin.plugin.js
> git cat-file -s f8cb16cb78e1e0dfd44bfbddeafa8769c4f0b621
> git show --textconv :html/custom/plugins/SwagQuickstartTheme/src/Resources/app/storefront/src/example-plugin/example-plugin.plugin.js
> git ls-files --stage -- /var/www/html/custom/plugins/SwagQuickstartTheme/src/Resources/app/storefront/src/example-plugin/example-plugin.plugin.js
> git cat-file -s f8cb16cb78e1e0dfd44bfbddeafa8769c4f0b621
> git show --textconv :html/custom/plugins/SwagQuickstartTheme/src/Resources/app/storefront/src/example-plugin/example-plugin.plugin.js
> git ls-files --stage -- /var/www/html/custom/plugins/SwagQuickstartTheme/src/Resources/app/storefront/src/example-plugin/example-plugin.plugin.js
> git cat-file -s f8cb16cb78e1e0dfd44bfbddeafa8769c4f0b621
> git show --textconv :html/custom/plugins/SwagQuickstartTheme/src/Resources/app/storefront/src/example-plugin/example-plugin.plugin.js
> git ls-files --stage -- /var/www/html/custom/plugins/SwagQuickstartTheme/src/Resources/app/storefront/src/example-plugin/example-plugin.plugin.js
> git cat-file -s f8cb16cb78e1e0dfd44bfbddeafa8769c4f0b621
> git show --textconv :html/custom/plugins/SwagQuickstartTheme/src/Resources/app/storefront/src/example-plugin/example-plugin.plugin.js
> git ls-files --stage -- /var/www/html/custom/plugins/SwagQuickstartTheme/src/Resources/app/storefront/src/example-plugin/example-plugin.plugin.js
> git cat-file -s f8cb16cb78e1e0dfd44bfbddeafa8769c4f0b621
> git show --textconv :html/custom/plugins/SwagQuickstartTheme/src/Resources/app/storefront/src/example-plugin/example-plugin.plugin.js
> git ls-files --stage -- /var/www/html/custom/plugins/SwagQuickstartTheme/src/Resources/app/storefront/src/example-plugin/example-plugin.plugin.js
> git cat-file -s f8cb16cb78e1e0dfd44bfbddeafa8769c4f0b621
> git show --textconv :html/custom/plugins/SwagQuickstartTheme/src/Resources/app/storefront/src/example-plugin/example-plugin.plugin.js
> git check-ignore -v -z --stdin
> git ls-files --stage -- /var/www/html/custom/plugins/SwagQuickstartTheme/src/Resources/app/storefront/src/example-plugin/example-plugin.plugin.js
> git cat-file -s f8cb16cb78e1e0dfd44bfbddeafa8769c4f0b621
> git show --textconv :html/custom/plugins/SwagQuickstartTheme/src/Resources/app/storefront/src/example-plugin/example-plugin.plugin.js
