[2021-07-20 19:03:03.190] [exthost] [info] extension host started
[2021-07-20 19:03:03.214] [exthost] [info] Lock '/var/www/.vscode-server/data/User/workspaceStorage/c442117acadd182bd5a664e886124edc/vscode.lock': Lock acquired.
[2021-07-20 19:03:03.305] [exthost] [info] ExtensionService#_doActivateExtension vscode.debug-auto-launch {"startup":true,"extensionId":{"value":"vscode.debug-auto-launch","_lower":"vscode.debug-auto-launch"},"activationEvent":"*"}
[2021-07-20 19:03:03.306] [exthost] [info] ExtensionService#loadCommonJSModule file:///var/www/.vscode-server/bin/c3f126316369cd610563c75b1b1725e0679adfb3/extensions/debug-auto-launch/dist/extension
[2021-07-20 19:03:03.322] [exthost] [info] ExtensionService#_doActivateExtension vscode.git {"startup":true,"extensionId":{"value":"vscode.github","_lower":"vscode.github"},"activationEvent":"*"}
[2021-07-20 19:03:03.322] [exthost] [info] ExtensionService#loadCommonJSModule file:///var/www/.vscode-server/bin/c3f126316369cd610563c75b1b1725e0679adfb3/extensions/git/dist/main
[2021-07-20 19:03:03.386] [exthost] [info] ExtensionService#_doActivateExtension nadim-vscode.symfony-code-snippets {"startup":true,"extensionId":{"value":"nadim-vscode.symfony-code-snippets","_lower":"nadim-vscode.symfony-code-snippets"},"activationEvent":"*"}
[2021-07-20 19:03:03.386] [exthost] [info] ExtensionService#loadCommonJSModule file:///var/www/.vscode-server/extensions/nadim-vscode.symfony-code-snippets-1.2.7/extension
[2021-07-20 19:03:03.387] [exthost] [info] ExtensionService#_doActivateExtension nadim-vscode.symfony-super-console {"startup":true,"extensionId":{"value":"nadim-vscode.symfony-super-console","_lower":"nadim-vscode.symfony-super-console"},"activationEvent":"*"}
[2021-07-20 19:03:03.387] [exthost] [info] ExtensionService#loadCommonJSModule file:///var/www/.vscode-server/extensions/nadim-vscode.symfony-super-console-1.1.1/extension.js
[2021-07-20 19:03:03.758] [exthost] [info] ExtensionService#_doActivateExtension vscode.github {"startup":true,"extensionId":{"value":"vscode.github","_lower":"vscode.github"},"activationEvent":"*"}
[2021-07-20 19:03:03.758] [exthost] [info] ExtensionService#loadCommonJSModule file:///var/www/.vscode-server/bin/c3f126316369cd610563c75b1b1725e0679adfb3/extensions/github/dist/extension.js
[2021-07-20 19:03:04.218] [exthost] [info] ExtensionService#_doActivateExtension vscode.emmet {"startup":false,"extensionId":{"value":"vscode.emmet","_lower":"vscode.emmet"},"activationEvent":"onStartupFinished"}
[2021-07-20 19:03:04.218] [exthost] [info] ExtensionService#loadCommonJSModule file:///var/www/.vscode-server/bin/c3f126316369cd610563c75b1b1725e0679adfb3/extensions/emmet/dist/node/emmetNodeMain
[2021-07-20 19:03:04.252] [exthost] [info] ExtensionService#_doActivateExtension vscode.merge-conflict {"startup":false,"extensionId":{"value":"vscode.merge-conflict","_lower":"vscode.merge-conflict"},"activationEvent":"onStartupFinished"}
[2021-07-20 19:03:04.253] [exthost] [info] ExtensionService#loadCommonJSModule file:///var/www/.vscode-server/bin/c3f126316369cd610563c75b1b1725e0679adfb3/extensions/merge-conflict/dist/mergeConflictMain
[2021-07-20 19:03:04.261] [exthost] [info] ExtensionService#_doActivateExtension vscode.testing-editor-contributions {"startup":false,"extensionId":{"value":"vscode.testing-editor-contributions","_lower":"vscode.testing-editor-contributions"},"activationEvent":"onStartupFinished"}
[2021-07-20 19:03:04.262] [exthost] [info] ExtensionService#loadCommonJSModule file:///var/www/.vscode-server/bin/c3f126316369cd610563c75b1b1725e0679adfb3/extensions/testing-editor-contributions/dist/extension.js
[2021-07-20 19:03:04.263] [exthost] [info] eager extensions activated
[2021-07-20 19:03:04.303] [exthost] [info] ExtensionService#_doActivateExtension ms-vscode.js-debug {"startup":false,"extensionId":{"value":"ms-vscode.js-debug","_lower":"ms-vscode.js-debug"},"activationEvent":"onCommand:extension.js-debug.clearAutoAttachVariables"}
[2021-07-20 19:03:04.303] [exthost] [info] ExtensionService#loadCommonJSModule file:///var/www/.vscode-server/bin/c3f126316369cd610563c75b1b1725e0679adfb3/extensions/ms-vscode.js-debug/src/extension.js
[2021-07-20 19:03:06.527] [exthost] [warning] [Decorations] CAPPING events from decorations provider vscode.git 3601
[2021-07-20 19:03:09.303] [exthost] [warning] [Decorations] CAPPING events from decorations provider vscode.git 3601
[2021-07-20 19:03:15.198] [exthost] [warning] [Decorations] CAPPING events from decorations provider vscode.git 3601
[2021-07-20 19:03:21.191] [exthost] [warning] [Decorations] CAPPING events from decorations provider vscode.git 3601
[2021-07-20 19:03:27.528] [exthost] [warning] [Decorations] CAPPING events from decorations provider vscode.git 3601
[2021-07-20 19:03:33.478] [exthost] [warning] [Decorations] CAPPING events from decorations provider vscode.git 3601
[2021-07-20 19:03:40.131] [exthost] [warning] [Decorations] CAPPING events from decorations provider vscode.git 3601
[2021-07-20 19:03:46.261] [exthost] [warning] [Decorations] CAPPING events from decorations provider vscode.git 3601
[2021-07-20 19:03:52.109] [exthost] [warning] [Decorations] CAPPING events from decorations provider vscode.git 3601
[2021-07-20 19:03:57.936] [exthost] [warning] [Decorations] CAPPING events from decorations provider vscode.git 3601
[2021-07-20 19:04:03.754] [exthost] [warning] [Decorations] CAPPING events from decorations provider vscode.git 3601
[2021-07-20 19:04:09.581] [exthost] [warning] [Decorations] CAPPING events from decorations provider vscode.git 3601
[2021-07-20 19:04:15.371] [exthost] [warning] [Decorations] CAPPING events from decorations provider vscode.git 3601
[2021-07-20 19:04:21.182] [exthost] [warning] [Decorations] CAPPING events from decorations provider vscode.git 3601
[2021-07-20 19:04:27.024] [exthost] [warning] [Decorations] CAPPING events from decorations provider vscode.git 3601
[2021-07-20 19:04:32.911] [exthost] [warning] [Decorations] CAPPING events from decorations provider vscode.git 3601
[2021-07-20 19:04:38.704] [exthost] [warning] [Decorations] CAPPING events from decorations provider vscode.git 3601
[2021-07-20 19:04:44.545] [exthost] [warning] [Decorations] CAPPING events from decorations provider vscode.git 3601
[2021-07-20 19:04:50.358] [exthost] [warning] [Decorations] CAPPING events from decorations provider vscode.git 3601
[2021-07-20 19:04:56.172] [exthost] [warning] [Decorations] CAPPING events from decorations provider vscode.git 3601
[2021-07-20 19:05:01.940] [exthost] [warning] [Decorations] CAPPING events from decorations provider vscode.git 3601
[2021-07-20 19:05:07.734] [exthost] [warning] [Decorations] CAPPING events from decorations provider vscode.git 3601
[2021-07-20 19:05:13.534] [exthost] [warning] [Decorations] CAPPING events from decorations provider vscode.git 3601
[2021-07-20 19:05:19.510] [exthost] [warning] [Decorations] CAPPING events from decorations provider vscode.git 3601
[2021-07-20 19:05:25.311] [exthost] [warning] [Decorations] CAPPING events from decorations provider vscode.git 3601
[2021-07-20 19:05:31.113] [exthost] [warning] [Decorations] CAPPING events from decorations provider vscode.git 3601
[2021-07-20 19:05:36.908] [exthost] [warning] [Decorations] CAPPING events from decorations provider vscode.git 3601
[2021-07-20 19:05:42.690] [exthost] [warning] [Decorations] CAPPING events from decorations provider vscode.git 3601
[2021-07-20 19:05:48.542] [exthost] [warning] [Decorations] CAPPING events from decorations provider vscode.git 3601
[2021-07-20 19:05:54.408] [exthost] [warning] [Decorations] CAPPING events from decorations provider vscode.git 3601
[2021-07-20 19:06:00.142] [exthost] [warning] [Decorations] CAPPING events from decorations provider vscode.git 3601
[2021-07-20 19:06:05.883] [exthost] [warning] [Decorations] CAPPING events from decorations provider vscode.git 3601
[2021-07-20 19:06:11.642] [exthost] [warning] [Decorations] CAPPING events from decorations provider vscode.git 3601
[2021-07-20 19:06:17.447] [exthost] [warning] [Decorations] CAPPING events from decorations provider vscode.git 3601
[2021-07-20 19:06:23.195] [exthost] [warning] [Decorations] CAPPING events from decorations provider vscode.git 3601
[2021-07-20 19:06:28.955] [exthost] [warning] [Decorations] CAPPING events from decorations provider vscode.git 3601
[2021-07-20 19:06:34.728] [exthost] [warning] [Decorations] CAPPING events from decorations provider vscode.git 3601
[2021-07-20 19:06:40.478] [exthost] [warning] [Decorations] CAPPING events from decorations provider vscode.git 3601
[2021-07-20 19:06:46.242] [exthost] [warning] [Decorations] CAPPING events from decorations provider vscode.git 3601
[2021-07-20 19:06:52.005] [exthost] [warning] [Decorations] CAPPING events from decorations provider vscode.git 3601
[2021-07-20 19:06:57.758] [exthost] [warning] [Decorations] CAPPING events from decorations provider vscode.git 3601
[2021-07-20 19:07:03.524] [exthost] [warning] [Decorations] CAPPING events from decorations provider vscode.git 3601
[2021-07-20 19:07:09.295] [exthost] [warning] [Decorations] CAPPING events from decorations provider vscode.git 3601
[2021-07-20 19:07:15.056] [exthost] [warning] [Decorations] CAPPING events from decorations provider vscode.git 3601
[2021-07-20 19:07:20.796] [exthost] [warning] [Decorations] CAPPING events from decorations provider vscode.git 3601
[2021-07-20 19:07:26.624] [exthost] [warning] [Decorations] CAPPING events from decorations provider vscode.git 3601
[2021-07-20 19:07:32.396] [exthost] [warning] [Decorations] CAPPING events from decorations provider vscode.git 3601
[2021-07-20 19:07:38.176] [exthost] [warning] [Decorations] CAPPING events from decorations provider vscode.git 3601
[2021-07-20 19:07:43.955] [exthost] [warning] [Decorations] CAPPING events from decorations provider vscode.git 3601
[2021-07-20 19:07:49.751] [exthost] [warning] [Decorations] CAPPING events from decorations provider vscode.git 3601
[2021-07-20 19:07:55.524] [exthost] [warning] [Decorations] CAPPING events from decorations provider vscode.git 3601
[2021-07-20 19:08:01.277] [exthost] [warning] [Decorations] CAPPING events from decorations provider vscode.git 3601
[2021-07-20 19:08:06.059] [exthost] [info] ExtensionService#_doActivateExtension vscode.php-language-features {"startup":false,"extensionId":{"value":"vscode.php-language-features","_lower":"vscode.php-language-features"},"activationEvent":"onLanguage:php"}
[2021-07-20 19:08:06.061] [exthost] [info] ExtensionService#loadCommonJSModule file:///var/www/.vscode-server/bin/c3f126316369cd610563c75b1b1725e0679adfb3/extensions/php-language-features/dist/phpMain
[2021-07-20 19:08:07.176] [exthost] [warning] [Decorations] CAPPING events from decorations provider vscode.git 3601
[2021-07-20 19:08:12.980] [exthost] [warning] [Decorations] CAPPING events from decorations provider vscode.git 3601
[2021-07-20 19:08:18.752] [exthost] [warning] [Decorations] CAPPING events from decorations provider vscode.git 3601
[2021-07-20 19:08:24.506] [exthost] [warning] [Decorations] CAPPING events from decorations provider vscode.git 3601
[2021-07-20 19:08:30.408] [exthost] [warning] [Decorations] CAPPING events from decorations provider vscode.git 3601
[2021-07-20 19:08:36.210] [exthost] [warning] [Decorations] CAPPING events from decorations provider vscode.git 3601
[2021-07-20 19:08:42.035] [exthost] [warning] [Decorations] CAPPING events from decorations provider vscode.git 3601
[2021-07-20 19:08:47.871] [exthost] [warning] [Decorations] CAPPING events from decorations provider vscode.git 3601
[2021-07-20 19:08:53.644] [exthost] [warning] [Decorations] CAPPING events from decorations provider vscode.git 3601
[2021-07-20 19:08:59.384] [exthost] [warning] [Decorations] CAPPING events from decorations provider vscode.git 3601
[2021-07-20 19:09:05.243] [exthost] [warning] [Decorations] CAPPING events from decorations provider vscode.git 3601
[2021-07-20 19:09:10.992] [exthost] [warning] [Decorations] CAPPING events from decorations provider vscode.git 3601
[2021-07-20 19:09:16.760] [exthost] [warning] [Decorations] CAPPING events from decorations provider vscode.git 3601
[2021-07-20 19:09:22.534] [exthost] [warning] [Decorations] CAPPING events from decorations provider vscode.git 3601
[2021-07-20 19:09:28.348] [exthost] [warning] [Decorations] CAPPING events from decorations provider vscode.git 3601
[2021-07-20 19:09:34.165] [exthost] [warning] [Decorations] CAPPING events from decorations provider vscode.git 3601
[2021-07-20 19:09:40.002] [exthost] [warning] [Decorations] CAPPING events from decorations provider vscode.git 3601
[2021-07-20 19:09:45.841] [exthost] [warning] [Decorations] CAPPING events from decorations provider vscode.git 3601
[2021-07-20 19:09:51.650] [exthost] [warning] [Decorations] CAPPING events from decorations provider vscode.git 3601
[2021-07-20 19:09:57.480] [exthost] [warning] [Decorations] CAPPING events from decorations provider vscode.git 3601
[2021-07-20 19:10:03.284] [exthost] [warning] [Decorations] CAPPING events from decorations provider vscode.git 3601
[2021-07-20 19:10:09.119] [exthost] [warning] [Decorations] CAPPING events from decorations provider vscode.git 3601
[2021-07-20 19:10:14.989] [exthost] [warning] [Decorations] CAPPING events from decorations provider vscode.git 3601
[2021-07-20 19:10:20.933] [exthost] [warning] [Decorations] CAPPING events from decorations provider vscode.git 3601
[2021-07-20 19:10:26.781] [exthost] [warning] [Decorations] CAPPING events from decorations provider vscode.git 3601
[2021-07-20 19:10:32.600] [exthost] [warning] [Decorations] CAPPING events from decorations provider vscode.git 3601
[2021-07-20 19:10:38.419] [exthost] [warning] [Decorations] CAPPING events from decorations provider vscode.git 3601
[2021-07-20 19:10:44.248] [exthost] [warning] [Decorations] CAPPING events from decorations provider vscode.git 3601
[2021-07-20 19:10:50.100] [exthost] [warning] [Decorations] CAPPING events from decorations provider vscode.git 3601
[2021-07-20 19:10:55.837] [exthost] [warning] [Decorations] CAPPING events from decorations provider vscode.git 3601
[2021-07-20 19:11:01.554] [exthost] [warning] [Decorations] CAPPING events from decorations provider vscode.git 2808
[2021-07-20 19:11:07.315] [exthost] [warning] [Decorations] CAPPING events from decorations provider vscode.git 2808
[2021-07-20 19:11:13.050] [exthost] [warning] [Decorations] CAPPING events from decorations provider vscode.git 2808
[2021-07-20 19:11:18.761] [exthost] [warning] [Decorations] CAPPING events from decorations provider vscode.git 2808
[2021-07-20 19:11:24.500] [exthost] [warning] [Decorations] CAPPING events from decorations provider vscode.git 2808
[2021-07-20 19:11:32.262] [exthost] [warning] [Decorations] CAPPING events from decorations provider vscode.git 2808
[2021-07-20 19:11:38.032] [exthost] [warning] [Decorations] CAPPING events from decorations provider vscode.git 2808
[2021-07-20 19:11:43.785] [exthost] [warning] [Decorations] CAPPING events from decorations provider vscode.git 2808
[2021-07-20 19:11:49.515] [exthost] [warning] [Decorations] CAPPING events from decorations provider vscode.git 2808
[2021-07-20 19:11:55.371] [exthost] [warning] [Decorations] CAPPING events from decorations provider vscode.git 2808
[2021-07-20 19:30:56.231] [exthost] [warning] [Decorations] CAPPING events from decorations provider vscode.git 1754
[2021-07-20 19:31:02.013] [exthost] [warning] [Decorations] CAPPING events from decorations provider vscode.git 1740
[2021-07-20 19:31:07.750] [exthost] [warning] [Decorations] CAPPING events from decorations provider vscode.git 1740
[2021-07-20 19:31:13.477] [exthost] [warning] [Decorations] CAPPING events from decorations provider vscode.git 1740
[2021-07-20 19:31:19.226] [exthost] [warning] [Decorations] CAPPING events from decorations provider vscode.git 1740
[2021-07-20 19:31:41.838] [exthost] [warning] [Decorations] CAPPING events from decorations provider vscode.git 1742
[2021-07-20 19:31:47.616] [exthost] [warning] [Decorations] CAPPING events from decorations provider vscode.git 1742
[2021-07-20 19:33:16.320] [exthost] [warning] [Decorations] CAPPING events from decorations provider vscode.git 1744
[2021-07-20 19:33:22.064] [exthost] [warning] [Decorations] CAPPING events from decorations provider vscode.git 1744
[2021-07-20 19:33:27.811] [exthost] [warning] [Decorations] CAPPING events from decorations provider vscode.git 1744
[2021-07-20 19:33:33.640] [exthost] [warning] [Decorations] CAPPING events from decorations provider vscode.git 1744
[2021-07-20 19:33:41.139] [exthost] [warning] [Decorations] CAPPING events from decorations provider vscode.git 1746
[2021-07-20 19:33:46.868] [exthost] [warning] [Decorations] CAPPING events from decorations provider vscode.git 1746
[2021-07-20 19:33:52.581] [exthost] [warning] [Decorations] CAPPING events from decorations provider vscode.git 1746
[2021-07-20 19:33:58.314] [exthost] [warning] [Decorations] CAPPING events from decorations provider vscode.git 1746
[2021-07-20 19:36:50.135] [exthost] [warning] [Decorations] CAPPING events from decorations provider vscode.git 1746
[2021-07-20 19:36:55.941] [exthost] [warning] [Decorations] CAPPING events from decorations provider vscode.git 1746
[2021-07-20 19:37:01.818] [exthost] [warning] [Decorations] CAPPING events from decorations provider vscode.git 1746
[2021-07-20 19:37:07.621] [exthost] [warning] [Decorations] CAPPING events from decorations provider vscode.git 1746
[2021-07-20 19:37:13.414] [exthost] [warning] [Decorations] CAPPING events from decorations provider vscode.git 1746
[2021-07-20 19:42:43.873] [exthost] [warning] [Decorations] CAPPING events from decorations provider vscode.git 1748
[2021-07-20 19:42:49.681] [exthost] [warning] [Decorations] CAPPING events from decorations provider vscode.git 1748
[2021-07-20 19:43:02.331] [exthost] [warning] [Decorations] CAPPING events from decorations provider vscode.git 1748
[2021-07-20 19:43:08.271] [exthost] [warning] [Decorations] CAPPING events from decorations provider vscode.git 1748
[2021-07-20 19:43:14.191] [exthost] [warning] [Decorations] CAPPING events from decorations provider vscode.git 1748
[2021-07-20 19:43:20.001] [exthost] [warning] [Decorations] CAPPING events from decorations provider vscode.git 1748
[2021-07-20 19:43:25.860] [exthost] [warning] [Decorations] CAPPING events from decorations provider vscode.git 1748
[2021-07-20 19:43:31.616] [exthost] [warning] [Decorations] CAPPING events from decorations provider vscode.git 1748
[2021-07-20 19:43:37.440] [exthost] [warning] [Decorations] CAPPING events from decorations provider vscode.git 1748
[2021-07-20 19:43:43.282] [exthost] [warning] [Decorations] CAPPING events from decorations provider vscode.git 1748
[2021-07-20 19:44:03.653] [exthost] [warning] [Decorations] CAPPING events from decorations provider vscode.git 1750
[2021-07-20 19:44:28.036] [exthost] [warning] [Decorations] CAPPING events from decorations provider vscode.git 1752
[2021-07-20 19:44:33.887] [exthost] [warning] [Decorations] CAPPING events from decorations provider vscode.git 1752
[2021-07-20 19:44:39.696] [exthost] [warning] [Decorations] CAPPING events from decorations provider vscode.git 1752
[2021-07-20 19:44:45.495] [exthost] [warning] [Decorations] CAPPING events from decorations provider vscode.git 1752
[2021-07-20 19:44:51.296] [exthost] [warning] [Decorations] CAPPING events from decorations provider vscode.git 1752
[2021-07-20 19:44:57.170] [exthost] [warning] [Decorations] CAPPING events from decorations provider vscode.git 1752
[2021-07-20 19:45:04.798] [exthost] [warning] [Decorations] CAPPING events from decorations provider vscode.git 1754
[2021-07-20 19:45:10.606] [exthost] [warning] [Decorations] CAPPING events from decorations provider vscode.git 1754
[2021-07-20 19:45:19.746] [exthost] [warning] [Decorations] CAPPING events from decorations provider vscode.git 1756
[2021-07-20 19:45:25.541] [exthost] [warning] [Decorations] CAPPING events from decorations provider vscode.git 1756
[2021-07-20 19:45:31.363] [exthost] [warning] [Decorations] CAPPING events from decorations provider vscode.git 1756
[2021-07-20 19:45:43.102] [exthost] [warning] [Decorations] CAPPING events from decorations provider vscode.git 1758
[2021-07-20 19:45:48.918] [exthost] [warning] [Decorations] CAPPING events from decorations provider vscode.git 1755
[2021-07-20 19:45:54.732] [exthost] [warning] [Decorations] CAPPING events from decorations provider vscode.git 1755
[2021-07-20 19:46:00.525] [exthost] [warning] [Decorations] CAPPING events from decorations provider vscode.git 1755
[2021-07-20 19:46:06.359] [exthost] [warning] [Decorations] CAPPING events from decorations provider vscode.git 1755
[2021-07-20 19:46:12.186] [exthost] [warning] [Decorations] CAPPING events from decorations provider vscode.git 1755
[2021-07-20 19:46:18.010] [exthost] [warning] [Decorations] CAPPING events from decorations provider vscode.git 1755
[2021-07-20 19:46:32.840] [exthost] [warning] [Decorations] CAPPING events from decorations provider vscode.git 1757
[2021-07-20 19:46:38.647] [exthost] [warning] [Decorations] CAPPING events from decorations provider vscode.git 1757
[2021-07-20 19:46:44.508] [exthost] [warning] [Decorations] CAPPING events from decorations provider vscode.git 1757
[2021-07-20 19:46:50.326] [exthost] [warning] [Decorations] CAPPING events from decorations provider vscode.git 1757
[2021-07-20 19:46:56.195] [exthost] [warning] [Decorations] CAPPING events from decorations provider vscode.git 1757
[2021-07-20 19:47:02.010] [exthost] [warning] [Decorations] CAPPING events from decorations provider vscode.git 1759
[2021-07-20 19:47:07.803] [exthost] [warning] [Decorations] CAPPING events from decorations provider vscode.git 1759
[2021-07-20 19:47:13.598] [exthost] [warning] [Decorations] CAPPING events from decorations provider vscode.git 1759
[2021-07-20 19:47:19.418] [exthost] [warning] [Decorations] CAPPING events from decorations provider vscode.git 1759
[2021-07-20 19:47:28.931] [exthost] [warning] [Decorations] CAPPING events from decorations provider vscode.git 1761
[2021-07-20 19:47:34.704] [exthost] [warning] [Decorations] CAPPING events from decorations provider vscode.git 1761
[2021-07-20 19:47:40.460] [exthost] [warning] [Decorations] CAPPING events from decorations provider vscode.git 1761
[2021-07-20 19:47:55.036] [exthost] [warning] [Decorations] CAPPING events from decorations provider vscode.git 1763
[2021-07-20 19:48:00.975] [exthost] [warning] [Decorations] CAPPING events from decorations provider vscode.git 1763
[2021-07-20 19:48:06.825] [exthost] [warning] [Decorations] CAPPING events from decorations provider vscode.git 1763
[2021-07-20 19:48:12.637] [exthost] [warning] [Decorations] CAPPING events from decorations provider vscode.git 1763
[2021-07-20 19:48:18.476] [exthost] [warning] [Decorations] CAPPING events from decorations provider vscode.git 1763
[2021-07-20 19:48:24.278] [exthost] [warning] [Decorations] CAPPING events from decorations provider vscode.git 1763
[2021-07-20 19:48:30.079] [exthost] [warning] [Decorations] CAPPING events from decorations provider vscode.git 1763
[2021-07-20 19:48:35.928] [exthost] [warning] [Decorations] CAPPING events from decorations provider vscode.git 1763
[2021-07-20 19:48:41.725] [exthost] [warning] [Decorations] CAPPING events from decorations provider vscode.git 1763
[2021-07-20 19:48:47.546] [exthost] [warning] [Decorations] CAPPING events from decorations provider vscode.git 1763
[2021-07-20 19:48:53.316] [exthost] [warning] [Decorations] CAPPING events from decorations provider vscode.git 1763
[2021-07-20 19:48:59.311] [exthost] [warning] [Decorations] CAPPING events from decorations provider vscode.git 1763
[2021-07-20 19:49:14.455] [exthost] [warning] [Decorations] CAPPING events from decorations provider vscode.git 1765
[2021-07-20 19:49:20.269] [exthost] [warning] [Decorations] CAPPING events from decorations provider vscode.git 1765
[2021-07-20 19:49:26.126] [exthost] [warning] [Decorations] CAPPING events from decorations provider vscode.git 1765
[2021-07-20 19:49:32.029] [exthost] [warning] [Decorations] CAPPING events from decorations provider vscode.git 1765
[2021-07-20 19:49:37.849] [exthost] [warning] [Decorations] CAPPING events from decorations provider vscode.git 1765
[2021-07-20 19:49:46.408] [exthost] [warning] [Decorations] CAPPING events from decorations provider vscode.git 1767
[2021-07-20 19:49:52.195] [exthost] [warning] [Decorations] CAPPING events from decorations provider vscode.git 1767
[2021-07-20 19:49:57.997] [exthost] [warning] [Decorations] CAPPING events from decorations provider vscode.git 1767
[2021-07-20 19:50:03.881] [exthost] [warning] [Decorations] CAPPING events from decorations provider vscode.git 1767
[2021-07-20 19:50:09.732] [exthost] [warning] [Decorations] CAPPING events from decorations provider vscode.git 1767
[2021-07-20 19:50:15.629] [exthost] [warning] [Decorations] CAPPING events from decorations provider vscode.git 1767
[2021-07-20 19:50:21.449] [exthost] [warning] [Decorations] CAPPING events from decorations provider vscode.git 1767
[2021-07-20 19:50:27.277] [exthost] [warning] [Decorations] CAPPING events from decorations provider vscode.git 1767
[2021-07-20 19:50:33.133] [exthost] [warning] [Decorations] CAPPING events from decorations provider vscode.git 1767
[2021-07-20 19:50:39.016] [exthost] [warning] [Decorations] CAPPING events from decorations provider vscode.git 1767
[2021-07-20 19:50:44.876] [exthost] [warning] [Decorations] CAPPING events from decorations provider vscode.git 1767
[2021-07-20 19:50:50.642] [exthost] [warning] [Decorations] CAPPING events from decorations provider vscode.git 1767
[2021-07-20 19:50:56.588] [exthost] [warning] [Decorations] CAPPING events from decorations provider vscode.git 1767
[2021-07-20 19:51:02.387] [exthost] [warning] [Decorations] CAPPING events from decorations provider vscode.git 1767
[2021-07-20 19:51:08.206] [exthost] [warning] [Decorations] CAPPING events from decorations provider vscode.git 1767
[2021-07-20 19:51:14.106] [exthost] [warning] [Decorations] CAPPING events from decorations provider vscode.git 1767
[2021-07-20 19:51:19.979] [exthost] [warning] [Decorations] CAPPING events from decorations provider vscode.git 1767
[2021-07-20 19:51:25.759] [exthost] [warning] [Decorations] CAPPING events from decorations provider vscode.git 1767
[2021-07-20 19:51:31.504] [exthost] [warning] [Decorations] CAPPING events from decorations provider vscode.git 1767
[2021-07-20 19:51:37.438] [exthost] [warning] [Decorations] CAPPING events from decorations provider vscode.git 1767
[2021-07-20 19:55:14.796] [exthost] [warning] [Decorations] CAPPING events from decorations provider vscode.git 1769
[2021-07-20 19:55:20.732] [exthost] [warning] [Decorations] CAPPING events from decorations provider vscode.git 1769
[2021-07-20 19:55:26.487] [exthost] [warning] [Decorations] CAPPING events from decorations provider vscode.git 1769
[2021-07-20 19:55:32.291] [exthost] [warning] [Decorations] CAPPING events from decorations provider vscode.git 1769
[2021-07-20 19:55:38.075] [exthost] [warning] [Decorations] CAPPING events from decorations provider vscode.git 1769
[2021-07-20 19:55:43.884] [exthost] [warning] [Decorations] CAPPING events from decorations provider vscode.git 1769
[2021-07-20 19:55:49.710] [exthost] [warning] [Decorations] CAPPING events from decorations provider vscode.git 1769
[2021-07-20 20:01:29.855] [exthost] [warning] [Decorations] CAPPING events from decorations provider vscode.git 1769
[2021-07-20 20:01:35.791] [exthost] [warning] [Decorations] CAPPING events from decorations provider vscode.git 1769
[2021-07-20 20:01:41.610] [exthost] [warning] [Decorations] CAPPING events from decorations provider vscode.git 1769
[2021-07-20 20:01:47.385] [exthost] [warning] [Decorations] CAPPING events from decorations provider vscode.git 1769
[2021-07-20 20:01:53.202] [exthost] [warning] [Decorations] CAPPING events from decorations provider vscode.git 1769
[2021-07-20 20:01:59.012] [exthost] [warning] [Decorations] CAPPING events from decorations provider vscode.git 1769
[2021-07-20 20:02:04.842] [exthost] [warning] [Decorations] CAPPING events from decorations provider vscode.git 1769
[2021-07-20 20:02:10.656] [exthost] [warning] [Decorations] CAPPING events from decorations provider vscode.git 1769
[2021-07-20 20:02:16.485] [exthost] [warning] [Decorations] CAPPING events from decorations provider vscode.git 1769
[2021-07-20 20:02:22.460] [exthost] [warning] [Decorations] CAPPING events from decorations provider vscode.git 1769
[2021-07-20 20:02:28.287] [exthost] [warning] [Decorations] CAPPING events from decorations provider vscode.git 1769
[2021-07-20 20:02:34.109] [exthost] [warning] [Decorations] CAPPING events from decorations provider vscode.git 1769
[2021-07-20 20:02:39.928] [exthost] [warning] [Decorations] CAPPING events from decorations provider vscode.git 1769
[2021-07-20 20:02:45.710] [exthost] [warning] [Decorations] CAPPING events from decorations provider vscode.git 1769
[2021-07-20 20:02:51.581] [exthost] [warning] [Decorations] CAPPING events from decorations provider vscode.git 1769
[2021-07-20 20:02:57.505] [exthost] [warning] [Decorations] CAPPING events from decorations provider vscode.git 1769
[2021-07-20 20:03:03.379] [exthost] [warning] [Decorations] CAPPING events from decorations provider vscode.git 1769
[2021-07-20 20:03:09.185] [exthost] [warning] [Decorations] CAPPING events from decorations provider vscode.git 1769
[2021-07-20 20:03:15.015] [exthost] [warning] [Decorations] CAPPING events from decorations provider vscode.git 1769
[2021-07-20 20:03:20.889] [exthost] [warning] [Decorations] CAPPING events from decorations provider vscode.git 1769
[2021-07-20 20:03:26.678] [exthost] [warning] [Decorations] CAPPING events from decorations provider vscode.git 1769
[2021-07-20 20:03:32.480] [exthost] [warning] [Decorations] CAPPING events from decorations provider vscode.git 1769
[2021-07-20 20:03:38.295] [exthost] [warning] [Decorations] CAPPING events from decorations provider vscode.git 1769
[2021-07-20 20:03:44.261] [exthost] [warning] [Decorations] CAPPING events from decorations provider vscode.git 1769
[2021-07-20 20:03:50.056] [exthost] [warning] [Decorations] CAPPING events from decorations provider vscode.git 1769
[2021-07-20 20:03:55.913] [exthost] [warning] [Decorations] CAPPING events from decorations provider vscode.git 1769
[2021-07-20 20:04:01.879] [exthost] [warning] [Decorations] CAPPING events from decorations provider vscode.git 1769
[2021-07-20 20:04:07.688] [exthost] [warning] [Decorations] CAPPING events from decorations provider vscode.git 1769
[2021-07-20 20:04:13.542] [exthost] [warning] [Decorations] CAPPING events from decorations provider vscode.git 1769
[2021-07-20 20:04:19.390] [exthost] [warning] [Decorations] CAPPING events from decorations provider vscode.git 1769
[2021-07-20 20:04:25.227] [exthost] [warning] [Decorations] CAPPING events from decorations provider vscode.git 1769
[2021-07-20 20:04:31.089] [exthost] [warning] [Decorations] CAPPING events from decorations provider vscode.git 1769
[2021-07-20 20:04:36.999] [exthost] [warning] [Decorations] CAPPING events from decorations provider vscode.git 1769
[2021-07-20 20:04:42.838] [exthost] [warning] [Decorations] CAPPING events from decorations provider vscode.git 1769
[2021-07-20 20:04:48.681] [exthost] [warning] [Decorations] CAPPING events from decorations provider vscode.git 1769
[2021-07-20 20:04:54.517] [exthost] [warning] [Decorations] CAPPING events from decorations provider vscode.git 1769
[2021-07-20 20:05:00.348] [exthost] [warning] [Decorations] CAPPING events from decorations provider vscode.git 1769
[2021-07-20 20:05:06.193] [exthost] [warning] [Decorations] CAPPING events from decorations provider vscode.git 1769
[2021-07-20 20:05:12.006] [exthost] [warning] [Decorations] CAPPING events from decorations provider vscode.git 1769
[2021-07-20 20:05:17.804] [exthost] [warning] [Decorations] CAPPING events from decorations provider vscode.git 1769
[2021-07-20 20:05:23.588] [exthost] [warning] [Decorations] CAPPING events from decorations provider vscode.git 1769
[2021-07-20 20:05:29.424] [exthost] [warning] [Decorations] CAPPING events from decorations provider vscode.git 1769
[2021-07-20 20:05:35.247] [exthost] [warning] [Decorations] CAPPING events from decorations provider vscode.git 1769
[2021-07-20 20:05:41.063] [exthost] [warning] [Decorations] CAPPING events from decorations provider vscode.git 1769
[2021-07-20 20:05:46.891] [exthost] [warning] [Decorations] CAPPING events from decorations provider vscode.git 1769
[2021-07-20 20:05:52.685] [exthost] [warning] [Decorations] CAPPING events from decorations provider vscode.git 1769
[2021-07-20 20:05:58.539] [exthost] [warning] [Decorations] CAPPING events from decorations provider vscode.git 1769
[2021-07-20 20:06:04.421] [exthost] [warning] [Decorations] CAPPING events from decorations provider vscode.git 1769
[2021-07-20 20:06:10.252] [exthost] [warning] [Decorations] CAPPING events from decorations provider vscode.git 1769
[2021-07-20 20:06:16.131] [exthost] [warning] [Decorations] CAPPING events from decorations provider vscode.git 1769
[2021-07-20 20:06:22.020] [exthost] [warning] [Decorations] CAPPING events from decorations provider vscode.git 1769
[2021-07-20 20:06:27.869] [exthost] [warning] [Decorations] CAPPING events from decorations provider vscode.git 1769
[2021-07-20 20:06:33.698] [exthost] [warning] [Decorations] CAPPING events from decorations provider vscode.git 1769
[2021-07-20 20:06:39.565] [exthost] [warning] [Decorations] CAPPING events from decorations provider vscode.git 1769
[2021-07-20 20:06:45.430] [exthost] [warning] [Decorations] CAPPING events from decorations provider vscode.git 1769
[2021-07-20 20:06:51.281] [exthost] [warning] [Decorations] CAPPING events from decorations provider vscode.git 1769
[2021-07-20 20:06:57.137] [exthost] [warning] [Decorations] CAPPING events from decorations provider vscode.git 1769
[2021-07-20 20:07:06.969] [exthost] [warning] [Decorations] CAPPING events from decorations provider vscode.git 1769
[2021-07-20 20:07:12.799] [exthost] [warning] [Decorations] CAPPING events from decorations provider vscode.git 1769
[2021-07-20 20:07:18.638] [exthost] [warning] [Decorations] CAPPING events from decorations provider vscode.git 1769
[2021-07-20 20:07:24.460] [exthost] [warning] [Decorations] CAPPING events from decorations provider vscode.git 1769
[2021-07-20 20:07:44.848] [exthost] [warning] [Decorations] CAPPING events from decorations provider vscode.git 1769
[2021-07-20 20:07:50.775] [exthost] [warning] [Decorations] CAPPING events from decorations provider vscode.git 1769
[2021-07-20 20:07:56.603] [exthost] [warning] [Decorations] CAPPING events from decorations provider vscode.git 1769
[2021-07-20 20:08:02.445] [exthost] [warning] [Decorations] CAPPING events from decorations provider vscode.git 1769
[2021-07-20 20:08:08.269] [exthost] [warning] [Decorations] CAPPING events from decorations provider vscode.git 1769
[2021-07-20 20:08:14.122] [exthost] [warning] [Decorations] CAPPING events from decorations provider vscode.git 1769
[2021-07-20 20:08:19.974] [exthost] [warning] [Decorations] CAPPING events from decorations provider vscode.git 1769
[2021-07-20 20:08:25.808] [exthost] [warning] [Decorations] CAPPING events from decorations provider vscode.git 1769
[2021-07-20 20:08:31.636] [exthost] [warning] [Decorations] CAPPING events from decorations provider vscode.git 1769
[2021-07-20 20:08:37.478] [exthost] [warning] [Decorations] CAPPING events from decorations provider vscode.git 1769
[2021-07-20 20:08:43.316] [exthost] [warning] [Decorations] CAPPING events from decorations provider vscode.git 1769
[2021-07-20 20:08:49.165] [exthost] [warning] [Decorations] CAPPING events from decorations provider vscode.git 1769
[2021-07-20 20:08:55.017] [exthost] [warning] [Decorations] CAPPING events from decorations provider vscode.git 1769
[2021-07-20 20:09:00.820] [exthost] [warning] [Decorations] CAPPING events from decorations provider vscode.git 1769
[2021-07-20 20:09:06.650] [exthost] [warning] [Decorations] CAPPING events from decorations provider vscode.git 1769
[2021-07-20 20:09:12.531] [exthost] [warning] [Decorations] CAPPING events from decorations provider vscode.git 1769
[2021-07-20 20:09:18.460] [exthost] [warning] [Decorations] CAPPING events from decorations provider vscode.git 1769
[2021-07-20 20:09:24.289] [exthost] [warning] [Decorations] CAPPING events from decorations provider vscode.git 1769
[2021-07-20 20:09:30.120] [exthost] [warning] [Decorations] CAPPING events from decorations provider vscode.git 1769
[2021-07-20 20:09:35.979] [exthost] [warning] [Decorations] CAPPING events from decorations provider vscode.git 1769
[2021-07-20 20:09:41.912] [exthost] [warning] [Decorations] CAPPING events from decorations provider vscode.git 1769
[2021-07-20 20:09:47.761] [exthost] [warning] [Decorations] CAPPING events from decorations provider vscode.git 1769
[2021-07-20 20:09:53.591] [exthost] [warning] [Decorations] CAPPING events from decorations provider vscode.git 1769
[2021-07-20 20:09:59.512] [exthost] [warning] [Decorations] CAPPING events from decorations provider vscode.git 1769
[2021-07-20 20:10:05.381] [exthost] [warning] [Decorations] CAPPING events from decorations provider vscode.git 1769
[2021-07-20 20:10:11.201] [exthost] [warning] [Decorations] CAPPING events from decorations provider vscode.git 1769
[2021-07-20 20:10:17.046] [exthost] [warning] [Decorations] CAPPING events from decorations provider vscode.git 1769
[2021-07-20 20:10:22.879] [exthost] [warning] [Decorations] CAPPING events from decorations provider vscode.git 1769
[2021-07-20 20:10:28.814] [exthost] [warning] [Decorations] CAPPING events from decorations provider vscode.git 1769
[2021-07-20 20:10:34.671] [exthost] [warning] [Decorations] CAPPING events from decorations provider vscode.git 1769
[2021-07-20 20:10:40.490] [exthost] [warning] [Decorations] CAPPING events from decorations provider vscode.git 1769
[2021-07-20 20:10:46.313] [exthost] [warning] [Decorations] CAPPING events from decorations provider vscode.git 1769
[2021-07-20 20:10:52.157] [exthost] [warning] [Decorations] CAPPING events from decorations provider vscode.git 1769
[2021-07-20 20:10:58.009] [exthost] [warning] [Decorations] CAPPING events from decorations provider vscode.git 1769
[2021-07-20 20:11:03.841] [exthost] [warning] [Decorations] CAPPING events from decorations provider vscode.git 1769
[2021-07-20 20:11:09.644] [exthost] [warning] [Decorations] CAPPING events from decorations provider vscode.git 1769
[2021-07-20 20:11:15.472] [exthost] [warning] [Decorations] CAPPING events from decorations provider vscode.git 1769
[2021-07-20 20:11:21.431] [exthost] [warning] [Decorations] CAPPING events from decorations provider vscode.git 1769
[2021-07-20 20:11:27.276] [exthost] [warning] [Decorations] CAPPING events from decorations provider vscode.git 1769
[2021-07-20 20:11:33.105] [exthost] [warning] [Decorations] CAPPING events from decorations provider vscode.git 1769
[2021-07-20 20:11:38.912] [exthost] [warning] [Decorations] CAPPING events from decorations provider vscode.git 1769
[2021-07-20 20:11:44.751] [exthost] [warning] [Decorations] CAPPING events from decorations provider vscode.git 1769
[2021-07-20 20:11:50.601] [exthost] [warning] [Decorations] CAPPING events from decorations provider vscode.git 1769
[2021-07-20 20:11:56.470] [exthost] [warning] [Decorations] CAPPING events from decorations provider vscode.git 1769
[2021-07-20 20:12:02.308] [exthost] [warning] [Decorations] CAPPING events from decorations provider vscode.git 1769
[2021-07-20 20:12:08.114] [exthost] [warning] [Decorations] CAPPING events from decorations provider vscode.git 1769
[2021-07-20 20:12:13.949] [exthost] [warning] [Decorations] CAPPING events from decorations provider vscode.git 1769
[2021-07-20 20:12:19.783] [exthost] [warning] [Decorations] CAPPING events from decorations provider vscode.git 1769
[2021-07-20 20:12:25.631] [exthost] [warning] [Decorations] CAPPING events from decorations provider vscode.git 1769
[2021-07-20 20:12:31.505] [exthost] [warning] [Decorations] CAPPING events from decorations provider vscode.git 1769
[2021-07-20 20:12:37.374] [exthost] [warning] [Decorations] CAPPING events from decorations provider vscode.git 1769
[2021-07-20 20:12:43.229] [exthost] [warning] [Decorations] CAPPING events from decorations provider vscode.git 1769
[2021-07-20 20:12:49.094] [exthost] [warning] [Decorations] CAPPING events from decorations provider vscode.git 1769
[2021-07-20 20:12:54.949] [exthost] [warning] [Decorations] CAPPING events from decorations provider vscode.git 1769
[2021-07-20 20:13:00.857] [exthost] [warning] [Decorations] CAPPING events from decorations provider vscode.git 1769
[2021-07-20 20:13:06.728] [exthost] [warning] [Decorations] CAPPING events from decorations provider vscode.git 1769
[2021-07-20 20:13:12.585] [exthost] [warning] [Decorations] CAPPING events from decorations provider vscode.git 1769
[2021-07-20 20:13:18.422] [exthost] [warning] [Decorations] CAPPING events from decorations provider vscode.git 1769
[2021-07-20 20:13:24.232] [exthost] [warning] [Decorations] CAPPING events from decorations provider vscode.git 1769
[2021-07-20 20:13:30.079] [exthost] [warning] [Decorations] CAPPING events from decorations provider vscode.git 1769
[2021-07-20 20:13:35.925] [exthost] [warning] [Decorations] CAPPING events from decorations provider vscode.git 1769
[2021-07-20 20:13:41.738] [exthost] [warning] [Decorations] CAPPING events from decorations provider vscode.git 1769
[2021-07-20 20:13:47.572] [exthost] [warning] [Decorations] CAPPING events from decorations provider vscode.git 1769
[2021-07-20 20:14:50.283] [exthost] [warning] [Decorations] CAPPING events from decorations provider vscode.git 1774
[2021-07-20 20:14:56.144] [exthost] [warning] [Decorations] CAPPING events from decorations provider vscode.git 1739
[2021-07-20 20:15:01.977] [exthost] [warning] [Decorations] CAPPING events from decorations provider vscode.git 1739
[2021-07-20 20:15:15.627] [exthost] [warning] [Decorations] CAPPING events from decorations provider vscode.git 1741
[2021-07-20 20:15:21.433] [exthost] [warning] [Decorations] CAPPING events from decorations provider vscode.git 1741
[2021-07-20 20:15:27.373] [exthost] [warning] [Decorations] CAPPING events from decorations provider vscode.git 1741
[2021-07-20 20:15:40.498] [exthost] [warning] [Decorations] CAPPING events from decorations provider vscode.git 1742
[2021-07-20 20:15:46.376] [exthost] [warning] [Decorations] CAPPING events from decorations provider vscode.git 1743
[2021-07-20 20:15:52.243] [exthost] [warning] [Decorations] CAPPING events from decorations provider vscode.git 1743
[2021-07-20 20:15:58.053] [exthost] [warning] [Decorations] CAPPING events from decorations provider vscode.git 1743
[2021-07-20 20:16:03.917] [exthost] [warning] [Decorations] CAPPING events from decorations provider vscode.git 1743
[2021-07-20 20:16:50.696] [exthost] [warning] [Decorations] CAPPING events from decorations provider vscode.git 1745
[2021-07-20 20:16:56.496] [exthost] [warning] [Decorations] CAPPING events from decorations provider vscode.git 1745
[2021-07-20 20:17:02.373] [exthost] [warning] [Decorations] CAPPING events from decorations provider vscode.git 1745
[2021-07-20 20:17:08.199] [exthost] [warning] [Decorations] CAPPING events from decorations provider vscode.git 1745
[2021-07-20 20:17:14.164] [exthost] [warning] [Decorations] CAPPING events from decorations provider vscode.git 1745
[2021-07-20 20:17:19.985] [exthost] [warning] [Decorations] CAPPING events from decorations provider vscode.git 1745
[2021-07-20 20:17:25.799] [exthost] [warning] [Decorations] CAPPING events from decorations provider vscode.git 1745
[2021-07-20 20:17:31.615] [exthost] [warning] [Decorations] CAPPING events from decorations provider vscode.git 1745
[2021-07-20 20:17:37.577] [exthost] [warning] [Decorations] CAPPING events from decorations provider vscode.git 1745
[2021-07-20 20:17:43.419] [exthost] [warning] [Decorations] CAPPING events from decorations provider vscode.git 1745
[2021-07-20 20:17:49.360] [exthost] [warning] [Decorations] CAPPING events from decorations provider vscode.git 1745
[2021-07-20 20:17:55.176] [exthost] [warning] [Decorations] CAPPING events from decorations provider vscode.git 1745
[2021-07-20 20:18:00.986] [exthost] [warning] [Decorations] CAPPING events from decorations provider vscode.git 1745
[2021-07-20 20:18:06.813] [exthost] [warning] [Decorations] CAPPING events from decorations provider vscode.git 1745
[2021-07-20 20:18:12.633] [exthost] [warning] [Decorations] CAPPING events from decorations provider vscode.git 1745
[2021-07-20 20:18:18.473] [exthost] [warning] [Decorations] CAPPING events from decorations provider vscode.git 1745
[2021-07-20 20:18:24.321] [exthost] [warning] [Decorations] CAPPING events from decorations provider vscode.git 1745
[2021-07-20 20:18:30.140] [exthost] [warning] [Decorations] CAPPING events from decorations provider vscode.git 1745
[2021-07-20 20:18:36.020] [exthost] [warning] [Decorations] CAPPING events from decorations provider vscode.git 1745
[2021-07-20 20:18:41.942] [exthost] [warning] [Decorations] CAPPING events from decorations provider vscode.git 1745
[2021-07-20 20:18:47.779] [exthost] [warning] [Decorations] CAPPING events from decorations provider vscode.git 1745
[2021-07-20 20:18:53.631] [exthost] [warning] [Decorations] CAPPING events from decorations provider vscode.git 1745
[2021-07-20 20:18:59.496] [exthost] [warning] [Decorations] CAPPING events from decorations provider vscode.git 1745
[2021-07-20 20:19:05.352] [exthost] [warning] [Decorations] CAPPING events from decorations provider vscode.git 1745
[2021-07-20 20:19:11.226] [exthost] [warning] [Decorations] CAPPING events from decorations provider vscode.git 1745
[2021-07-20 20:19:17.138] [exthost] [warning] [Decorations] CAPPING events from decorations provider vscode.git 1745
[2021-07-20 20:19:22.990] [exthost] [warning] [Decorations] CAPPING events from decorations provider vscode.git 1745
[2021-07-20 20:19:28.948] [exthost] [warning] [Decorations] CAPPING events from decorations provider vscode.git 1745
[2021-07-20 20:19:34.900] [exthost] [warning] [Decorations] CAPPING events from decorations provider vscode.git 1745
[2021-07-20 20:19:40.751] [exthost] [warning] [Decorations] CAPPING events from decorations provider vscode.git 1745
[2021-07-20 20:19:46.574] [exthost] [warning] [Decorations] CAPPING events from decorations provider vscode.git 1745
[2021-07-20 20:19:52.379] [exthost] [warning] [Decorations] CAPPING events from decorations provider vscode.git 1745
[2021-07-20 20:19:58.189] [exthost] [warning] [Decorations] CAPPING events from decorations provider vscode.git 1745
[2021-07-20 20:20:04.019] [exthost] [warning] [Decorations] CAPPING events from decorations provider vscode.git 1745
[2021-07-20 20:20:09.907] [exthost] [warning] [Decorations] CAPPING events from decorations provider vscode.git 1745
[2021-07-20 20:20:53.561] [exthost] [warning] [Decorations] CAPPING events from decorations provider vscode.git 1745
[2021-07-20 20:20:59.385] [exthost] [warning] [Decorations] CAPPING events from decorations provider vscode.git 1745
[2021-07-20 20:21:05.208] [exthost] [warning] [Decorations] CAPPING events from decorations provider vscode.git 1745
[2021-07-20 20:21:11.010] [exthost] [warning] [Decorations] CAPPING events from decorations provider vscode.git 1745
[2021-07-20 20:21:16.847] [exthost] [warning] [Decorations] CAPPING events from decorations provider vscode.git 1745
[2021-07-20 20:21:22.611] [exthost] [warning] [Decorations] CAPPING events from decorations provider vscode.git 1745
[2021-07-20 20:21:28.404] [exthost] [warning] [Decorations] CAPPING events from decorations provider vscode.git 1745
[2021-07-20 20:21:34.320] [exthost] [warning] [Decorations] CAPPING events from decorations provider vscode.git 1745
[2021-07-20 20:21:46.798] [exthost] [warning] [Decorations] CAPPING events from decorations provider vscode.git 1745
[2021-07-20 20:21:52.589] [exthost] [warning] [Decorations] CAPPING events from decorations provider vscode.git 1745
[2021-07-20 20:21:58.390] [exthost] [warning] [Decorations] CAPPING events from decorations provider vscode.git 1745
[2021-07-20 20:22:04.225] [exthost] [warning] [Decorations] CAPPING events from decorations provider vscode.git 1745
[2021-07-20 20:22:09.995] [exthost] [warning] [Decorations] CAPPING events from decorations provider vscode.git 1745
[2021-07-20 20:22:15.809] [exthost] [warning] [Decorations] CAPPING events from decorations provider vscode.git 1745
[2021-07-20 20:22:21.598] [exthost] [warning] [Decorations] CAPPING events from decorations provider vscode.git 1745
[2021-07-20 20:22:27.393] [exthost] [warning] [Decorations] CAPPING events from decorations provider vscode.git 1745
[2021-07-20 20:22:33.173] [exthost] [warning] [Decorations] CAPPING events from decorations provider vscode.git 1745
[2021-07-20 20:22:39.158] [exthost] [warning] [Decorations] CAPPING events from decorations provider vscode.git 1745
[2021-07-20 20:22:45.035] [exthost] [warning] [Decorations] CAPPING events from decorations provider vscode.git 1745
[2021-07-20 20:22:50.854] [exthost] [warning] [Decorations] CAPPING events from decorations provider vscode.git 1745
[2021-07-20 20:22:56.670] [exthost] [warning] [Decorations] CAPPING events from decorations provider vscode.git 1745
[2021-07-20 20:23:53.169] [exthost] [warning] [Decorations] CAPPING events from decorations provider vscode.git 1745
[2021-07-20 20:24:29.905] [exthost] [warning] [Decorations] CAPPING events from decorations provider vscode.git 1745
[2021-07-20 20:24:35.704] [exthost] [warning] [Decorations] CAPPING events from decorations provider vscode.git 1745
[2021-07-20 20:24:41.604] [exthost] [warning] [Decorations] CAPPING events from decorations provider vscode.git 1745
[2021-07-20 20:24:47.519] [exthost] [warning] [Decorations] CAPPING events from decorations provider vscode.git 1745
[2021-07-20 20:24:53.342] [exthost] [warning] [Decorations] CAPPING events from decorations provider vscode.git 1745
[2021-07-20 20:24:59.297] [exthost] [warning] [Decorations] CAPPING events from decorations provider vscode.git 1745
[2021-07-20 20:25:05.113] [exthost] [warning] [Decorations] CAPPING events from decorations provider vscode.git 1745
[2021-07-20 20:25:24.892] [exthost] [warning] [Decorations] CAPPING events from decorations provider vscode.git 1747
[2021-07-20 20:25:30.817] [exthost] [warning] [Decorations] CAPPING events from decorations provider vscode.git 1747
[2021-07-20 20:25:36.655] [exthost] [warning] [Decorations] CAPPING events from decorations provider vscode.git 1747
[2021-07-20 20:25:42.530] [exthost] [warning] [Decorations] CAPPING events from decorations provider vscode.git 1747
[2021-07-20 20:26:04.661] [exthost] [warning] [Decorations] CAPPING events from decorations provider vscode.git 1747
[2021-07-20 20:26:10.516] [exthost] [warning] [Decorations] CAPPING events from decorations provider vscode.git 1747
[2021-07-20 20:27:19.043] [exthost] [warning] [Decorations] CAPPING events from decorations provider vscode.git 1747
[2021-07-20 20:28:21.356] [exthost] [warning] [Decorations] CAPPING events from decorations provider vscode.git 1747
[2021-07-20 20:28:27.237] [exthost] [warning] [Decorations] CAPPING events from decorations provider vscode.git 1747
[2021-07-20 20:28:33.238] [exthost] [warning] [Decorations] CAPPING events from decorations provider vscode.git 1747
[2021-07-20 20:28:42.531] [exthost] [warning] [Decorations] CAPPING events from decorations provider vscode.git 1747
[2021-07-20 20:29:02.598] [exthost] [warning] [Decorations] CAPPING events from decorations provider vscode.git 1747
[2021-07-20 20:29:08.510] [exthost] [warning] [Decorations] CAPPING events from decorations provider vscode.git 1747
[2021-07-20 20:29:14.292] [exthost] [warning] [Decorations] CAPPING events from decorations provider vscode.git 1747
[2021-07-20 20:29:20.105] [exthost] [warning] [Decorations] CAPPING events from decorations provider vscode.git 1747
[2021-07-20 20:29:25.905] [exthost] [warning] [Decorations] CAPPING events from decorations provider vscode.git 1747
[2021-07-20 20:29:31.737] [exthost] [warning] [Decorations] CAPPING events from decorations provider vscode.git 1747
[2021-07-20 20:29:37.523] [exthost] [warning] [Decorations] CAPPING events from decorations provider vscode.git 1747
[2021-07-20 20:29:43.303] [exthost] [warning] [Decorations] CAPPING events from decorations provider vscode.git 1747
[2021-07-20 20:29:49.168] [exthost] [warning] [Decorations] CAPPING events from decorations provider vscode.git 1747
[2021-07-20 20:29:54.987] [exthost] [warning] [Decorations] CAPPING events from decorations provider vscode.git 1747
[2021-07-20 20:30:00.841] [exthost] [warning] [Decorations] CAPPING events from decorations provider vscode.git 1747
[2021-07-20 20:30:06.642] [exthost] [warning] [Decorations] CAPPING events from decorations provider vscode.git 1747
[2021-07-20 20:30:12.448] [exthost] [warning] [Decorations] CAPPING events from decorations provider vscode.git 1747
[2021-07-20 20:30:18.260] [exthost] [warning] [Decorations] CAPPING events from decorations provider vscode.git 1747
[2021-07-20 20:30:24.067] [exthost] [warning] [Decorations] CAPPING events from decorations provider vscode.git 1747
[2021-07-20 20:30:29.870] [exthost] [warning] [Decorations] CAPPING events from decorations provider vscode.git 1747
[2021-07-20 20:30:35.658] [exthost] [warning] [Decorations] CAPPING events from decorations provider vscode.git 1747
[2021-07-20 20:30:41.465] [exthost] [warning] [Decorations] CAPPING events from decorations provider vscode.git 1747
[2021-07-20 20:30:47.285] [exthost] [warning] [Decorations] CAPPING events from decorations provider vscode.git 1747
[2021-07-20 20:30:53.100] [exthost] [warning] [Decorations] CAPPING events from decorations provider vscode.git 1747
[2021-07-20 20:30:58.862] [exthost] [warning] [Decorations] CAPPING events from decorations provider vscode.git 1747
[2021-07-20 20:31:04.703] [exthost] [warning] [Decorations] CAPPING events from decorations provider vscode.git 1747
[2021-07-20 20:31:10.494] [exthost] [warning] [Decorations] CAPPING events from decorations provider vscode.git 1747
[2021-07-20 20:31:16.283] [exthost] [warning] [Decorations] CAPPING events from decorations provider vscode.git 1747
[2021-07-20 20:31:22.086] [exthost] [warning] [Decorations] CAPPING events from decorations provider vscode.git 1747
[2021-07-20 20:31:27.877] [exthost] [warning] [Decorations] CAPPING events from decorations provider vscode.git 1747
[2021-07-20 20:31:33.692] [exthost] [warning] [Decorations] CAPPING events from decorations provider vscode.git 1747
[2021-07-20 20:31:39.533] [exthost] [warning] [Decorations] CAPPING events from decorations provider vscode.git 1747
[2021-07-20 20:31:45.365] [exthost] [warning] [Decorations] CAPPING events from decorations provider vscode.git 1747
[2021-07-20 20:31:51.186] [exthost] [warning] [Decorations] CAPPING events from decorations provider vscode.git 1747
[2021-07-20 20:31:56.987] [exthost] [warning] [Decorations] CAPPING events from decorations provider vscode.git 1747
[2021-07-20 20:32:02.809] [exthost] [warning] [Decorations] CAPPING events from decorations provider vscode.git 1747
[2021-07-20 20:32:09.479] [exthost] [warning] [Decorations] CAPPING events from decorations provider vscode.git 1747
[2021-07-20 20:32:15.251] [exthost] [warning] [Decorations] CAPPING events from decorations provider vscode.git 1747
[2021-07-20 20:32:21.083] [exthost] [warning] [Decorations] CAPPING events from decorations provider vscode.git 1747
[2021-07-20 20:32:26.859] [exthost] [warning] [Decorations] CAPPING events from decorations provider vscode.git 1747
[2021-07-20 20:32:32.673] [exthost] [warning] [Decorations] CAPPING events from decorations provider vscode.git 1747
[2021-07-20 20:32:38.481] [exthost] [warning] [Decorations] CAPPING events from decorations provider vscode.git 1747
[2021-07-20 20:32:44.306] [exthost] [warning] [Decorations] CAPPING events from decorations provider vscode.git 1747
[2021-07-20 20:32:50.120] [exthost] [warning] [Decorations] CAPPING events from decorations provider vscode.git 1747
[2021-07-20 20:32:55.911] [exthost] [warning] [Decorations] CAPPING events from decorations provider vscode.git 1747
[2021-07-20 20:33:01.767] [exthost] [warning] [Decorations] CAPPING events from decorations provider vscode.git 1747
[2021-07-20 20:33:07.552] [exthost] [warning] [Decorations] CAPPING events from decorations provider vscode.git 1747
[2021-07-20 20:33:13.347] [exthost] [warning] [Decorations] CAPPING events from decorations provider vscode.git 1747
[2021-07-20 20:33:19.154] [exthost] [warning] [Decorations] CAPPING events from decorations provider vscode.git 1747
[2021-07-20 20:33:24.954] [exthost] [warning] [Decorations] CAPPING events from decorations provider vscode.git 1747
[2021-07-20 20:33:30.741] [exthost] [warning] [Decorations] CAPPING events from decorations provider vscode.git 1747
[2021-07-20 20:33:36.559] [exthost] [warning] [Decorations] CAPPING events from decorations provider vscode.git 1747
[2021-07-20 20:33:42.355] [exthost] [warning] [Decorations] CAPPING events from decorations provider vscode.git 1747
[2021-07-20 20:33:48.148] [exthost] [warning] [Decorations] CAPPING events from decorations provider vscode.git 1747
[2021-07-20 20:33:53.928] [exthost] [warning] [Decorations] CAPPING events from decorations provider vscode.git 1747
[2021-07-20 20:33:59.720] [exthost] [warning] [Decorations] CAPPING events from decorations provider vscode.git 1747
[2021-07-20 20:34:05.506] [exthost] [warning] [Decorations] CAPPING events from decorations provider vscode.git 1747
[2021-07-20 20:34:11.310] [exthost] [warning] [Decorations] CAPPING events from decorations provider vscode.git 1747
[2021-07-20 20:34:17.106] [exthost] [warning] [Decorations] CAPPING events from decorations provider vscode.git 1747
[2021-07-20 20:34:22.912] [exthost] [warning] [Decorations] CAPPING events from decorations provider vscode.git 1747
[2021-07-20 20:34:28.729] [exthost] [warning] [Decorations] CAPPING events from decorations provider vscode.git 1747
[2021-07-20 20:34:34.534] [exthost] [warning] [Decorations] CAPPING events from decorations provider vscode.git 1747
[2021-07-20 20:34:40.348] [exthost] [warning] [Decorations] CAPPING events from decorations provider vscode.git 1747
[2021-07-20 20:34:46.155] [exthost] [warning] [Decorations] CAPPING events from decorations provider vscode.git 1747
[2021-07-20 20:34:51.938] [exthost] [warning] [Decorations] CAPPING events from decorations provider vscode.git 1747
[2021-07-20 20:34:57.726] [exthost] [warning] [Decorations] CAPPING events from decorations provider vscode.git 1747
[2021-07-20 20:35:03.577] [exthost] [warning] [Decorations] CAPPING events from decorations provider vscode.git 1747
[2021-07-20 20:35:12.052] [exthost] [warning] [Decorations] CAPPING events from decorations provider vscode.git 1747
[2021-07-20 20:35:17.813] [exthost] [warning] [Decorations] CAPPING events from decorations provider vscode.git 1747
[2021-07-20 20:35:23.590] [exthost] [warning] [Decorations] CAPPING events from decorations provider vscode.git 1747
[2021-07-20 20:35:29.372] [exthost] [warning] [Decorations] CAPPING events from decorations provider vscode.git 1747
[2021-07-20 20:35:35.163] [exthost] [warning] [Decorations] CAPPING events from decorations provider vscode.git 1747
[2021-07-20 20:35:40.967] [exthost] [warning] [Decorations] CAPPING events from decorations provider vscode.git 1747
[2021-07-20 20:35:46.793] [exthost] [warning] [Decorations] CAPPING events from decorations provider vscode.git 1747
[2021-07-20 20:35:52.615] [exthost] [warning] [Decorations] CAPPING events from decorations provider vscode.git 1747
[2021-07-20 20:35:58.436] [exthost] [warning] [Decorations] CAPPING events from decorations provider vscode.git 1747
[2021-07-20 20:36:07.910] [exthost] [warning] [Decorations] CAPPING events from decorations provider vscode.git 1747
[2021-07-20 20:36:13.695] [exthost] [warning] [Decorations] CAPPING events from decorations provider vscode.git 1747
[2021-07-20 20:36:19.605] [exthost] [warning] [Decorations] CAPPING events from decorations provider vscode.git 1747
[2021-07-20 20:36:25.348] [exthost] [warning] [Decorations] CAPPING events from decorations provider vscode.git 1747
[2021-07-20 20:36:31.167] [exthost] [warning] [Decorations] CAPPING events from decorations provider vscode.git 1747
[2021-07-20 20:36:36.987] [exthost] [warning] [Decorations] CAPPING events from decorations provider vscode.git 1747
[2021-07-20 20:36:42.764] [exthost] [warning] [Decorations] CAPPING events from decorations provider vscode.git 1747
[2021-07-20 20:36:48.545] [exthost] [warning] [Decorations] CAPPING events from decorations provider vscode.git 1747
[2021-07-20 20:36:54.367] [exthost] [warning] [Decorations] CAPPING events from decorations provider vscode.git 1747
[2021-07-20 20:37:00.152] [exthost] [warning] [Decorations] CAPPING events from decorations provider vscode.git 1747
[2021-07-20 20:37:05.933] [exthost] [warning] [Decorations] CAPPING events from decorations provider vscode.git 1747
[2021-07-20 20:37:11.725] [exthost] [warning] [Decorations] CAPPING events from decorations provider vscode.git 1747
[2021-07-20 20:37:17.563] [exthost] [warning] [Decorations] CAPPING events from decorations provider vscode.git 1747
[2021-07-20 20:37:23.401] [exthost] [warning] [Decorations] CAPPING events from decorations provider vscode.git 1747
[2021-07-20 20:37:29.225] [exthost] [warning] [Decorations] CAPPING events from decorations provider vscode.git 1747
[2021-07-20 20:37:34.997] [exthost] [warning] [Decorations] CAPPING events from decorations provider vscode.git 1747
[2021-07-20 20:37:40.785] [exthost] [warning] [Decorations] CAPPING events from decorations provider vscode.git 1747
[2021-07-20 20:37:46.567] [exthost] [warning] [Decorations] CAPPING events from decorations provider vscode.git 1747
[2021-07-20 20:37:52.367] [exthost] [warning] [Decorations] CAPPING events from decorations provider vscode.git 1747
[2021-07-20 20:37:58.254] [exthost] [warning] [Decorations] CAPPING events from decorations provider vscode.git 1747
[2021-07-20 20:38:04.028] [exthost] [warning] [Decorations] CAPPING events from decorations provider vscode.git 1747
[2021-07-20 20:38:09.831] [exthost] [warning] [Decorations] CAPPING events from decorations provider vscode.git 1747
[2021-07-20 20:38:15.636] [exthost] [warning] [Decorations] CAPPING events from decorations provider vscode.git 1747
[2021-07-20 20:38:21.397] [exthost] [warning] [Decorations] CAPPING events from decorations provider vscode.git 1747
[2021-07-20 20:38:27.208] [exthost] [warning] [Decorations] CAPPING events from decorations provider vscode.git 1747
[2021-07-20 20:38:32.985] [exthost] [warning] [Decorations] CAPPING events from decorations provider vscode.git 1747
[2021-07-20 20:38:38.867] [exthost] [warning] [Decorations] CAPPING events from decorations provider vscode.git 1747
[2021-07-20 20:38:44.687] [exthost] [warning] [Decorations] CAPPING events from decorations provider vscode.git 1747
[2021-07-20 20:38:50.496] [exthost] [warning] [Decorations] CAPPING events from decorations provider vscode.git 1747
[2021-07-20 20:38:56.328] [exthost] [warning] [Decorations] CAPPING events from decorations provider vscode.git 1747
[2021-07-20 20:39:02.122] [exthost] [warning] [Decorations] CAPPING events from decorations provider vscode.git 1747
[2021-07-20 20:39:08.194] [exthost] [warning] [Decorations] CAPPING events from decorations provider vscode.git 1747
[2021-07-20 20:39:14.111] [exthost] [warning] [Decorations] CAPPING events from decorations provider vscode.git 1747
[2021-07-20 20:39:20.022] [exthost] [warning] [Decorations] CAPPING events from decorations provider vscode.git 1747
[2021-07-20 20:39:25.961] [exthost] [warning] [Decorations] CAPPING events from decorations provider vscode.git 1747
[2021-07-20 20:39:31.918] [exthost] [warning] [Decorations] CAPPING events from decorations provider vscode.git 1747
[2021-07-20 20:39:37.842] [exthost] [warning] [Decorations] CAPPING events from decorations provider vscode.git 1747
[2021-07-20 20:39:43.798] [exthost] [warning] [Decorations] CAPPING events from decorations provider vscode.git 1747
[2021-07-20 20:39:49.631] [exthost] [warning] [Decorations] CAPPING events from decorations provider vscode.git 1747
[2021-07-20 20:39:55.430] [exthost] [warning] [Decorations] CAPPING events from decorations provider vscode.git 1747
[2021-07-20 20:40:01.249] [exthost] [warning] [Decorations] CAPPING events from decorations provider vscode.git 1747
[2021-07-20 20:40:07.212] [exthost] [warning] [Decorations] CAPPING events from decorations provider vscode.git 1747
[2021-07-20 20:40:12.983] [exthost] [warning] [Decorations] CAPPING events from decorations provider vscode.git 1747
[2021-07-20 20:40:18.728] [exthost] [warning] [Decorations] CAPPING events from decorations provider vscode.git 1747
[2021-07-20 20:40:24.447] [exthost] [warning] [Decorations] CAPPING events from decorations provider vscode.git 1747
[2021-07-20 20:40:30.240] [exthost] [warning] [Decorations] CAPPING events from decorations provider vscode.git 1747
[2021-07-20 20:40:35.999] [exthost] [warning] [Decorations] CAPPING events from decorations provider vscode.git 1747
[2021-07-20 20:40:41.741] [exthost] [warning] [Decorations] CAPPING events from decorations provider vscode.git 1747
[2021-07-20 20:40:47.510] [exthost] [warning] [Decorations] CAPPING events from decorations provider vscode.git 1747
[2021-07-20 20:40:53.272] [exthost] [warning] [Decorations] CAPPING events from decorations provider vscode.git 1747
[2021-07-20 20:40:59.023] [exthost] [warning] [Decorations] CAPPING events from decorations provider vscode.git 1747
[2021-07-20 20:41:04.782] [exthost] [warning] [Decorations] CAPPING events from decorations provider vscode.git 1747
[2021-07-20 20:41:10.541] [exthost] [warning] [Decorations] CAPPING events from decorations provider vscode.git 1747
[2021-07-20 20:41:16.303] [exthost] [warning] [Decorations] CAPPING events from decorations provider vscode.git 1747
[2021-07-20 20:41:22.046] [exthost] [warning] [Decorations] CAPPING events from decorations provider vscode.git 1747
[2021-07-20 20:41:27.796] [exthost] [warning] [Decorations] CAPPING events from decorations provider vscode.git 1747
[2021-07-20 20:41:33.554] [exthost] [warning] [Decorations] CAPPING events from decorations provider vscode.git 1747
[2021-07-20 20:41:39.282] [exthost] [warning] [Decorations] CAPPING events from decorations provider vscode.git 1747
[2021-07-20 20:41:45.030] [exthost] [warning] [Decorations] CAPPING events from decorations provider vscode.git 1747
[2021-07-20 20:41:50.797] [exthost] [warning] [Decorations] CAPPING events from decorations provider vscode.git 1747
[2021-07-20 20:41:56.551] [exthost] [warning] [Decorations] CAPPING events from decorations provider vscode.git 1747
[2021-07-20 20:42:02.297] [exthost] [warning] [Decorations] CAPPING events from decorations provider vscode.git 1747
[2021-07-20 20:42:08.061] [exthost] [warning] [Decorations] CAPPING events from decorations provider vscode.git 1747
[2021-07-20 20:42:13.855] [exthost] [warning] [Decorations] CAPPING events from decorations provider vscode.git 1747
[2021-07-20 20:42:19.640] [exthost] [warning] [Decorations] CAPPING events from decorations provider vscode.git 1747
[2021-07-20 20:42:25.415] [exthost] [warning] [Decorations] CAPPING events from decorations provider vscode.git 1747
