[2021-07-14 12:31:56.930] [exthost] [info] extension host started
[2021-07-14 12:31:56.935] [exthost] [error] Error: EEXIST: file already exists, open '/var/www/.vscode-server/data/User/workspaceStorage/c442117acadd182bd5a664e886124edc/vscode.lock'
[2021-07-14 12:31:56.951] [exthost] [info] Lock '/var/www/.vscode-server/data/User/workspaceStorage/c442117acadd182bd5a664e886124edc/vscode.lock': Could not acquire lock, checking if the file is stale.
[2021-07-14 12:31:56.984] [exthost] [info] Lock '/var/www/.vscode-server/data/User/workspaceStorage/c442117acadd182bd5a664e886124edc/vscode.lock': The lock does not look stale, elapsed: 42035 ms, giving up.
[2021-07-14 12:31:57.057] [exthost] [info] ExtensionService#_doActivateExtension vscode.debug-auto-launch {"startup":true,"extensionId":{"value":"vscode.debug-auto-launch","_lower":"vscode.debug-auto-launch"},"activationEvent":"*"}
[2021-07-14 12:31:57.058] [exthost] [info] ExtensionService#loadCommonJSModule file:///var/www/.vscode-server/bin/2d23c42a936db1c7b3b06f918cde29561cc47cd6/extensions/debug-auto-launch/dist/extension
[2021-07-14 12:31:57.072] [exthost] [info] ExtensionService#_doActivateExtension vscode.git {"startup":true,"extensionId":{"value":"vscode.github","_lower":"vscode.github"},"activationEvent":"*"}
[2021-07-14 12:31:57.073] [exthost] [info] ExtensionService#loadCommonJSModule file:///var/www/.vscode-server/bin/2d23c42a936db1c7b3b06f918cde29561cc47cd6/extensions/git/dist/main
[2021-07-14 12:31:57.247] [exthost] [info] ExtensionService#_doActivateExtension nadim-vscode.symfony-code-snippets {"startup":true,"extensionId":{"value":"nadim-vscode.symfony-code-snippets","_lower":"nadim-vscode.symfony-code-snippets"},"activationEvent":"*"}
[2021-07-14 12:31:57.247] [exthost] [info] ExtensionService#loadCommonJSModule file:///var/www/.vscode-server/extensions/nadim-vscode.symfony-code-snippets-1.2.7/extension
[2021-07-14 12:31:57.249] [exthost] [info] ExtensionService#_doActivateExtension nadim-vscode.symfony-super-console {"startup":true,"extensionId":{"value":"nadim-vscode.symfony-super-console","_lower":"nadim-vscode.symfony-super-console"},"activationEvent":"*"}
[2021-07-14 12:31:57.250] [exthost] [info] ExtensionService#loadCommonJSModule file:///var/www/.vscode-server/extensions/nadim-vscode.symfony-super-console-1.1.1/extension.js
[2021-07-14 12:31:57.266] [exthost] [info] Lock '/var/www/.vscode-server/data/User/workspaceStorage/c442117acadd182bd5a664e886124edc-1/vscode.lock': Lock acquired.
[2021-07-14 12:31:57.710] [exthost] [info] ExtensionService#_doActivateExtension vscode.github {"startup":true,"extensionId":{"value":"vscode.github","_lower":"vscode.github"},"activationEvent":"*"}
[2021-07-14 12:31:57.710] [exthost] [info] ExtensionService#loadCommonJSModule file:///var/www/.vscode-server/bin/2d23c42a936db1c7b3b06f918cde29561cc47cd6/extensions/github/dist/extension.js
[2021-07-14 12:31:58.116] [exthost] [info] ExtensionService#_doActivateExtension vscode.emmet {"startup":false,"extensionId":{"value":"vscode.emmet","_lower":"vscode.emmet"},"activationEvent":"onStartupFinished"}
[2021-07-14 12:31:58.116] [exthost] [info] ExtensionService#loadCommonJSModule file:///var/www/.vscode-server/bin/2d23c42a936db1c7b3b06f918cde29561cc47cd6/extensions/emmet/dist/node/emmetNodeMain
[2021-07-14 12:31:58.337] [exthost] [info] ExtensionService#_doActivateExtension vscode.merge-conflict {"startup":false,"extensionId":{"value":"vscode.merge-conflict","_lower":"vscode.merge-conflict"},"activationEvent":"onStartupFinished"}
[2021-07-14 12:31:58.337] [exthost] [info] ExtensionService#loadCommonJSModule file:///var/www/.vscode-server/bin/2d23c42a936db1c7b3b06f918cde29561cc47cd6/extensions/merge-conflict/dist/mergeConflictMain
[2021-07-14 12:31:58.387] [exthost] [info] ExtensionService#_doActivateExtension vscode.testing-editor-contributions {"startup":false,"extensionId":{"value":"vscode.testing-editor-contributions","_lower":"vscode.testing-editor-contributions"},"activationEvent":"onStartupFinished"}
[2021-07-14 12:31:58.388] [exthost] [info] ExtensionService#loadCommonJSModule file:///var/www/.vscode-server/bin/2d23c42a936db1c7b3b06f918cde29561cc47cd6/extensions/testing-editor-contributions/dist/extension.js
[2021-07-14 12:31:58.393] [exthost] [info] eager extensions activated
[2021-07-14 12:31:58.490] [exthost] [info] ExtensionService#_doActivateExtension ms-vscode.js-debug {"startup":false,"extensionId":{"value":"ms-vscode.js-debug","_lower":"ms-vscode.js-debug"},"activationEvent":"onCommand:extension.js-debug.clearAutoAttachVariables"}
[2021-07-14 12:31:58.490] [exthost] [info] ExtensionService#loadCommonJSModule file:///var/www/.vscode-server/bin/2d23c42a936db1c7b3b06f918cde29561cc47cd6/extensions/ms-vscode.js-debug/src/extension.js
[2021-07-14 12:32:01.093] [exthost] [warning] [Decorations] CAPPING events from decorations provider vscode.git 725
[2021-07-14 12:32:07.619] [exthost] [warning] [Decorations] CAPPING events from decorations provider vscode.git 731
[2021-07-14 12:32:13.510] [exthost] [warning] [Decorations] CAPPING events from decorations provider vscode.git 731
[2021-07-14 12:32:22.171] [exthost] [warning] [Decorations] CAPPING events from decorations provider vscode.git 732
[2021-07-14 12:32:29.908] [exthost] [warning] [Decorations] CAPPING events from decorations provider vscode.git 735
[2021-07-14 12:32:35.973] [exthost] [warning] [Decorations] CAPPING events from decorations provider vscode.git 735
[2021-07-14 12:32:49.180] [exthost] [warning] [Decorations] CAPPING events from decorations provider vscode.git 737
[2021-07-14 12:33:08.847] [exthost] [warning] [Decorations] CAPPING events from decorations provider vscode.git 740
[2021-07-14 12:33:20.201] [exthost] [warning] [Decorations] CAPPING events from decorations provider vscode.git 741
[2021-07-14 12:33:28.966] [exthost] [warning] [Decorations] CAPPING events from decorations provider vscode.git 742
[2021-07-14 12:33:49.297] [exthost] [warning] [Decorations] CAPPING events from decorations provider vscode.git 745
[2021-07-14 12:33:55.090] [exthost] [warning] [Decorations] CAPPING events from decorations provider vscode.git 746
[2021-07-14 12:34:08.027] [exthost] [warning] [Decorations] CAPPING events from decorations provider vscode.git 747
[2021-07-14 12:34:22.115] [exthost] [warning] [Decorations] CAPPING events from decorations provider vscode.git 748
[2021-07-14 12:34:28.025] [exthost] [warning] [Decorations] CAPPING events from decorations provider vscode.git 750
[2021-07-14 12:34:47.957] [exthost] [warning] [Decorations] CAPPING events from decorations provider vscode.git 752
[2021-07-14 12:34:53.739] [exthost] [warning] [Decorations] CAPPING events from decorations provider vscode.git 753
[2021-07-14 12:35:08.089] [exthost] [warning] [Decorations] CAPPING events from decorations provider vscode.git 754
[2021-07-14 12:35:24.031] [exthost] [warning] [Decorations] CAPPING events from decorations provider vscode.git 757
[2021-07-14 12:35:29.798] [exthost] [warning] [Decorations] CAPPING events from decorations provider vscode.git 758
[2021-07-14 12:35:35.648] [exthost] [warning] [Decorations] CAPPING events from decorations provider vscode.git 758
[2021-07-14 12:48:14.517] [exthost] [warning] [Decorations] CAPPING events from decorations provider vscode.git 862
[2021-07-14 12:48:23.478] [exthost] [warning] [Decorations] CAPPING events from decorations provider vscode.git 862
[2021-07-14 12:48:29.318] [exthost] [warning] [Decorations] CAPPING events from decorations provider vscode.git 863
[2021-07-14 12:48:35.171] [exthost] [warning] [Decorations] CAPPING events from decorations provider vscode.git 864
[2021-07-14 12:48:49.234] [exthost] [warning] [Decorations] CAPPING events from decorations provider vscode.git 865
[2021-07-14 12:48:56.205] [exthost] [warning] [Decorations] CAPPING events from decorations provider vscode.git 867
[2021-07-14 12:49:02.137] [exthost] [warning] [Decorations] CAPPING events from decorations provider vscode.git 868
[2021-07-14 12:49:09.175] [exthost] [warning] [Decorations] CAPPING events from decorations provider vscode.git 869
[2021-07-14 12:49:14.982] [exthost] [warning] [Decorations] CAPPING events from decorations provider vscode.git 872
[2021-07-14 12:49:21.505] [exthost] [warning] [Decorations] CAPPING events from decorations provider vscode.git 873
[2021-07-14 12:49:27.358] [exthost] [warning] [Decorations] CAPPING events from decorations provider vscode.git 873
[2021-07-14 12:49:33.298] [exthost] [warning] [Decorations] CAPPING events from decorations provider vscode.git 874
[2021-07-14 12:49:39.143] [exthost] [warning] [Decorations] CAPPING events from decorations provider vscode.git 874
[2021-07-14 12:49:44.958] [exthost] [warning] [Decorations] CAPPING events from decorations provider vscode.git 875
[2021-07-14 12:49:50.841] [exthost] [warning] [Decorations] CAPPING events from decorations provider vscode.git 875
[2021-07-14 12:49:57.618] [exthost] [warning] [Decorations] CAPPING events from decorations provider vscode.git 875
[2021-07-14 12:50:04.405] [exthost] [warning] [Decorations] CAPPING events from decorations provider vscode.git 875
[2021-07-14 12:50:10.217] [exthost] [warning] [Decorations] CAPPING events from decorations provider vscode.git 875
[2021-07-14 12:50:16.057] [exthost] [warning] [Decorations] CAPPING events from decorations provider vscode.git 875
[2021-07-14 12:50:23.565] [exthost] [warning] [Decorations] CAPPING events from decorations provider vscode.git 875
[2021-07-14 12:50:29.440] [exthost] [warning] [Decorations] CAPPING events from decorations provider vscode.git 875
[2021-07-14 12:50:35.241] [exthost] [warning] [Decorations] CAPPING events from decorations provider vscode.git 875
[2021-07-14 12:50:41.125] [exthost] [warning] [Decorations] CAPPING events from decorations provider vscode.git 875
[2021-07-14 12:50:46.950] [exthost] [warning] [Decorations] CAPPING events from decorations provider vscode.git 875
[2021-07-14 12:50:52.789] [exthost] [warning] [Decorations] CAPPING events from decorations provider vscode.git 884
[2021-07-14 12:50:59.383] [exthost] [warning] [Decorations] CAPPING events from decorations provider vscode.git 886
[2021-07-14 12:51:08.042] [exthost] [warning] [Decorations] CAPPING events from decorations provider vscode.git 886
[2021-07-14 12:51:26.476] [exthost] [warning] [Decorations] CAPPING events from decorations provider vscode.git 886
[2021-07-14 12:52:37.038] [exthost] [warning] [Decorations] CAPPING events from decorations provider vscode.git 886
[2021-07-14 12:52:44.871] [exthost] [warning] [Decorations] CAPPING events from decorations provider vscode.git 886
[2021-07-14 12:52:50.694] [exthost] [warning] [Decorations] CAPPING events from decorations provider vscode.git 886
[2021-07-14 12:52:58.922] [exthost] [warning] [Decorations] CAPPING events from decorations provider vscode.git 886
[2021-07-14 12:53:01.678] [exthost] [info] ExtensionService#_doActivateExtension vscode.php-language-features {"startup":false,"extensionId":{"value":"vscode.php-language-features","_lower":"vscode.php-language-features"},"activationEvent":"onLanguage:php"}
[2021-07-14 12:53:01.680] [exthost] [info] ExtensionService#loadCommonJSModule file:///var/www/.vscode-server/bin/2d23c42a936db1c7b3b06f918cde29561cc47cd6/extensions/php-language-features/dist/phpMain
[2021-07-14 12:53:11.314] [exthost] [warning] [Decorations] CAPPING events from decorations provider vscode.git 887
[2021-07-14 12:53:17.146] [exthost] [warning] [Decorations] CAPPING events from decorations provider vscode.git 887
[2021-07-14 12:53:22.980] [exthost] [warning] [Decorations] CAPPING events from decorations provider vscode.git 887
[2021-07-14 12:53:28.876] [exthost] [warning] [Decorations] CAPPING events from decorations provider vscode.git 887
[2021-07-14 12:53:34.816] [exthost] [warning] [Decorations] CAPPING events from decorations provider vscode.git 887
[2021-07-14 12:53:40.624] [exthost] [warning] [Decorations] CAPPING events from decorations provider vscode.git 887
[2021-07-14 12:53:46.478] [exthost] [warning] [Decorations] CAPPING events from decorations provider vscode.git 887
[2021-07-14 12:53:52.319] [exthost] [warning] [Decorations] CAPPING events from decorations provider vscode.git 887
[2021-07-14 12:56:30.700] [exthost] [warning] [Decorations] CAPPING events from decorations provider vscode.git 887
[2021-07-14 12:56:36.626] [exthost] [warning] [Decorations] CAPPING events from decorations provider vscode.git 887
[2021-07-14 12:56:45.841] [exthost] [warning] [Decorations] CAPPING events from decorations provider vscode.git 887
[2021-07-14 12:56:51.772] [exthost] [warning] [Decorations] CAPPING events from decorations provider vscode.git 887
[2021-07-14 12:56:57.593] [exthost] [warning] [Decorations] CAPPING events from decorations provider vscode.git 888
[2021-07-14 12:57:03.461] [exthost] [warning] [Decorations] CAPPING events from decorations provider vscode.git 888
[2021-07-14 12:57:13.661] [exthost] [warning] [Decorations] CAPPING events from decorations provider vscode.git 888
[2021-07-14 12:57:19.525] [exthost] [warning] [Decorations] CAPPING events from decorations provider vscode.git 888
[2021-07-14 12:57:43.489] [exthost] [warning] [Decorations] CAPPING events from decorations provider vscode.git 888
[2021-07-14 12:57:49.314] [exthost] [warning] [Decorations] CAPPING events from decorations provider vscode.git 888
[2021-07-14 12:57:56.721] [exthost] [warning] [Decorations] CAPPING events from decorations provider vscode.git 888
[2021-07-14 12:58:02.531] [exthost] [warning] [Decorations] CAPPING events from decorations provider vscode.git 888
[2021-07-14 12:58:09.443] [exthost] [warning] [Decorations] CAPPING events from decorations provider vscode.git 888
[2021-07-14 12:58:18.686] [exthost] [warning] [Decorations] CAPPING events from decorations provider vscode.git 888
[2021-07-14 12:58:29.446] [exthost] [warning] [Decorations] CAPPING events from decorations provider vscode.git 888
[2021-07-14 12:58:39.273] [exthost] [warning] [Decorations] CAPPING events from decorations provider vscode.git 888
[2021-07-14 12:58:49.629] [exthost] [warning] [Decorations] CAPPING events from decorations provider vscode.git 888
[2021-07-14 12:58:59.948] [exthost] [warning] [Decorations] CAPPING events from decorations provider vscode.git 888
[2021-07-14 12:59:10.204] [exthost] [warning] [Decorations] CAPPING events from decorations provider vscode.git 888
[2021-07-14 12:59:16.059] [exthost] [warning] [Decorations] CAPPING events from decorations provider vscode.git 888
[2021-07-14 12:59:39.549] [exthost] [warning] [Decorations] CAPPING events from decorations provider vscode.git 888
[2021-07-14 12:59:45.412] [exthost] [warning] [Decorations] CAPPING events from decorations provider vscode.git 888
[2021-07-14 12:59:51.232] [exthost] [warning] [Decorations] CAPPING events from decorations provider vscode.git 888
[2021-07-14 12:59:57.071] [exthost] [warning] [Decorations] CAPPING events from decorations provider vscode.git 888
[2021-07-14 13:00:02.899] [exthost] [warning] [Decorations] CAPPING events from decorations provider vscode.git 888
[2021-07-14 13:00:09.464] [exthost] [warning] [Decorations] CAPPING events from decorations provider vscode.git 888
[2021-07-14 13:00:15.318] [exthost] [warning] [Decorations] CAPPING events from decorations provider vscode.git 888
[2021-07-14 13:00:22.345] [exthost] [warning] [Decorations] CAPPING events from decorations provider vscode.git 888
[2021-07-14 13:00:29.424] [exthost] [warning] [Decorations] CAPPING events from decorations provider vscode.git 888
[2021-07-14 13:00:35.296] [exthost] [warning] [Decorations] CAPPING events from decorations provider vscode.git 888
[2021-07-14 13:00:42.997] [exthost] [warning] [Decorations] CAPPING events from decorations provider vscode.git 888
[2021-07-14 13:00:49.544] [exthost] [warning] [Decorations] CAPPING events from decorations provider vscode.git 888
[2021-07-14 13:00:55.388] [exthost] [warning] [Decorations] CAPPING events from decorations provider vscode.git 888
[2021-07-14 13:01:03.602] [exthost] [warning] [Decorations] CAPPING events from decorations provider vscode.git 888
[2021-07-14 13:01:09.586] [exthost] [warning] [Decorations] CAPPING events from decorations provider vscode.git 888
[2021-07-14 13:01:21.244] [exthost] [warning] [Decorations] CAPPING events from decorations provider vscode.git 888
[2021-07-14 13:01:27.294] [exthost] [warning] [Decorations] CAPPING events from decorations provider vscode.git 888
[2021-07-14 13:01:33.191] [exthost] [warning] [Decorations] CAPPING events from decorations provider vscode.git 888
[2021-07-14 13:01:38.967] [exthost] [warning] [Decorations] CAPPING events from decorations provider vscode.git 888
[2021-07-14 13:01:47.990] [exthost] [warning] [Decorations] CAPPING events from decorations provider vscode.git 888
[2021-07-14 13:01:58.228] [exthost] [warning] [Decorations] CAPPING events from decorations provider vscode.git 888
[2021-07-14 13:02:09.512] [exthost] [warning] [Decorations] CAPPING events from decorations provider vscode.git 888
[2021-07-14 13:02:18.903] [exthost] [warning] [Decorations] CAPPING events from decorations provider vscode.git 888
[2021-07-14 13:02:29.575] [exthost] [warning] [Decorations] CAPPING events from decorations provider vscode.git 888
[2021-07-14 13:02:39.536] [exthost] [warning] [Decorations] CAPPING events from decorations provider vscode.git 888
[2021-07-14 13:02:50.062] [exthost] [warning] [Decorations] CAPPING events from decorations provider vscode.git 888
[2021-07-14 13:03:00.187] [exthost] [warning] [Decorations] CAPPING events from decorations provider vscode.git 888
[2021-07-14 13:03:10.525] [exthost] [warning] [Decorations] CAPPING events from decorations provider vscode.git 888
[2021-07-14 13:03:20.887] [exthost] [warning] [Decorations] CAPPING events from decorations provider vscode.git 888
[2021-07-14 13:03:29.595] [exthost] [warning] [Decorations] CAPPING events from decorations provider vscode.git 888
[2021-07-14 13:03:41.478] [exthost] [warning] [Decorations] CAPPING events from decorations provider vscode.git 888
[2021-07-14 13:03:49.698] [exthost] [warning] [Decorations] CAPPING events from decorations provider vscode.git 888
[2021-07-14 13:04:07.174] [exthost] [warning] [Decorations] CAPPING events from decorations provider vscode.git 888
[2021-07-14 13:04:12.947] [exthost] [warning] [Decorations] CAPPING events from decorations provider vscode.git 888
[2021-07-14 13:04:22.672] [exthost] [warning] [Decorations] CAPPING events from decorations provider vscode.git 888
[2021-07-14 13:04:29.525] [exthost] [warning] [Decorations] CAPPING events from decorations provider vscode.git 888
[2021-07-14 13:04:35.376] [exthost] [warning] [Decorations] CAPPING events from decorations provider vscode.git 888
[2021-07-14 13:04:43.310] [exthost] [warning] [Decorations] CAPPING events from decorations provider vscode.git 888
[2021-07-14 13:04:49.611] [exthost] [warning] [Decorations] CAPPING events from decorations provider vscode.git 888
[2021-07-14 13:04:55.426] [exthost] [warning] [Decorations] CAPPING events from decorations provider vscode.git 888
[2021-07-14 13:05:01.211] [exthost] [warning] [Decorations] CAPPING events from decorations provider vscode.git 888
[2021-07-14 13:05:07.054] [exthost] [warning] [Decorations] CAPPING events from decorations provider vscode.git 888
[2021-07-14 13:05:12.926] [exthost] [warning] [Decorations] CAPPING events from decorations provider vscode.git 888
[2021-07-14 13:05:18.749] [exthost] [warning] [Decorations] CAPPING events from decorations provider vscode.git 888
[2021-07-14 13:05:24.605] [exthost] [warning] [Decorations] CAPPING events from decorations provider vscode.git 888
[2021-07-14 13:05:30.401] [exthost] [warning] [Decorations] CAPPING events from decorations provider vscode.git 888
[2021-07-14 13:05:36.251] [exthost] [warning] [Decorations] CAPPING events from decorations provider vscode.git 888
[2021-07-14 13:05:42.717] [exthost] [warning] [Decorations] CAPPING events from decorations provider vscode.git 888
[2021-07-14 13:05:48.499] [exthost] [warning] [Decorations] CAPPING events from decorations provider vscode.git 888
[2021-07-14 13:05:54.360] [exthost] [warning] [Decorations] CAPPING events from decorations provider vscode.git 888
[2021-07-14 13:05:59.293] [exthost] [info] ExtensionService#_doActivateExtension vscode.typescript-language-features {"startup":false,"extensionId":{"value":"vscode.typescript-language-features","_lower":"vscode.typescript-language-features"},"activationEvent":"onLanguage:javascript"}
[2021-07-14 13:05:59.294] [exthost] [info] ExtensionService#loadCommonJSModule file:///var/www/.vscode-server/bin/2d23c42a936db1c7b3b06f918cde29561cc47cd6/extensions/typescript-language-features/dist/extension
[2021-07-14 13:06:00.364] [exthost] [warning] [Decorations] CAPPING events from decorations provider vscode.git 888
[2021-07-14 13:06:06.292] [exthost] [warning] [Decorations] CAPPING events from decorations provider vscode.git 889
[2021-07-14 13:06:12.206] [exthost] [warning] [Decorations] CAPPING events from decorations provider vscode.git 891
[2021-07-14 13:06:18.214] [exthost] [warning] [Decorations] CAPPING events from decorations provider vscode.git 893
[2021-07-14 13:06:24.072] [exthost] [warning] [Decorations] CAPPING events from decorations provider vscode.git 893
[2021-07-14 13:06:29.919] [exthost] [warning] [Decorations] CAPPING events from decorations provider vscode.git 893
[2021-07-14 13:06:35.718] [exthost] [warning] [Decorations] CAPPING events from decorations provider vscode.git 893
[2021-07-14 13:06:41.625] [exthost] [warning] [Decorations] CAPPING events from decorations provider vscode.git 893
[2021-07-14 13:06:47.534] [exthost] [warning] [Decorations] CAPPING events from decorations provider vscode.git 893
[2021-07-14 13:06:53.316] [exthost] [warning] [Decorations] CAPPING events from decorations provider vscode.git 893
[2021-07-14 13:06:59.121] [exthost] [warning] [Decorations] CAPPING events from decorations provider vscode.git 893
[2021-07-14 13:07:08.788] [exthost] [warning] [Decorations] CAPPING events from decorations provider vscode.git 893
[2021-07-14 13:07:14.691] [exthost] [warning] [Decorations] CAPPING events from decorations provider vscode.git 893
[2021-07-14 13:07:20.511] [exthost] [warning] [Decorations] CAPPING events from decorations provider vscode.git 893
[2021-07-14 13:07:28.393] [exthost] [warning] [Decorations] CAPPING events from decorations provider vscode.git 893
[2021-07-14 13:07:34.173] [exthost] [warning] [Decorations] CAPPING events from decorations provider vscode.git 893
[2021-07-14 13:07:39.996] [exthost] [warning] [Decorations] CAPPING events from decorations provider vscode.git 893
[2021-07-14 13:07:49.708] [exthost] [warning] [Decorations] CAPPING events from decorations provider vscode.git 893
[2021-07-14 13:08:01.698] [exthost] [warning] [Decorations] CAPPING events from decorations provider vscode.git 893
[2021-07-14 13:08:11.184] [exthost] [warning] [Decorations] CAPPING events from decorations provider vscode.git 893
[2021-07-14 13:08:22.890] [exthost] [warning] [Decorations] CAPPING events from decorations provider vscode.git 893
[2021-07-14 13:08:29.612] [exthost] [warning] [Decorations] CAPPING events from decorations provider vscode.git 893
[2021-07-14 13:09:38.731] [exthost] [warning] [Decorations] CAPPING events from decorations provider vscode.git 894
[2021-07-14 13:09:44.619] [exthost] [warning] [Decorations] CAPPING events from decorations provider vscode.git 894
[2021-07-14 13:10:12.327] [exthost] [warning] [Decorations] CAPPING events from decorations provider vscode.git 894
[2021-07-14 13:10:54.645] [exthost] [warning] [Decorations] CAPPING events from decorations provider vscode.git 894
[2021-07-14 13:11:00.456] [exthost] [warning] [Decorations] CAPPING events from decorations provider vscode.git 894
[2021-07-14 13:11:06.375] [exthost] [warning] [Decorations] CAPPING events from decorations provider vscode.git 894
[2021-07-14 13:11:53.914] [exthost] [warning] [Decorations] CAPPING events from decorations provider vscode.git 894
[2021-07-14 13:11:59.766] [exthost] [warning] [Decorations] CAPPING events from decorations provider vscode.git 894
[2021-07-14 13:12:06.923] [exthost] [warning] [Decorations] CAPPING events from decorations provider vscode.git 894
[2021-07-14 13:12:48.595] [exthost] [warning] [Decorations] CAPPING events from decorations provider vscode.git 894
[2021-07-14 13:12:54.461] [exthost] [warning] [Decorations] CAPPING events from decorations provider vscode.git 894
[2021-07-14 13:13:09.705] [exthost] [warning] [Decorations] CAPPING events from decorations provider vscode.git 894
[2021-07-14 13:13:23.592] [exthost] [warning] [Decorations] CAPPING events from decorations provider vscode.git 894
[2021-07-14 13:14:33.705] [exthost] [warning] [Decorations] CAPPING events from decorations provider vscode.git 902
[2021-07-14 13:15:21.741] [exthost] [warning] [Decorations] CAPPING events from decorations provider vscode.git 947
[2021-07-14 13:15:27.800] [exthost] [warning] [Decorations] CAPPING events from decorations provider vscode.git 949
[2021-07-14 13:15:45.061] [exthost] [warning] [Decorations] CAPPING events from decorations provider vscode.git 953
[2021-07-14 13:16:25.738] [exthost] [warning] [Decorations] CAPPING events from decorations provider vscode.git 958
[2021-07-14 13:16:31.687] [exthost] [warning] [Decorations] CAPPING events from decorations provider vscode.git 958
[2021-07-14 13:17:17.827] [exthost] [warning] [Decorations] CAPPING events from decorations provider vscode.git 964
[2021-07-14 13:17:23.788] [exthost] [warning] [Decorations] CAPPING events from decorations provider vscode.git 965
[2021-07-14 13:17:29.753] [exthost] [warning] [Decorations] CAPPING events from decorations provider vscode.git 965
[2021-07-14 13:17:47.604] [exthost] [warning] [Decorations] CAPPING events from decorations provider vscode.git 966
[2021-07-14 13:17:53.596] [exthost] [warning] [Decorations] CAPPING events from decorations provider vscode.git 965
[2021-07-14 13:17:59.549] [exthost] [warning] [Decorations] CAPPING events from decorations provider vscode.git 965
[2021-07-14 13:18:49.841] [exthost] [warning] [Decorations] CAPPING events from decorations provider vscode.git 965
[2021-07-14 13:18:55.736] [exthost] [warning] [Decorations] CAPPING events from decorations provider vscode.git 965
[2021-07-14 13:19:04.539] [exthost] [warning] [Decorations] CAPPING events from decorations provider vscode.git 965
[2021-07-14 13:19:10.422] [exthost] [warning] [Decorations] CAPPING events from decorations provider vscode.git 965
[2021-07-14 13:20:36.643] [exthost] [warning] [Decorations] CAPPING events from decorations provider vscode.git 965
[2021-07-14 13:20:42.668] [exthost] [warning] [Decorations] CAPPING events from decorations provider vscode.git 965
[2021-07-14 13:20:48.577] [exthost] [warning] [Decorations] CAPPING events from decorations provider vscode.git 965
[2021-07-14 13:20:54.523] [exthost] [warning] [Decorations] CAPPING events from decorations provider vscode.git 965
[2021-07-14 13:21:00.468] [exthost] [warning] [Decorations] CAPPING events from decorations provider vscode.git 965
[2021-07-14 13:21:06.412] [exthost] [warning] [Decorations] CAPPING events from decorations provider vscode.git 965
[2021-07-14 13:21:12.424] [exthost] [warning] [Decorations] CAPPING events from decorations provider vscode.git 965
[2021-07-14 13:21:22.444] [exthost] [warning] [Decorations] CAPPING events from decorations provider vscode.git 965
[2021-07-14 13:21:28.409] [exthost] [warning] [Decorations] CAPPING events from decorations provider vscode.git 965
[2021-07-14 13:21:34.994] [exthost] [warning] [Decorations] CAPPING events from decorations provider vscode.git 965
[2021-07-14 13:21:44.992] [exthost] [warning] [Decorations] CAPPING events from decorations provider vscode.git 965
[2021-07-14 13:21:50.863] [exthost] [warning] [Decorations] CAPPING events from decorations provider vscode.git 965
[2021-07-14 13:22:00.051] [exthost] [warning] [Decorations] CAPPING events from decorations provider vscode.git 965
[2021-07-14 13:22:05.980] [exthost] [warning] [Decorations] CAPPING events from decorations provider vscode.git 965
[2021-07-14 13:22:11.994] [exthost] [warning] [Decorations] CAPPING events from decorations provider vscode.git 965
[2021-07-14 13:22:17.927] [exthost] [warning] [Decorations] CAPPING events from decorations provider vscode.git 965
[2021-07-14 13:22:25.017] [exthost] [warning] [Decorations] CAPPING events from decorations provider vscode.git 965
[2021-07-14 13:22:31.001] [exthost] [warning] [Decorations] CAPPING events from decorations provider vscode.git 965
[2021-07-14 13:22:40.073] [exthost] [warning] [Decorations] CAPPING events from decorations provider vscode.git 965
[2021-07-14 13:22:45.952] [exthost] [warning] [Decorations] CAPPING events from decorations provider vscode.git 965
[2021-07-14 13:22:51.853] [exthost] [warning] [Decorations] CAPPING events from decorations provider vscode.git 965
[2021-07-14 13:22:57.728] [exthost] [warning] [Decorations] CAPPING events from decorations provider vscode.git 965
[2021-07-14 13:23:05.006] [exthost] [warning] [Decorations] CAPPING events from decorations provider vscode.git 965
[2021-07-14 13:23:10.935] [exthost] [warning] [Decorations] CAPPING events from decorations provider vscode.git 965
[2021-07-14 13:23:19.840] [exthost] [warning] [Decorations] CAPPING events from decorations provider vscode.git 965
[2021-07-14 13:23:25.772] [exthost] [warning] [Decorations] CAPPING events from decorations provider vscode.git 965
[2021-07-14 13:23:32.395] [exthost] [warning] [Decorations] CAPPING events from decorations provider vscode.git 965
[2021-07-14 13:23:44.993] [exthost] [warning] [Decorations] CAPPING events from decorations provider vscode.git 965
[2021-07-14 13:23:50.909] [exthost] [warning] [Decorations] CAPPING events from decorations provider vscode.git 965
[2021-07-14 13:23:57.558] [exthost] [warning] [Decorations] CAPPING events from decorations provider vscode.git 965
[2021-07-14 13:24:05.102] [exthost] [warning] [Decorations] CAPPING events from decorations provider vscode.git 965
[2021-07-14 13:24:11.012] [exthost] [warning] [Decorations] CAPPING events from decorations provider vscode.git 965
[2021-07-14 13:24:16.964] [exthost] [warning] [Decorations] CAPPING events from decorations provider vscode.git 965
[2021-07-14 13:24:22.901] [exthost] [warning] [Decorations] CAPPING events from decorations provider vscode.git 965
[2021-07-14 13:24:28.827] [exthost] [warning] [Decorations] CAPPING events from decorations provider vscode.git 965
[2021-07-14 13:24:35.204] [exthost] [warning] [Decorations] CAPPING events from decorations provider vscode.git 965
[2021-07-14 13:24:45.134] [exthost] [warning] [Decorations] CAPPING events from decorations provider vscode.git 965
[2021-07-14 13:24:51.141] [exthost] [warning] [Decorations] CAPPING events from decorations provider vscode.git 965
[2021-07-14 13:25:00.370] [exthost] [warning] [Decorations] CAPPING events from decorations provider vscode.git 965
[2021-07-14 13:25:06.250] [exthost] [warning] [Decorations] CAPPING events from decorations provider vscode.git 965
[2021-07-14 13:25:12.152] [exthost] [warning] [Decorations] CAPPING events from decorations provider vscode.git 965
[2021-07-14 13:25:18.025] [exthost] [warning] [Decorations] CAPPING events from decorations provider vscode.git 965
[2021-07-14 13:25:25.060] [exthost] [warning] [Decorations] CAPPING events from decorations provider vscode.git 965
[2021-07-14 13:25:31.005] [exthost] [warning] [Decorations] CAPPING events from decorations provider vscode.git 965
[2021-07-14 13:25:39.845] [exthost] [warning] [Decorations] CAPPING events from decorations provider vscode.git 965
[2021-07-14 13:25:45.839] [exthost] [warning] [Decorations] CAPPING events from decorations provider vscode.git 965
[2021-07-14 13:25:52.357] [exthost] [warning] [Decorations] CAPPING events from decorations provider vscode.git 965
[2021-07-14 13:26:04.955] [exthost] [warning] [Decorations] CAPPING events from decorations provider vscode.git 965
[2021-07-14 13:26:10.895] [exthost] [warning] [Decorations] CAPPING events from decorations provider vscode.git 965
[2021-07-14 13:26:17.609] [exthost] [warning] [Decorations] CAPPING events from decorations provider vscode.git 965
[2021-07-14 13:26:25.165] [exthost] [warning] [Decorations] CAPPING events from decorations provider vscode.git 965
[2021-07-14 13:26:31.138] [exthost] [warning] [Decorations] CAPPING events from decorations provider vscode.git 965
[2021-07-14 13:26:37.069] [exthost] [warning] [Decorations] CAPPING events from decorations provider vscode.git 965
[2021-07-14 13:26:43.079] [exthost] [warning] [Decorations] CAPPING events from decorations provider vscode.git 965
[2021-07-14 13:26:49.026] [exthost] [warning] [Decorations] CAPPING events from decorations provider vscode.git 965
[2021-07-14 13:26:55.319] [exthost] [warning] [Decorations] CAPPING events from decorations provider vscode.git 965
[2021-07-14 13:27:05.182] [exthost] [warning] [Decorations] CAPPING events from decorations provider vscode.git 965
[2021-07-14 13:27:11.070] [exthost] [warning] [Decorations] CAPPING events from decorations provider vscode.git 965
[2021-07-14 13:27:20.385] [exthost] [warning] [Decorations] CAPPING events from decorations provider vscode.git 965
[2021-07-14 13:27:26.274] [exthost] [warning] [Decorations] CAPPING events from decorations provider vscode.git 965
[2021-07-14 13:27:32.248] [exthost] [warning] [Decorations] CAPPING events from decorations provider vscode.git 965
[2021-07-14 13:27:38.183] [exthost] [warning] [Decorations] CAPPING events from decorations provider vscode.git 965
[2021-07-14 13:27:45.085] [exthost] [warning] [Decorations] CAPPING events from decorations provider vscode.git 965
[2021-07-14 13:27:50.955] [exthost] [warning] [Decorations] CAPPING events from decorations provider vscode.git 965
[2021-07-14 13:27:59.929] [exthost] [warning] [Decorations] CAPPING events from decorations provider vscode.git 965
[2021-07-14 13:28:05.909] [exthost] [warning] [Decorations] CAPPING events from decorations provider vscode.git 965
[2021-07-14 13:28:12.486] [exthost] [warning] [Decorations] CAPPING events from decorations provider vscode.git 965
[2021-07-14 13:28:25.016] [exthost] [warning] [Decorations] CAPPING events from decorations provider vscode.git 965
[2021-07-14 13:28:30.904] [exthost] [warning] [Decorations] CAPPING events from decorations provider vscode.git 965
[2021-07-14 13:28:37.524] [exthost] [warning] [Decorations] CAPPING events from decorations provider vscode.git 965
[2021-07-14 13:28:43.476] [exthost] [warning] [Decorations] CAPPING events from decorations provider vscode.git 965
[2021-07-14 13:28:49.427] [exthost] [warning] [Decorations] CAPPING events from decorations provider vscode.git 965
[2021-07-14 13:28:55.309] [exthost] [warning] [Decorations] CAPPING events from decorations provider vscode.git 965
[2021-07-14 13:29:21.920] [exthost] [warning] [Decorations] CAPPING events from decorations provider vscode.git 965
[2021-07-14 13:29:27.906] [exthost] [warning] [Decorations] CAPPING events from decorations provider vscode.git 965
[2021-07-14 13:29:37.022] [exthost] [warning] [Decorations] CAPPING events from decorations provider vscode.git 965
[2021-07-14 13:30:15.236] [exthost] [warning] [Decorations] CAPPING events from decorations provider vscode.git 982
[2021-07-14 13:30:21.251] [exthost] [warning] [Decorations] CAPPING events from decorations provider vscode.git 979
[2021-07-14 13:30:27.296] [exthost] [warning] [Decorations] CAPPING events from decorations provider vscode.git 982
[2021-07-14 13:30:47.171] [exthost] [warning] [Decorations] CAPPING events from decorations provider vscode.git 982
[2021-07-14 13:30:53.079] [exthost] [warning] [Decorations] CAPPING events from decorations provider vscode.git 982
[2021-07-14 13:30:58.953] [exthost] [warning] [Decorations] CAPPING events from decorations provider vscode.git 982
[2021-07-14 13:31:04.899] [exthost] [warning] [Decorations] CAPPING events from decorations provider vscode.git 982
[2021-07-14 13:31:10.778] [exthost] [warning] [Decorations] CAPPING events from decorations provider vscode.git 982
[2021-07-14 13:31:16.727] [exthost] [warning] [Decorations] CAPPING events from decorations provider vscode.git 982
[2021-07-14 13:31:22.730] [exthost] [warning] [Decorations] CAPPING events from decorations provider vscode.git 982
[2021-07-14 13:31:28.774] [exthost] [warning] [Decorations] CAPPING events from decorations provider vscode.git 983
[2021-07-14 13:31:46.024] [exthost] [warning] [Decorations] CAPPING events from decorations provider vscode.git 986
[2021-07-14 13:31:51.943] [exthost] [warning] [Decorations] CAPPING events from decorations provider vscode.git 988
[2021-07-14 13:32:02.295] [exthost] [warning] [Decorations] CAPPING events from decorations provider vscode.git 990
[2021-07-14 13:32:12.529] [exthost] [warning] [Decorations] CAPPING events from decorations provider vscode.git 991
[2021-07-14 13:32:18.490] [exthost] [warning] [Decorations] CAPPING events from decorations provider vscode.git 991
[2021-07-14 13:32:26.477] [exthost] [warning] [Decorations] CAPPING events from decorations provider vscode.git 992
[2021-07-14 13:32:32.368] [exthost] [warning] [Decorations] CAPPING events from decorations provider vscode.git 994
[2021-07-14 13:32:42.643] [exthost] [warning] [Decorations] CAPPING events from decorations provider vscode.git 994
[2021-07-14 13:32:48.641] [exthost] [warning] [Decorations] CAPPING events from decorations provider vscode.git 994
[2021-07-14 13:32:54.545] [exthost] [warning] [Decorations] CAPPING events from decorations provider vscode.git 995
[2021-07-14 13:33:00.466] [exthost] [warning] [Decorations] CAPPING events from decorations provider vscode.git 995
[2021-07-14 13:33:06.791] [exthost] [warning] [Decorations] CAPPING events from decorations provider vscode.git 995
[2021-07-14 13:33:12.801] [exthost] [warning] [Decorations] CAPPING events from decorations provider vscode.git 996
[2021-07-14 13:33:42.006] [exthost] [warning] [Decorations] CAPPING events from decorations provider vscode.git 1001
[2021-07-14 13:33:47.902] [exthost] [warning] [Decorations] CAPPING events from decorations provider vscode.git 1002
[2021-07-14 13:33:53.836] [exthost] [warning] [Decorations] CAPPING events from decorations provider vscode.git 1002
[2021-07-14 13:34:31.790] [exthost] [warning] [Decorations] CAPPING events from decorations provider vscode.git 1008
[2021-07-14 13:34:37.754] [exthost] [warning] [Decorations] CAPPING events from decorations provider vscode.git 1006
[2021-07-14 13:34:43.759] [exthost] [warning] [Decorations] CAPPING events from decorations provider vscode.git 1008
[2021-07-14 13:34:49.837] [exthost] [warning] [Decorations] CAPPING events from decorations provider vscode.git 1009
[2021-07-14 13:35:01.161] [exthost] [warning] [Decorations] CAPPING events from decorations provider vscode.git 1009
[2021-07-14 13:35:07.098] [exthost] [warning] [Decorations] CAPPING events from decorations provider vscode.git 1010
[2021-07-14 13:35:21.406] [exthost] [warning] [Decorations] CAPPING events from decorations provider vscode.git 1012
[2021-07-14 13:35:27.403] [exthost] [warning] [Decorations] CAPPING events from decorations provider vscode.git 1013
[2021-07-14 13:35:39.965] [exthost] [warning] [Decorations] CAPPING events from decorations provider vscode.git 1013
[2021-07-14 13:38:43.746] [exthost] [warning] [Decorations] CAPPING events from decorations provider vscode.git 1032
[2021-07-14 13:38:49.834] [exthost] [warning] [Decorations] CAPPING events from decorations provider vscode.git 1033
[2021-07-14 13:39:04.754] [exthost] [warning] [Decorations] CAPPING events from decorations provider vscode.git 1033
[2021-07-14 13:39:18.361] [exthost] [warning] [Decorations] CAPPING events from decorations provider vscode.git 1034
[2021-07-14 13:39:25.048] [exthost] [warning] [Decorations] CAPPING events from decorations provider vscode.git 1037
[2021-07-14 13:39:32.998] [exthost] [warning] [Decorations] CAPPING events from decorations provider vscode.git 1037
[2021-07-14 13:39:39.024] [exthost] [warning] [Decorations] CAPPING events from decorations provider vscode.git 1037
[2021-07-14 13:46:49.986] [exthost] [warning] [Decorations] CAPPING events from decorations provider vscode.git 1097
[2021-07-14 13:46:55.902] [exthost] [warning] [Decorations] CAPPING events from decorations provider vscode.git 1097
[2021-07-14 13:47:11.278] [exthost] [warning] [Decorations] CAPPING events from decorations provider vscode.git 1101
[2021-07-14 13:59:04.262] [exthost] [warning] [Decorations] CAPPING events from decorations provider vscode.git 1196
[2021-07-14 13:59:10.177] [exthost] [warning] [Decorations] CAPPING events from decorations provider vscode.git 1197
[2021-07-14 13:59:16.107] [exthost] [warning] [Decorations] CAPPING events from decorations provider vscode.git 1199
[2021-07-14 13:59:28.293] [exthost] [warning] [Decorations] CAPPING events from decorations provider vscode.git 1200
[2021-07-14 13:59:34.212] [exthost] [warning] [Decorations] CAPPING events from decorations provider vscode.git 1200
[2021-07-14 13:59:40.183] [exthost] [warning] [Decorations] CAPPING events from decorations provider vscode.git 1201
[2021-07-14 13:59:48.831] [exthost] [warning] [Decorations] CAPPING events from decorations provider vscode.git 1205
[2021-07-14 13:59:54.728] [exthost] [warning] [Decorations] CAPPING events from decorations provider vscode.git 1206
[2021-07-14 14:00:08.970] [exthost] [warning] [Decorations] CAPPING events from decorations provider vscode.git 1208
[2021-07-14 14:00:19.203] [exthost] [warning] [Decorations] CAPPING events from decorations provider vscode.git 1209
[2021-07-14 14:00:29.220] [exthost] [warning] [Decorations] CAPPING events from decorations provider vscode.git 1212
[2021-07-14 14:00:50.163] [exthost] [warning] [Decorations] CAPPING events from decorations provider vscode.git 1214
[2021-07-14 14:02:26.402] [exthost] [info] ExtensionService#_doActivateExtension vscode.extension-editing {"startup":false,"extensionId":{"value":"vscode.extension-editing","_lower":"vscode.extension-editing"},"activationEvent":"onLanguage:typescript"}
[2021-07-14 14:02:26.405] [exthost] [info] ExtensionService#loadCommonJSModule file:///var/www/.vscode-server/bin/2d23c42a936db1c7b3b06f918cde29561cc47cd6/extensions/extension-editing/dist/extensionEditingMain
[2021-07-14 14:02:26.599] [exthost] [warning] [Decorations] CAPPING events from decorations provider vscode.git 1225
[2021-07-14 14:02:32.608] [exthost] [warning] [Decorations] CAPPING events from decorations provider vscode.git 1228
[2021-07-14 14:02:53.978] [exthost] [warning] [Decorations] CAPPING events from decorations provider vscode.git 1232
[2021-07-14 14:03:05.039] [exthost] [warning] [Decorations] CAPPING events from decorations provider vscode.git 1233
[2021-07-14 14:03:18.186] [exthost] [warning] [Decorations] CAPPING events from decorations provider vscode.git 1236
[2021-07-14 14:03:50.441] [exthost] [warning] [Decorations] CAPPING events from decorations provider vscode.git 1241
[2021-07-14 14:03:57.736] [exthost] [warning] [Decorations] CAPPING events from decorations provider vscode.git 1241
[2021-07-14 14:04:03.700] [exthost] [warning] [Decorations] CAPPING events from decorations provider vscode.git 1244
[2021-07-14 14:04:18.410] [exthost] [warning] [Decorations] CAPPING events from decorations provider vscode.git 1245
[2021-07-14 14:04:24.382] [exthost] [warning] [Decorations] CAPPING events from decorations provider vscode.git 1245
[2021-07-14 14:04:30.331] [exthost] [warning] [Decorations] CAPPING events from decorations provider vscode.git 1246
[2021-07-14 14:04:50.501] [exthost] [warning] [Decorations] CAPPING events from decorations provider vscode.git 1250
[2021-07-14 14:04:56.477] [exthost] [warning] [Decorations] CAPPING events from decorations provider vscode.git 1250
[2021-07-14 14:05:02.420] [exthost] [warning] [Decorations] CAPPING events from decorations provider vscode.git 1251
[2021-07-14 14:05:08.391] [exthost] [warning] [Decorations] CAPPING events from decorations provider vscode.git 1252
[2021-07-14 14:05:14.368] [exthost] [warning] [Decorations] CAPPING events from decorations provider vscode.git 1252
[2021-07-14 14:05:20.956] [exthost] [warning] [Decorations] CAPPING events from decorations provider vscode.git 1254
[2021-07-14 14:05:29.006] [exthost] [warning] [Decorations] CAPPING events from decorations provider vscode.git 1255
[2021-07-14 14:05:34.948] [exthost] [warning] [Decorations] CAPPING events from decorations provider vscode.git 1256
[2021-07-14 14:05:40.965] [exthost] [warning] [Decorations] CAPPING events from decorations provider vscode.git 1256
[2021-07-14 14:05:49.033] [exthost] [warning] [Decorations] CAPPING events from decorations provider vscode.git 1257
[2021-07-14 14:06:01.282] [exthost] [warning] [Decorations] CAPPING events from decorations provider vscode.git 1259
[2021-07-14 14:06:07.208] [exthost] [warning] [Decorations] CAPPING events from decorations provider vscode.git 1260
[2021-07-14 14:06:21.304] [exthost] [warning] [Decorations] CAPPING events from decorations provider vscode.git 1261
[2021-07-14 14:06:29.114] [exthost] [warning] [Decorations] CAPPING events from decorations provider vscode.git 1262
[2021-07-14 14:06:36.249] [exthost] [warning] [Decorations] CAPPING events from decorations provider vscode.git 1263
[2021-07-14 14:06:42.226] [exthost] [warning] [Decorations] CAPPING events from decorations provider vscode.git 1265
[2021-07-14 14:06:51.131] [exthost] [warning] [Decorations] CAPPING events from decorations provider vscode.git 1266
[2021-07-14 14:06:58.711] [exthost] [warning] [Decorations] CAPPING events from decorations provider vscode.git 1267
[2021-07-14 14:07:09.539] [exthost] [warning] [Decorations] CAPPING events from decorations provider vscode.git 1269
[2021-07-14 14:07:54.417] [exthost] [warning] [Decorations] CAPPING events from decorations provider vscode.git 1274
[2021-07-14 14:08:00.657] [exthost] [warning] [Decorations] CAPPING events from decorations provider vscode.git 1274
[2021-07-14 14:11:10.460] [exthost] [warning] [Decorations] CAPPING events from decorations provider vscode.git 1303
[2021-07-14 14:11:16.457] [exthost] [warning] [Decorations] CAPPING events from decorations provider vscode.git 1305
[2021-07-14 14:11:27.849] [exthost] [warning] [Decorations] CAPPING events from decorations provider vscode.git 1306
[2021-07-14 14:11:33.902] [exthost] [warning] [Decorations] CAPPING events from decorations provider vscode.git 1308
[2021-07-14 14:11:39.875] [exthost] [warning] [Decorations] CAPPING events from decorations provider vscode.git 1308
[2021-07-14 14:11:46.144] [exthost] [warning] [Decorations] CAPPING events from decorations provider vscode.git 1308
[2021-07-14 14:12:13.625] [exthost] [warning] [Decorations] CAPPING events from decorations provider vscode.git 1308
[2021-07-14 14:12:19.660] [exthost] [warning] [Decorations] CAPPING events from decorations provider vscode.git 1308
[2021-07-14 14:12:25.867] [exthost] [warning] [Decorations] CAPPING events from decorations provider vscode.git 1308
[2021-07-14 14:12:31.806] [exthost] [warning] [Decorations] CAPPING events from decorations provider vscode.git 1308
[2021-07-14 14:12:37.762] [exthost] [warning] [Decorations] CAPPING events from decorations provider vscode.git 1308
[2021-07-14 14:12:43.740] [exthost] [warning] [Decorations] CAPPING events from decorations provider vscode.git 1308
[2021-07-14 14:12:49.746] [exthost] [warning] [Decorations] CAPPING events from decorations provider vscode.git 1308
[2021-07-14 14:12:55.728] [exthost] [warning] [Decorations] CAPPING events from decorations provider vscode.git 1308
[2021-07-14 14:13:01.716] [exthost] [warning] [Decorations] CAPPING events from decorations provider vscode.git 1308
[2021-07-14 14:13:07.671] [exthost] [warning] [Decorations] CAPPING events from decorations provider vscode.git 1308
[2021-07-14 14:13:13.628] [exthost] [warning] [Decorations] CAPPING events from decorations provider vscode.git 1308
[2021-07-14 14:13:19.591] [exthost] [warning] [Decorations] CAPPING events from decorations provider vscode.git 1308
[2021-07-14 14:13:26.996] [exthost] [warning] [Decorations] CAPPING events from decorations provider vscode.git 1308
[2021-07-14 14:13:32.955] [exthost] [warning] [Decorations] CAPPING events from decorations provider vscode.git 1308
[2021-07-14 14:13:46.904] [exthost] [warning] [Decorations] CAPPING events from decorations provider vscode.git 1308
[2021-07-14 14:13:54.839] [exthost] [warning] [Decorations] CAPPING events from decorations provider vscode.git 1308
[2021-07-14 14:14:49.497] [exthost] [warning] [Decorations] CAPPING events from decorations provider vscode.git 1308
[2021-07-14 14:14:55.545] [exthost] [warning] [Decorations] CAPPING events from decorations provider vscode.git 1308
[2021-07-14 14:15:01.560] [exthost] [warning] [Decorations] CAPPING events from decorations provider vscode.git 1308
[2021-07-14 14:15:08.442] [exthost] [warning] [Decorations] CAPPING events from decorations provider vscode.git 1308
[2021-07-14 14:15:14.413] [exthost] [warning] [Decorations] CAPPING events from decorations provider vscode.git 1308
[2021-07-14 14:15:21.659] [exthost] [warning] [Decorations] CAPPING events from decorations provider vscode.git 1308
[2021-07-14 14:15:30.335] [exthost] [warning] [Decorations] CAPPING events from decorations provider vscode.git 1308
[2021-07-14 14:15:42.987] [exthost] [warning] [Decorations] CAPPING events from decorations provider vscode.git 1308
[2021-07-14 14:15:48.983] [exthost] [warning] [Decorations] CAPPING events from decorations provider vscode.git 1308
[2021-07-14 14:15:54.959] [exthost] [warning] [Decorations] CAPPING events from decorations provider vscode.git 1308
[2021-07-14 14:16:00.986] [exthost] [warning] [Decorations] CAPPING events from decorations provider vscode.git 1308
[2021-07-14 14:16:10.286] [exthost] [warning] [Decorations] CAPPING events from decorations provider vscode.git 1308
[2021-07-14 14:16:16.280] [exthost] [warning] [Decorations] CAPPING events from decorations provider vscode.git 1308
[2021-07-14 14:16:22.252] [exthost] [warning] [Decorations] CAPPING events from decorations provider vscode.git 1308
[2021-07-14 14:16:28.331] [exthost] [warning] [Decorations] CAPPING events from decorations provider vscode.git 1308
[2021-07-14 14:16:36.576] [exthost] [warning] [Decorations] CAPPING events from decorations provider vscode.git 1308
[2021-07-14 14:16:44.139] [exthost] [warning] [Decorations] CAPPING events from decorations provider vscode.git 1308
[2021-07-14 14:16:52.649] [exthost] [warning] [Decorations] CAPPING events from decorations provider vscode.git 1308
[2021-07-14 14:16:58.737] [exthost] [warning] [Decorations] CAPPING events from decorations provider vscode.git 1308
[2021-07-14 14:17:04.697] [exthost] [warning] [Decorations] CAPPING events from decorations provider vscode.git 1308
[2021-07-14 14:17:40.776] [exthost] [warning] [Decorations] CAPPING events from decorations provider vscode.git 1308
[2021-07-14 14:17:46.802] [exthost] [warning] [Decorations] CAPPING events from decorations provider vscode.git 1308
[2021-07-14 14:18:05.939] [exthost] [warning] [Decorations] CAPPING events from decorations provider vscode.git 1309
[2021-07-14 14:19:17.188] [exthost] [warning] [Decorations] CAPPING events from decorations provider vscode.git 1309
[2021-07-14 14:19:23.548] [exthost] [warning] [Decorations] CAPPING events from decorations provider vscode.git 1310
[2021-07-14 14:19:30.178] [exthost] [warning] [Decorations] CAPPING events from decorations provider vscode.git 1310
[2021-07-14 14:20:08.937] [exthost] [warning] [Decorations] CAPPING events from decorations provider vscode.git 1310
[2021-07-14 14:20:15.094] [exthost] [warning] [Decorations] CAPPING events from decorations provider vscode.git 1310
[2021-07-14 14:20:21.069] [exthost] [warning] [Decorations] CAPPING events from decorations provider vscode.git 1310
[2021-07-14 14:20:30.942] [exthost] [warning] [Decorations] CAPPING events from decorations provider vscode.git 1310
[2021-07-14 14:20:41.217] [exthost] [warning] [Decorations] CAPPING events from decorations provider vscode.git 1310
[2021-07-14 14:20:50.305] [exthost] [warning] [Decorations] CAPPING events from decorations provider vscode.git 1310
[2021-07-14 14:21:07.038] [exthost] [warning] [Decorations] CAPPING events from decorations provider vscode.git 1310
[2021-07-14 14:21:13.097] [exthost] [warning] [Decorations] CAPPING events from decorations provider vscode.git 1310
[2021-07-14 14:21:19.135] [exthost] [warning] [Decorations] CAPPING events from decorations provider vscode.git 1310
[2021-07-14 14:21:42.148] [exthost] [warning] [Decorations] CAPPING events from decorations provider vscode.git 1310
[2021-07-14 14:21:48.116] [exthost] [warning] [Decorations] CAPPING events from decorations provider vscode.git 1310
[2021-07-14 14:21:54.117] [exthost] [warning] [Decorations] CAPPING events from decorations provider vscode.git 1311
[2021-07-14 14:22:00.122] [exthost] [warning] [Decorations] CAPPING events from decorations provider vscode.git 1311
[2021-07-14 14:22:06.116] [exthost] [warning] [Decorations] CAPPING events from decorations provider vscode.git 1311
[2021-07-14 14:22:12.088] [exthost] [warning] [Decorations] CAPPING events from decorations provider vscode.git 1311
[2021-07-14 14:22:18.063] [exthost] [warning] [Decorations] CAPPING events from decorations provider vscode.git 1311
[2021-07-14 14:23:12.374] [exthost] [warning] [Decorations] CAPPING events from decorations provider vscode.git 1311
[2021-07-14 14:23:18.425] [exthost] [warning] [Decorations] CAPPING events from decorations provider vscode.git 1311
[2021-07-14 14:23:24.676] [exthost] [warning] [Decorations] CAPPING events from decorations provider vscode.git 1311
[2021-07-14 14:23:45.650] [exthost] [warning] [Decorations] CAPPING events from decorations provider vscode.git 1311
[2021-07-14 14:23:51.769] [exthost] [warning] [Decorations] CAPPING events from decorations provider vscode.git 1311
[2021-07-14 14:23:57.859] [exthost] [warning] [Decorations] CAPPING events from decorations provider vscode.git 1311
[2021-07-14 14:24:04.372] [exthost] [warning] [Decorations] CAPPING events from decorations provider vscode.git 1312
[2021-07-14 14:24:15.441] [exthost] [warning] [Decorations] CAPPING events from decorations provider vscode.git 1312
[2021-07-14 14:24:21.443] [exthost] [warning] [Decorations] CAPPING events from decorations provider vscode.git 1312
[2021-07-14 14:24:28.964] [exthost] [warning] [Decorations] CAPPING events from decorations provider vscode.git 1312
[2021-07-14 14:24:37.012] [exthost] [warning] [Decorations] CAPPING events from decorations provider vscode.git 1312
[2021-07-14 14:24:43.020] [exthost] [warning] [Decorations] CAPPING events from decorations provider vscode.git 1312
[2021-07-14 14:25:12.762] [exthost] [warning] [Decorations] CAPPING events from decorations provider vscode.git 1312
[2021-07-14 14:25:18.845] [exthost] [warning] [Decorations] CAPPING events from decorations provider vscode.git 1312
[2021-07-14 14:25:24.907] [exthost] [warning] [Decorations] CAPPING events from decorations provider vscode.git 1313
[2021-07-14 14:25:30.993] [exthost] [warning] [Decorations] CAPPING events from decorations provider vscode.git 1313
[2021-07-14 14:25:37.060] [exthost] [warning] [Decorations] CAPPING events from decorations provider vscode.git 1313
[2021-07-14 14:25:43.145] [exthost] [warning] [Decorations] CAPPING events from decorations provider vscode.git 1313
[2021-07-14 14:26:03.406] [exthost] [warning] [Decorations] CAPPING events from decorations provider vscode.git 1313
[2021-07-14 14:26:09.823] [exthost] [warning] [Decorations] CAPPING events from decorations provider vscode.git 1313
[2021-07-14 14:26:16.064] [exthost] [warning] [Decorations] CAPPING events from decorations provider vscode.git 1313
[2021-07-14 14:26:22.026] [exthost] [warning] [Decorations] CAPPING events from decorations provider vscode.git 1314
[2021-07-14 14:26:27.983] [exthost] [warning] [Decorations] CAPPING events from decorations provider vscode.git 1314
[2021-07-14 14:26:33.900] [exthost] [warning] [Decorations] CAPPING events from decorations provider vscode.git 1314
[2021-07-14 14:26:43.317] [exthost] [warning] [Decorations] CAPPING events from decorations provider vscode.git 1314
[2021-07-14 14:26:50.455] [exthost] [warning] [Decorations] CAPPING events from decorations provider vscode.git 1314
[2021-07-14 14:26:56.484] [exthost] [warning] [Decorations] CAPPING events from decorations provider vscode.git 1314
[2021-07-14 14:27:04.700] [exthost] [warning] [Decorations] CAPPING events from decorations provider vscode.git 1314
[2021-07-14 14:28:10.725] [exthost] [warning] [Decorations] CAPPING events from decorations provider vscode.git 1329
[2021-07-14 14:28:16.778] [exthost] [warning] [Decorations] CAPPING events from decorations provider vscode.git 1328
[2021-07-14 14:29:07.922] [exthost] [warning] [Decorations] CAPPING events from decorations provider vscode.git 1341
[2021-07-14 14:29:13.963] [exthost] [warning] [Decorations] CAPPING events from decorations provider vscode.git 1344
[2021-07-14 14:29:20.001] [exthost] [warning] [Decorations] CAPPING events from decorations provider vscode.git 1345
[2021-07-14 14:29:32.771] [exthost] [warning] [Decorations] CAPPING events from decorations provider vscode.git 1346
[2021-07-14 14:29:47.564] [exthost] [warning] [Decorations] CAPPING events from decorations provider vscode.git 1347
[2021-07-14 14:31:02.442] [exthost] [warning] [Decorations] CAPPING events from decorations provider vscode.git 5193
[2021-07-14 14:31:08.763] [exthost] [warning] [Decorations] CAPPING events from decorations provider vscode.git 3902
[2021-07-14 14:31:14.756] [exthost] [warning] [Decorations] CAPPING events from decorations provider vscode.git 3905
[2021-07-14 14:31:20.809] [exthost] [warning] [Decorations] CAPPING events from decorations provider vscode.git 3906
[2021-07-14 14:31:32.868] [exthost] [warning] [Decorations] CAPPING events from decorations provider vscode.git 3907
[2021-07-14 14:31:38.836] [exthost] [warning] [Decorations] CAPPING events from decorations provider vscode.git 3907
[2021-07-14 14:31:51.359] [exthost] [warning] [Decorations] CAPPING events from decorations provider vscode.git 3909
[2021-07-14 14:31:57.393] [exthost] [warning] [Decorations] CAPPING events from decorations provider vscode.git 3911
[2021-07-14 14:32:12.837] [exthost] [warning] [Decorations] CAPPING events from decorations provider vscode.git 3912
[2021-07-14 14:32:18.897] [exthost] [warning] [Decorations] CAPPING events from decorations provider vscode.git 3912
[2021-07-14 14:32:25.014] [exthost] [warning] [Decorations] CAPPING events from decorations provider vscode.git 3913
[2021-07-14 14:32:32.947] [exthost] [warning] [Decorations] CAPPING events from decorations provider vscode.git 3914
[2021-07-14 14:32:39.039] [exthost] [warning] [Decorations] CAPPING events from decorations provider vscode.git 3916
[2021-07-14 14:32:53.240] [exthost] [warning] [Decorations] CAPPING events from decorations provider vscode.git 3918
[2021-07-14 14:32:59.348] [exthost] [warning] [Decorations] CAPPING events from decorations provider vscode.git 3918
[2021-07-14 14:33:06.666] [exthost] [warning] [Decorations] CAPPING events from decorations provider vscode.git 3918
[2021-07-14 14:34:20.858] [exthost] [warning] [Decorations] CAPPING events from decorations provider vscode.git 3928
[2021-07-14 14:35:06.074] [exthost] [warning] [Decorations] CAPPING events from decorations provider vscode.git 3937
[2021-07-14 14:35:13.490] [exthost] [warning] [Decorations] CAPPING events from decorations provider vscode.git 3935
[2021-07-14 14:35:19.610] [exthost] [warning] [Decorations] CAPPING events from decorations provider vscode.git 3937
[2021-07-14 14:35:28.274] [exthost] [warning] [Decorations] CAPPING events from decorations provider vscode.git 3938
[2021-07-14 14:35:34.272] [exthost] [warning] [Decorations] CAPPING events from decorations provider vscode.git 3939
[2021-07-14 14:35:40.260] [exthost] [warning] [Decorations] CAPPING events from decorations provider vscode.git 3939
[2021-07-14 14:35:53.333] [exthost] [warning] [Decorations] CAPPING events from decorations provider vscode.git 3939
[2021-07-14 14:35:59.308] [exthost] [warning] [Decorations] CAPPING events from decorations provider vscode.git 3944
[2021-07-14 14:36:12.844] [exthost] [warning] [Decorations] CAPPING events from decorations provider vscode.git 3944
[2021-07-14 14:36:18.807] [exthost] [warning] [Decorations] CAPPING events from decorations provider vscode.git 3944
[2021-07-14 14:37:44.445] [exthost] [warning] [Decorations] CAPPING events from decorations provider vscode.git 3970
[2021-07-14 14:37:50.455] [exthost] [warning] [Decorations] CAPPING events from decorations provider vscode.git 3969
[2021-07-14 14:37:56.425] [exthost] [warning] [Decorations] CAPPING events from decorations provider vscode.git 3972
[2021-07-14 14:38:14.036] [exthost] [warning] [Decorations] CAPPING events from decorations provider vscode.git 3974
[2021-07-14 14:38:22.903] [exthost] [warning] [Decorations] CAPPING events from decorations provider vscode.git 3974
[2021-07-14 14:38:31.215] [exthost] [warning] [Decorations] CAPPING events from decorations provider vscode.git 3974
[2021-07-14 14:38:37.284] [exthost] [warning] [Decorations] CAPPING events from decorations provider vscode.git 3975
[2021-07-14 14:38:43.670] [exthost] [warning] [Decorations] CAPPING events from decorations provider vscode.git 3975
[2021-07-14 14:39:16.835] [exthost] [warning] [Decorations] CAPPING events from decorations provider vscode.git 3987
[2021-07-14 14:39:22.837] [exthost] [warning] [Decorations] CAPPING events from decorations provider vscode.git 3988
[2021-07-14 14:39:28.856] [exthost] [warning] [Decorations] CAPPING events from decorations provider vscode.git 3989
[2021-07-14 14:39:34.830] [exthost] [warning] [Decorations] CAPPING events from decorations provider vscode.git 3991
[2021-07-14 14:39:50.743] [exthost] [warning] [Decorations] CAPPING events from decorations provider vscode.git 3991
[2021-07-14 14:39:56.719] [exthost] [warning] [Decorations] CAPPING events from decorations provider vscode.git 3993
[2021-07-14 14:40:10.944] [exthost] [warning] [Decorations] CAPPING events from decorations provider vscode.git 3995
[2021-07-14 14:40:16.913] [exthost] [warning] [Decorations] CAPPING events from decorations provider vscode.git 3996
[2021-07-14 14:40:25.189] [exthost] [warning] [Decorations] CAPPING events from decorations provider vscode.git 3997
[2021-07-14 14:40:31.193] [exthost] [warning] [Decorations] CAPPING events from decorations provider vscode.git 3997
[2021-07-14 14:40:37.170] [exthost] [warning] [Decorations] CAPPING events from decorations provider vscode.git 3998
[2021-07-14 14:40:51.449] [exthost] [warning] [Decorations] CAPPING events from decorations provider vscode.git 4000
[2021-07-14 14:40:57.455] [exthost] [warning] [Decorations] CAPPING events from decorations provider vscode.git 4002
[2021-07-14 14:41:11.599] [exthost] [warning] [Decorations] CAPPING events from decorations provider vscode.git 4002
[2021-07-14 14:41:17.633] [exthost] [warning] [Decorations] CAPPING events from decorations provider vscode.git 4003
[2021-07-14 14:41:27.276] [exthost] [warning] [Decorations] CAPPING events from decorations provider vscode.git 4004
[2021-07-14 14:41:33.258] [exthost] [warning] [Decorations] CAPPING events from decorations provider vscode.git 4007
[2021-07-14 14:41:39.225] [exthost] [warning] [Decorations] CAPPING events from decorations provider vscode.git 4007
[2021-07-14 14:41:52.088] [exthost] [warning] [Decorations] CAPPING events from decorations provider vscode.git 4008
[2021-07-14 14:41:58.202] [exthost] [warning] [Decorations] CAPPING events from decorations provider vscode.git 4009
[2021-07-14 14:42:12.303] [exthost] [warning] [Decorations] CAPPING events from decorations provider vscode.git 4012
[2021-07-14 14:42:29.201] [exthost] [warning] [Decorations] CAPPING events from decorations provider vscode.git 4013
[2021-07-14 14:42:35.223] [exthost] [warning] [Decorations] CAPPING events from decorations provider vscode.git 4014
[2021-07-14 14:42:53.703] [exthost] [warning] [Decorations] CAPPING events from decorations provider vscode.git 4017
[2021-07-14 14:43:00.267] [exthost] [warning] [Decorations] CAPPING events from decorations provider vscode.git 4018
[2021-07-14 14:43:13.913] [exthost] [warning] [Decorations] CAPPING events from decorations provider vscode.git 4019
[2021-07-14 14:43:31.234] [exthost] [warning] [Decorations] CAPPING events from decorations provider vscode.git 4020
[2021-07-14 14:43:37.250] [exthost] [warning] [Decorations] CAPPING events from decorations provider vscode.git 4023
[2021-07-14 14:43:53.730] [exthost] [warning] [Decorations] CAPPING events from decorations provider vscode.git 4024
[2021-07-14 14:44:02.218] [exthost] [warning] [Decorations] CAPPING events from decorations provider vscode.git 4025
[2021-07-14 14:44:13.752] [exthost] [warning] [Decorations] CAPPING events from decorations provider vscode.git 4028
[2021-07-14 14:44:33.701] [exthost] [warning] [Decorations] CAPPING events from decorations provider vscode.git 4030
[2021-07-14 14:45:16.454] [exthost] [warning] [Decorations] CAPPING events from decorations provider vscode.git 4040
[2021-07-14 14:45:22.536] [exthost] [warning] [Decorations] CAPPING events from decorations provider vscode.git 4042
[2021-07-14 14:45:28.623] [exthost] [warning] [Decorations] CAPPING events from decorations provider vscode.git 4042
[2021-07-14 14:45:34.629] [exthost] [warning] [Decorations] CAPPING events from decorations provider vscode.git 4044
[2021-07-14 14:45:40.934] [exthost] [warning] [Decorations] CAPPING events from decorations provider vscode.git 4044
[2021-07-14 14:47:10.186] [exthost] [warning] [Decorations] CAPPING events from decorations provider vscode.git 4055
[2021-07-14 14:47:16.263] [exthost] [warning] [Decorations] CAPPING events from decorations provider vscode.git 4060
[2021-07-14 14:47:22.289] [exthost] [warning] [Decorations] CAPPING events from decorations provider vscode.git 4060
[2021-07-14 14:47:28.283] [exthost] [warning] [Decorations] CAPPING events from decorations provider vscode.git 4061
[2021-07-14 14:47:55.012] [exthost] [warning] [Decorations] CAPPING events from decorations provider vscode.git 4148
[2021-07-14 14:48:36.928] [exthost] [warning] [Decorations] CAPPING events from decorations provider vscode.git 3986
[2021-07-14 14:48:42.925] [exthost] [warning] [Decorations] CAPPING events from decorations provider vscode.git 3903
[2021-07-14 14:48:48.999] [exthost] [warning] [Decorations] CAPPING events from decorations provider vscode.git 3904
[2021-07-14 14:49:17.203] [exthost] [warning] [Decorations] CAPPING events from decorations provider vscode.git 3907
[2021-07-14 14:49:23.261] [exthost] [warning] [Decorations] CAPPING events from decorations provider vscode.git 3909
[2021-07-14 14:49:43.369] [exthost] [warning] [Decorations] CAPPING events from decorations provider vscode.git 3913
[2021-07-14 14:49:49.357] [exthost] [warning] [Decorations] CAPPING events from decorations provider vscode.git 3913
[2021-07-14 14:49:55.398] [exthost] [warning] [Decorations] CAPPING events from decorations provider vscode.git 3914
[2021-07-14 14:50:34.966] [exthost] [warning] [Decorations] CAPPING events from decorations provider vscode.git 3921
[2021-07-14 14:57:37.977] [exthost] [warning] [Decorations] CAPPING events from decorations provider vscode.git 3980
[2021-07-14 14:57:44.008] [exthost] [warning] [Decorations] CAPPING events from decorations provider vscode.git 3980
[2021-07-14 14:57:50.019] [exthost] [warning] [Decorations] CAPPING events from decorations provider vscode.git 3981
[2021-07-14 14:57:56.040] [exthost] [warning] [Decorations] CAPPING events from decorations provider vscode.git 3984
[2021-07-14 14:58:16.016] [exthost] [warning] [Decorations] CAPPING events from decorations provider vscode.git 3986
[2021-07-14 14:58:36.276] [exthost] [warning] [Decorations] CAPPING events from decorations provider vscode.git 3989
[2021-07-14 15:00:00.198] [exthost] [warning] [Decorations] CAPPING events from decorations provider vscode.git 4000
[2021-07-14 15:00:46.638] [exthost] [warning] [Decorations] CAPPING events from decorations provider vscode.git 4005
[2021-07-14 16:15:23.556] [exthost] [warning] [Decorations] CAPPING events from decorations provider vscode.git 4121
[2021-07-14 16:15:29.666] [exthost] [warning] [Decorations] CAPPING events from decorations provider vscode.git 4121
[2021-07-14 16:15:35.706] [exthost] [warning] [Decorations] CAPPING events from decorations provider vscode.git 4121
[2021-07-14 16:15:41.914] [exthost] [warning] [Decorations] CAPPING events from decorations provider vscode.git 4121
[2021-07-14 16:15:48.004] [exthost] [warning] [Decorations] CAPPING events from decorations provider vscode.git 4124
[2021-07-14 16:15:54.265] [exthost] [warning] [Decorations] CAPPING events from decorations provider vscode.git 4124
[2021-07-14 16:17:09.694] [exthost] [warning] [Decorations] CAPPING events from decorations provider vscode.git 4217
[2021-07-14 16:17:43.511] [exthost] [warning] [Decorations] CAPPING events from decorations provider vscode.git 3991
[2021-07-14 16:19:36.402] [exthost] [warning] [Decorations] CAPPING events from decorations provider vscode.git 3923
[2021-07-14 16:19:42.621] [exthost] [warning] [Decorations] CAPPING events from decorations provider vscode.git 3924
[2021-07-14 16:19:48.758] [exthost] [warning] [Decorations] CAPPING events from decorations provider vscode.git 3924
[2021-07-14 16:19:54.745] [exthost] [warning] [Decorations] CAPPING events from decorations provider vscode.git 3924
[2021-07-14 16:20:00.803] [exthost] [warning] [Decorations] CAPPING events from decorations provider vscode.git 3924
[2021-07-14 16:20:06.809] [exthost] [warning] [Decorations] CAPPING events from decorations provider vscode.git 3924
[2021-07-14 16:20:12.863] [exthost] [warning] [Decorations] CAPPING events from decorations provider vscode.git 3924
[2021-07-14 16:20:18.841] [exthost] [warning] [Decorations] CAPPING events from decorations provider vscode.git 3924
[2021-07-14 16:20:24.847] [exthost] [warning] [Decorations] CAPPING events from decorations provider vscode.git 3924
[2021-07-14 16:20:30.924] [exthost] [warning] [Decorations] CAPPING events from decorations provider vscode.git 3924
[2021-07-14 16:20:37.006] [exthost] [warning] [Decorations] CAPPING events from decorations provider vscode.git 3924
[2021-07-14 16:20:43.057] [exthost] [warning] [Decorations] CAPPING events from decorations provider vscode.git 3925
[2021-07-14 16:20:49.069] [exthost] [warning] [Decorations] CAPPING events from decorations provider vscode.git 3925
[2021-07-14 16:20:55.205] [exthost] [warning] [Decorations] CAPPING events from decorations provider vscode.git 3925
[2021-07-14 16:21:01.207] [exthost] [warning] [Decorations] CAPPING events from decorations provider vscode.git 3925
[2021-07-14 16:21:07.242] [exthost] [warning] [Decorations] CAPPING events from decorations provider vscode.git 3928
[2021-07-14 16:21:13.278] [exthost] [warning] [Decorations] CAPPING events from decorations provider vscode.git 3928
[2021-07-14 16:21:19.311] [exthost] [warning] [Decorations] CAPPING events from decorations provider vscode.git 3928
[2021-07-14 16:21:25.427] [exthost] [warning] [Decorations] CAPPING events from decorations provider vscode.git 3929
[2021-07-14 16:21:31.678] [exthost] [warning] [Decorations] CAPPING events from decorations provider vscode.git 3930
[2021-07-14 16:21:37.796] [exthost] [warning] [Decorations] CAPPING events from decorations provider vscode.git 3930
[2021-07-14 16:22:27.693] [exthost] [warning] [Decorations] CAPPING events from decorations provider vscode.git 3953
[2021-07-14 16:22:33.676] [exthost] [warning] [Decorations] CAPPING events from decorations provider vscode.git 3953
[2021-07-14 16:22:57.908] [exthost] [warning] [Decorations] CAPPING events from decorations provider vscode.git 4039
[2021-07-14 16:23:24.386] [exthost] [warning] [Decorations] CAPPING events from decorations provider vscode.git 3979
[2021-07-14 16:23:39.673] [exthost] [warning] [Decorations] CAPPING events from decorations provider vscode.git 3979
[2021-07-14 16:23:45.697] [exthost] [warning] [Decorations] CAPPING events from decorations provider vscode.git 3981
[2021-07-14 16:23:51.797] [exthost] [warning] [Decorations] CAPPING events from decorations provider vscode.git 3981
[2021-07-14 16:24:20.541] [exthost] [warning] [Decorations] CAPPING events from decorations provider vscode.git 3989
[2021-07-14 16:24:26.567] [exthost] [warning] [Decorations] CAPPING events from decorations provider vscode.git 3905
[2021-07-14 16:24:32.579] [exthost] [warning] [Decorations] CAPPING events from decorations provider vscode.git 3905
[2021-07-14 16:24:38.748] [exthost] [warning] [Decorations] CAPPING events from decorations provider vscode.git 3905
