[2021-07-27 06:20:03.597] [exthost] [info] extension host started
[2021-07-27 06:20:03.601] [exthost] [error] Error: EEXIST: file already exists, open '/var/www/.vscode-server/data/User/workspaceStorage/c442117acadd182bd5a664e886124edc/vscode.lock'
[2021-07-27 06:20:03.621] [exthost] [info] Lock '/var/www/.vscode-server/data/User/workspaceStorage/c442117acadd182bd5a664e886124edc/vscode.lock': Could not acquire lock, checking if the file is stale.
[2021-07-27 06:20:03.625] [exthost] [info] Lock '/var/www/.vscode-server/data/User/workspaceStorage/c442117acadd182bd5a664e886124edc/vscode.lock': The lock does not look stale, elapsed: 547575 ms, giving up.
[2021-07-27 06:20:03.626] [exthost] [error] Error: EEXIST: file already exists, open '/var/www/.vscode-server/data/User/workspaceStorage/c442117acadd182bd5a664e886124edc-1/vscode.lock'
[2021-07-27 06:20:03.853] [exthost] [info] ExtensionService#_doActivateExtension vscode.debug-auto-launch {"startup":true,"extensionId":{"value":"vscode.debug-auto-launch","_lower":"vscode.debug-auto-launch"},"activationEvent":"*"}
[2021-07-27 06:20:03.853] [exthost] [info] ExtensionService#loadCommonJSModule file:///var/www/.vscode-server/bin/c3f126316369cd610563c75b1b1725e0679adfb3/extensions/debug-auto-launch/dist/extension
[2021-07-27 06:20:03.863] [exthost] [info] ExtensionService#_doActivateExtension vscode.git {"startup":true,"extensionId":{"value":"vscode.github","_lower":"vscode.github"},"activationEvent":"*"}
[2021-07-27 06:20:03.863] [exthost] [info] ExtensionService#loadCommonJSModule file:///var/www/.vscode-server/bin/c3f126316369cd610563c75b1b1725e0679adfb3/extensions/git/dist/main
[2021-07-27 06:20:03.996] [exthost] [info] ExtensionService#_doActivateExtension nadim-vscode.symfony-code-snippets {"startup":true,"extensionId":{"value":"nadim-vscode.symfony-code-snippets","_lower":"nadim-vscode.symfony-code-snippets"},"activationEvent":"*"}
[2021-07-27 06:20:03.996] [exthost] [info] ExtensionService#loadCommonJSModule file:///var/www/.vscode-server/extensions/nadim-vscode.symfony-code-snippets-1.2.7/extension
[2021-07-27 06:20:03.997] [exthost] [info] ExtensionService#_doActivateExtension nadim-vscode.symfony-super-console {"startup":true,"extensionId":{"value":"nadim-vscode.symfony-super-console","_lower":"nadim-vscode.symfony-super-console"},"activationEvent":"*"}
[2021-07-27 06:20:03.997] [exthost] [info] ExtensionService#loadCommonJSModule file:///var/www/.vscode-server/extensions/nadim-vscode.symfony-super-console-1.1.1/extension.js
[2021-07-27 06:20:04.033] [exthost] [info] Lock '/var/www/.vscode-server/data/User/workspaceStorage/c442117acadd182bd5a664e886124edc-1/vscode.lock': Could not acquire lock, checking if the file is stale.
[2021-07-27 06:20:04.058] [exthost] [info] Lock '/var/www/.vscode-server/data/User/workspaceStorage/c442117acadd182bd5a664e886124edc-1/vscode.lock': The pid 938 appears to be gone.
[2021-07-27 06:20:04.058] [exthost] [info] Lock '/var/www/.vscode-server/data/User/workspaceStorage/c442117acadd182bd5a664e886124edc-1/vscode.lock': Deleting a stale lock.
[2021-07-27 06:20:04.062] [exthost] [info] Lock '/var/www/.vscode-server/data/User/workspaceStorage/c442117acadd182bd5a664e886124edc-1/vscode.lock': Lock acquired.
[2021-07-27 06:20:04.479] [exthost] [info] ExtensionService#_doActivateExtension vscode.github {"startup":true,"extensionId":{"value":"vscode.github","_lower":"vscode.github"},"activationEvent":"*"}
[2021-07-27 06:20:04.479] [exthost] [info] ExtensionService#loadCommonJSModule file:///var/www/.vscode-server/bin/c3f126316369cd610563c75b1b1725e0679adfb3/extensions/github/dist/extension.js
[2021-07-27 06:20:05.214] [exthost] [info] ExtensionService#_doActivateExtension vscode.emmet {"startup":false,"extensionId":{"value":"vscode.emmet","_lower":"vscode.emmet"},"activationEvent":"onStartupFinished"}
[2021-07-27 06:20:05.214] [exthost] [info] ExtensionService#loadCommonJSModule file:///var/www/.vscode-server/bin/c3f126316369cd610563c75b1b1725e0679adfb3/extensions/emmet/dist/node/emmetNodeMain
[2021-07-27 06:20:05.241] [exthost] [info] ExtensionService#_doActivateExtension vscode.merge-conflict {"startup":false,"extensionId":{"value":"vscode.merge-conflict","_lower":"vscode.merge-conflict"},"activationEvent":"onStartupFinished"}
[2021-07-27 06:20:05.242] [exthost] [info] ExtensionService#loadCommonJSModule file:///var/www/.vscode-server/bin/c3f126316369cd610563c75b1b1725e0679adfb3/extensions/merge-conflict/dist/mergeConflictMain
[2021-07-27 06:20:05.249] [exthost] [info] ExtensionService#_doActivateExtension vscode.testing-editor-contributions {"startup":false,"extensionId":{"value":"vscode.testing-editor-contributions","_lower":"vscode.testing-editor-contributions"},"activationEvent":"onStartupFinished"}
[2021-07-27 06:20:05.250] [exthost] [info] ExtensionService#loadCommonJSModule file:///var/www/.vscode-server/bin/c3f126316369cd610563c75b1b1725e0679adfb3/extensions/testing-editor-contributions/dist/extension.js
[2021-07-27 06:20:05.251] [exthost] [info] eager extensions activated
[2021-07-27 06:20:05.429] [exthost] [info] ExtensionService#_doActivateExtension ms-vscode.js-debug {"startup":false,"extensionId":{"value":"ms-vscode.js-debug","_lower":"ms-vscode.js-debug"},"activationEvent":"onCommand:extension.js-debug.clearAutoAttachVariables"}
[2021-07-27 06:20:05.429] [exthost] [info] ExtensionService#loadCommonJSModule file:///var/www/.vscode-server/bin/c3f126316369cd610563c75b1b1725e0679adfb3/extensions/ms-vscode.js-debug/src/extension.js
[2021-07-27 06:20:07.579] [exthost] [warning] [Decorations] CAPPING events from decorations provider vscode.git 1352
[2021-07-27 06:20:13.225] [exthost] [warning] [Decorations] CAPPING events from decorations provider vscode.git 1355
[2021-07-27 06:20:19.186] [exthost] [warning] [Decorations] CAPPING events from decorations provider vscode.git 1355
[2021-07-27 06:20:25.468] [exthost] [warning] [Decorations] CAPPING events from decorations provider vscode.git 1355
[2021-07-27 06:20:42.524] [exthost] [warning] [Decorations] CAPPING events from decorations provider vscode.git 1355
[2021-07-27 06:20:48.462] [exthost] [warning] [Decorations] CAPPING events from decorations provider vscode.git 1355
[2021-07-27 06:20:54.359] [exthost] [warning] [Decorations] CAPPING events from decorations provider vscode.git 1355
[2021-07-27 06:21:00.241] [exthost] [warning] [Decorations] CAPPING events from decorations provider vscode.git 1355
[2021-07-27 06:21:06.143] [exthost] [warning] [Decorations] CAPPING events from decorations provider vscode.git 1355
[2021-07-27 06:21:12.089] [exthost] [warning] [Decorations] CAPPING events from decorations provider vscode.git 1355
[2021-07-27 06:21:18.200] [exthost] [warning] [Decorations] CAPPING events from decorations provider vscode.git 1355
[2021-07-27 06:21:24.085] [exthost] [warning] [Decorations] CAPPING events from decorations provider vscode.git 1355
[2021-07-27 06:21:29.964] [exthost] [warning] [Decorations] CAPPING events from decorations provider vscode.git 1355
[2021-07-27 06:21:35.865] [exthost] [warning] [Decorations] CAPPING events from decorations provider vscode.git 1355
[2021-07-27 06:21:41.927] [exthost] [warning] [Decorations] CAPPING events from decorations provider vscode.git 1355
[2021-07-27 06:21:47.822] [exthost] [warning] [Decorations] CAPPING events from decorations provider vscode.git 1355
[2021-07-27 06:21:53.706] [exthost] [warning] [Decorations] CAPPING events from decorations provider vscode.git 1355
[2021-07-27 06:21:59.611] [exthost] [warning] [Decorations] CAPPING events from decorations provider vscode.git 1355
[2021-07-27 06:22:05.476] [exthost] [warning] [Decorations] CAPPING events from decorations provider vscode.git 1355
[2021-07-27 06:22:11.742] [exthost] [warning] [Decorations] CAPPING events from decorations provider vscode.git 1355
[2021-07-27 06:22:17.688] [exthost] [warning] [Decorations] CAPPING events from decorations provider vscode.git 1355
[2021-07-27 06:22:23.579] [exthost] [warning] [Decorations] CAPPING events from decorations provider vscode.git 1355
[2021-07-27 06:22:29.555] [exthost] [warning] [Decorations] CAPPING events from decorations provider vscode.git 1355
[2021-07-27 06:22:35.454] [exthost] [warning] [Decorations] CAPPING events from decorations provider vscode.git 1355
[2021-07-27 06:22:41.645] [exthost] [warning] [Decorations] CAPPING events from decorations provider vscode.git 1355
[2021-07-27 06:22:48.573] [exthost] [warning] [Decorations] CAPPING events from decorations provider vscode.git 1355
[2021-07-27 06:22:55.184] [exthost] [warning] [Decorations] CAPPING events from decorations provider vscode.git 1355
[2021-07-27 06:23:02.298] [exthost] [warning] [Decorations] CAPPING events from decorations provider vscode.git 1355
[2021-07-27 06:23:10.133] [exthost] [warning] [Decorations] CAPPING events from decorations provider vscode.git 1355
[2021-07-27 06:23:17.449] [exthost] [warning] [Decorations] CAPPING events from decorations provider vscode.git 1355
[2021-07-27 06:23:33.942] [exthost] [warning] [Decorations] CAPPING events from decorations provider vscode.git 1355
[2021-07-27 06:24:46.955] [exthost] [warning] [Decorations] CAPPING events from decorations provider vscode.git 1355
[2021-07-27 06:24:54.722] [exthost] [warning] [Decorations] CAPPING events from decorations provider vscode.git 1355
[2021-07-27 06:25:01.439] [exthost] [warning] [Decorations] CAPPING events from decorations provider vscode.git 1355
[2021-07-27 06:25:07.432] [exthost] [warning] [Decorations] CAPPING events from decorations provider vscode.git 1355
[2021-07-27 06:25:13.356] [exthost] [warning] [Decorations] CAPPING events from decorations provider vscode.git 1355
[2021-07-27 06:25:19.249] [exthost] [warning] [Decorations] CAPPING events from decorations provider vscode.git 1355
[2021-07-27 06:25:25.181] [exthost] [warning] [Decorations] CAPPING events from decorations provider vscode.git 1355
[2021-07-27 06:25:31.213] [exthost] [warning] [Decorations] CAPPING events from decorations provider vscode.git 1355
[2021-07-27 06:25:37.073] [exthost] [warning] [Decorations] CAPPING events from decorations provider vscode.git 1355
[2021-07-27 06:25:43.014] [exthost] [warning] [Decorations] CAPPING events from decorations provider vscode.git 1355
[2021-07-27 06:25:49.397] [exthost] [warning] [Decorations] CAPPING events from decorations provider vscode.git 1355
[2021-07-27 06:27:41.374] [exthost] [warning] [Decorations] CAPPING events from decorations provider vscode.git 1355
[2021-07-27 06:28:59.976] [exthost] [warning] [Decorations] CAPPING events from decorations provider vscode.git 1363
[2021-07-27 06:29:05.893] [exthost] [warning] [Decorations] CAPPING events from decorations provider vscode.git 1363
[2021-07-27 06:29:11.841] [exthost] [warning] [Decorations] CAPPING events from decorations provider vscode.git 1363
[2021-07-27 06:29:17.843] [exthost] [warning] [Decorations] CAPPING events from decorations provider vscode.git 1363
[2021-07-27 06:29:29.771] [exthost] [warning] [Decorations] CAPPING events from decorations provider vscode.git 1363
[2021-07-27 06:29:35.740] [exthost] [warning] [Decorations] CAPPING events from decorations provider vscode.git 1363
[2021-07-27 06:29:42.581] [exthost] [warning] [Decorations] CAPPING events from decorations provider vscode.git 1363
[2021-07-27 06:29:56.535] [exthost] [warning] [Decorations] CAPPING events from decorations provider vscode.git 1365
[2021-07-27 06:39:35.944] [exthost] [warning] [Decorations] CAPPING events from decorations provider vscode.git 1365
[2021-07-27 06:39:41.836] [exthost] [warning] [Decorations] CAPPING events from decorations provider vscode.git 1365
[2021-07-27 06:40:35.452] [exthost] [warning] [Decorations] CAPPING events from decorations provider vscode.git 1365
[2021-07-27 06:40:42.058] [exthost] [warning] [Decorations] CAPPING events from decorations provider vscode.git 1365
[2021-07-27 06:40:50.263] [exthost] [warning] [Decorations] CAPPING events from decorations provider vscode.git 1365
[2021-07-27 06:41:00.824] [exthost] [warning] [Decorations] CAPPING events from decorations provider vscode.git 1365
[2021-07-27 06:41:06.790] [exthost] [warning] [Decorations] CAPPING events from decorations provider vscode.git 1365
[2021-07-27 06:41:12.753] [exthost] [warning] [Decorations] CAPPING events from decorations provider vscode.git 1365
[2021-07-27 06:41:17.023] [exthost] [info] ExtensionService#_doActivateExtension vscode.typescript-language-features {"startup":false,"extensionId":{"value":"vscode.typescript-language-features","_lower":"vscode.typescript-language-features"},"activationEvent":"onLanguage:javascript"}
[2021-07-27 06:41:17.024] [exthost] [info] ExtensionService#loadCommonJSModule file:///var/www/.vscode-server/bin/c3f126316369cd610563c75b1b1725e0679adfb3/extensions/typescript-language-features/dist/extension
[2021-07-27 06:41:19.526] [exthost] [warning] [Decorations] CAPPING events from decorations provider vscode.git 1366
[2021-07-27 06:41:26.307] [exthost] [warning] [Decorations] CAPPING events from decorations provider vscode.git 1366
[2021-07-27 06:41:32.728] [exthost] [warning] [Decorations] CAPPING events from decorations provider vscode.git 1366
[2021-07-27 06:41:40.671] [exthost] [warning] [Decorations] CAPPING events from decorations provider vscode.git 1369
[2021-07-27 06:41:48.344] [exthost] [warning] [Decorations] CAPPING events from decorations provider vscode.git 1375
[2021-07-27 06:41:54.672] [exthost] [warning] [Decorations] CAPPING events from decorations provider vscode.git 1375
[2021-07-27 06:42:01.467] [exthost] [warning] [Decorations] CAPPING events from decorations provider vscode.git 1375
[2021-07-27 06:42:21.606] [exthost] [warning] [Decorations] CAPPING events from decorations provider vscode.git 1375
[2021-07-27 06:42:36.299] [exthost] [warning] [Decorations] CAPPING events from decorations provider vscode.git 1375
[2021-07-27 06:42:42.393] [exthost] [warning] [Decorations] CAPPING events from decorations provider vscode.git 1375
[2021-07-27 06:42:48.803] [exthost] [warning] [Decorations] CAPPING events from decorations provider vscode.git 1375
[2021-07-27 06:42:56.592] [exthost] [warning] [Decorations] CAPPING events from decorations provider vscode.git 1375
[2021-07-27 06:43:03.245] [exthost] [warning] [Decorations] CAPPING events from decorations provider vscode.git 1375
[2021-07-27 06:43:10.064] [exthost] [warning] [Decorations] CAPPING events from decorations provider vscode.git 1375
[2021-07-27 06:43:15.948] [exthost] [warning] [Decorations] CAPPING events from decorations provider vscode.git 1375
[2021-07-27 06:43:21.843] [exthost] [warning] [Decorations] CAPPING events from decorations provider vscode.git 1375
[2021-07-27 06:43:27.738] [exthost] [warning] [Decorations] CAPPING events from decorations provider vscode.git 1375
[2021-07-27 06:43:33.851] [exthost] [warning] [Decorations] CAPPING events from decorations provider vscode.git 1375
[2021-07-27 06:43:39.838] [exthost] [warning] [Decorations] CAPPING events from decorations provider vscode.git 1375
[2021-07-27 06:43:45.850] [exthost] [warning] [Decorations] CAPPING events from decorations provider vscode.git 1375
[2021-07-27 06:43:52.007] [exthost] [warning] [Decorations] CAPPING events from decorations provider vscode.git 1375
[2021-07-27 06:43:57.983] [exthost] [warning] [Decorations] CAPPING events from decorations provider vscode.git 1375
[2021-07-27 06:44:03.937] [exthost] [warning] [Decorations] CAPPING events from decorations provider vscode.git 1375
[2021-07-27 06:44:10.283] [exthost] [warning] [Decorations] CAPPING events from decorations provider vscode.git 1375
[2021-07-27 06:44:16.176] [exthost] [warning] [Decorations] CAPPING events from decorations provider vscode.git 1375
[2021-07-27 06:44:22.048] [exthost] [warning] [Decorations] CAPPING events from decorations provider vscode.git 1375
[2021-07-27 06:44:28.303] [exthost] [warning] [Decorations] CAPPING events from decorations provider vscode.git 1375
[2021-07-27 06:44:34.499] [exthost] [warning] [Decorations] CAPPING events from decorations provider vscode.git 1375
[2021-07-27 06:44:41.608] [exthost] [warning] [Decorations] CAPPING events from decorations provider vscode.git 1375
[2021-07-27 06:44:47.857] [exthost] [warning] [Decorations] CAPPING events from decorations provider vscode.git 1375
[2021-07-27 06:44:54.230] [exthost] [warning] [Decorations] CAPPING events from decorations provider vscode.git 1375
[2021-07-27 06:45:00.381] [exthost] [warning] [Decorations] CAPPING events from decorations provider vscode.git 1375
[2021-07-27 06:45:06.884] [exthost] [warning] [Decorations] CAPPING events from decorations provider vscode.git 1375
[2021-07-27 06:45:12.820] [exthost] [warning] [Decorations] CAPPING events from decorations provider vscode.git 1375
[2021-07-27 06:45:18.705] [exthost] [warning] [Decorations] CAPPING events from decorations provider vscode.git 1375
[2021-07-27 06:45:24.608] [exthost] [warning] [Decorations] CAPPING events from decorations provider vscode.git 1375
[2021-07-27 06:45:30.496] [exthost] [warning] [Decorations] CAPPING events from decorations provider vscode.git 1375
[2021-07-27 06:45:36.379] [exthost] [warning] [Decorations] CAPPING events from decorations provider vscode.git 1375
[2021-07-27 06:45:42.250] [exthost] [warning] [Decorations] CAPPING events from decorations provider vscode.git 1375
[2021-07-27 06:45:48.167] [exthost] [warning] [Decorations] CAPPING events from decorations provider vscode.git 1375
[2021-07-27 06:45:54.205] [exthost] [warning] [Decorations] CAPPING events from decorations provider vscode.git 1375
[2021-07-27 06:46:00.115] [exthost] [warning] [Decorations] CAPPING events from decorations provider vscode.git 1375
[2021-07-27 06:46:06.087] [exthost] [warning] [Decorations] CAPPING events from decorations provider vscode.git 1375
[2021-07-27 06:46:12.400] [exthost] [warning] [Decorations] CAPPING events from decorations provider vscode.git 1375
[2021-07-27 06:46:19.228] [exthost] [warning] [Decorations] CAPPING events from decorations provider vscode.git 1375
[2021-07-27 06:46:25.676] [exthost] [warning] [Decorations] CAPPING events from decorations provider vscode.git 1375
[2021-07-27 06:46:31.793] [exthost] [warning] [Decorations] CAPPING events from decorations provider vscode.git 1375
[2021-07-27 06:46:37.669] [exthost] [warning] [Decorations] CAPPING events from decorations provider vscode.git 1375
[2021-07-27 06:46:43.549] [exthost] [warning] [Decorations] CAPPING events from decorations provider vscode.git 1375
[2021-07-27 06:46:49.463] [exthost] [warning] [Decorations] CAPPING events from decorations provider vscode.git 1375
[2021-07-27 06:46:55.383] [exthost] [warning] [Decorations] CAPPING events from decorations provider vscode.git 1375
[2021-07-27 06:47:01.265] [exthost] [warning] [Decorations] CAPPING events from decorations provider vscode.git 1375
[2021-07-27 06:47:07.657] [exthost] [warning] [Decorations] CAPPING events from decorations provider vscode.git 1375
[2021-07-27 06:47:13.741] [exthost] [warning] [Decorations] CAPPING events from decorations provider vscode.git 1375
[2021-07-27 06:47:19.692] [exthost] [warning] [Decorations] CAPPING events from decorations provider vscode.git 1375
[2021-07-27 06:47:25.723] [exthost] [warning] [Decorations] CAPPING events from decorations provider vscode.git 1375
[2021-07-27 06:47:31.584] [exthost] [warning] [Decorations] CAPPING events from decorations provider vscode.git 1375
[2021-07-27 06:47:37.458] [exthost] [warning] [Decorations] CAPPING events from decorations provider vscode.git 1375
[2021-07-27 06:47:43.316] [exthost] [warning] [Decorations] CAPPING events from decorations provider vscode.git 1375
[2021-07-27 06:47:49.176] [exthost] [warning] [Decorations] CAPPING events from decorations provider vscode.git 1375
[2021-07-27 06:47:55.052] [exthost] [warning] [Decorations] CAPPING events from decorations provider vscode.git 1375
[2021-07-27 06:48:00.949] [exthost] [warning] [Decorations] CAPPING events from decorations provider vscode.git 1375
[2021-07-27 06:48:06.839] [exthost] [warning] [Decorations] CAPPING events from decorations provider vscode.git 1375
[2021-07-27 06:48:12.709] [exthost] [warning] [Decorations] CAPPING events from decorations provider vscode.git 1375
[2021-07-27 06:48:18.646] [exthost] [warning] [Decorations] CAPPING events from decorations provider vscode.git 1375
[2021-07-27 06:48:24.486] [exthost] [warning] [Decorations] CAPPING events from decorations provider vscode.git 1375
[2021-07-27 06:48:30.400] [exthost] [warning] [Decorations] CAPPING events from decorations provider vscode.git 1375
[2021-07-27 06:48:36.243] [exthost] [warning] [Decorations] CAPPING events from decorations provider vscode.git 1375
[2021-07-27 06:48:42.133] [exthost] [warning] [Decorations] CAPPING events from decorations provider vscode.git 1375
[2021-07-27 06:48:48.003] [exthost] [warning] [Decorations] CAPPING events from decorations provider vscode.git 1375
[2021-07-27 06:48:53.882] [exthost] [warning] [Decorations] CAPPING events from decorations provider vscode.git 1375
[2021-07-27 06:48:59.794] [exthost] [warning] [Decorations] CAPPING events from decorations provider vscode.git 1375
[2021-07-27 06:49:05.662] [exthost] [warning] [Decorations] CAPPING events from decorations provider vscode.git 1375
[2021-07-27 06:49:11.607] [exthost] [warning] [Decorations] CAPPING events from decorations provider vscode.git 1375
[2021-07-27 06:49:17.464] [exthost] [warning] [Decorations] CAPPING events from decorations provider vscode.git 1375
[2021-07-27 06:49:23.353] [exthost] [warning] [Decorations] CAPPING events from decorations provider vscode.git 1375
[2021-07-27 06:49:29.294] [exthost] [warning] [Decorations] CAPPING events from decorations provider vscode.git 1375
[2021-07-27 06:49:35.165] [exthost] [warning] [Decorations] CAPPING events from decorations provider vscode.git 1375
[2021-07-27 06:49:41.424] [exthost] [warning] [Decorations] CAPPING events from decorations provider vscode.git 1375
[2021-07-27 06:49:47.775] [exthost] [warning] [Decorations] CAPPING events from decorations provider vscode.git 1375
[2021-07-27 06:49:53.703] [exthost] [warning] [Decorations] CAPPING events from decorations provider vscode.git 1375
[2021-07-27 06:49:59.624] [exthost] [warning] [Decorations] CAPPING events from decorations provider vscode.git 1375
[2021-07-27 06:50:05.679] [exthost] [warning] [Decorations] CAPPING events from decorations provider vscode.git 1375
[2021-07-27 06:50:12.110] [exthost] [warning] [Decorations] CAPPING events from decorations provider vscode.git 1375
[2021-07-27 06:50:18.545] [exthost] [warning] [Decorations] CAPPING events from decorations provider vscode.git 1375
[2021-07-27 06:50:24.471] [exthost] [warning] [Decorations] CAPPING events from decorations provider vscode.git 1375
[2021-07-27 06:50:30.532] [exthost] [warning] [Decorations] CAPPING events from decorations provider vscode.git 1375
[2021-07-27 06:50:36.640] [exthost] [warning] [Decorations] CAPPING events from decorations provider vscode.git 1375
[2021-07-27 06:50:42.921] [exthost] [warning] [Decorations] CAPPING events from decorations provider vscode.git 1375
[2021-07-27 06:50:49.268] [exthost] [warning] [Decorations] CAPPING events from decorations provider vscode.git 1375
[2021-07-27 06:50:56.312] [exthost] [warning] [Decorations] CAPPING events from decorations provider vscode.git 1375
[2021-07-27 06:51:02.362] [exthost] [warning] [Decorations] CAPPING events from decorations provider vscode.git 1375
[2021-07-27 06:51:08.234] [exthost] [warning] [Decorations] CAPPING events from decorations provider vscode.git 1375
[2021-07-27 06:51:14.348] [exthost] [warning] [Decorations] CAPPING events from decorations provider vscode.git 1375
[2021-07-27 06:51:20.607] [exthost] [warning] [Decorations] CAPPING events from decorations provider vscode.git 1375
[2021-07-27 06:51:26.778] [exthost] [warning] [Decorations] CAPPING events from decorations provider vscode.git 1375
[2021-07-27 06:51:33.022] [exthost] [warning] [Decorations] CAPPING events from decorations provider vscode.git 1375
[2021-07-27 06:51:39.216] [exthost] [warning] [Decorations] CAPPING events from decorations provider vscode.git 1375
[2021-07-27 06:51:45.456] [exthost] [warning] [Decorations] CAPPING events from decorations provider vscode.git 1375
[2021-07-27 06:51:51.663] [exthost] [warning] [Decorations] CAPPING events from decorations provider vscode.git 1375
[2021-07-27 06:51:58.547] [exthost] [warning] [Decorations] CAPPING events from decorations provider vscode.git 1375
[2021-07-27 06:52:05.104] [exthost] [warning] [Decorations] CAPPING events from decorations provider vscode.git 1375
[2021-07-27 06:52:17.521] [exthost] [warning] [Decorations] CAPPING events from decorations provider vscode.git 1375
[2021-07-27 06:52:28.578] [exthost] [warning] [Decorations] CAPPING events from decorations provider vscode.git 1375
[2021-07-27 06:52:35.842] [exthost] [warning] [Decorations] CAPPING events from decorations provider vscode.git 1375
[2021-07-27 06:52:42.890] [exthost] [warning] [Decorations] CAPPING events from decorations provider vscode.git 1375
[2021-07-27 06:52:50.264] [exthost] [warning] [Decorations] CAPPING events from decorations provider vscode.git 1375
[2021-07-27 06:52:56.501] [exthost] [info] ExtensionService#_doActivateExtension vscode.php-language-features {"startup":false,"extensionId":{"value":"vscode.php-language-features","_lower":"vscode.php-language-features"},"activationEvent":"onLanguage:php"}
[2021-07-27 06:52:56.504] [exthost] [info] ExtensionService#loadCommonJSModule file:///var/www/.vscode-server/bin/c3f126316369cd610563c75b1b1725e0679adfb3/extensions/php-language-features/dist/phpMain
[2021-07-27 06:52:56.700] [exthost] [warning] [Decorations] CAPPING events from decorations provider vscode.git 1375
[2021-07-27 06:53:03.998] [exthost] [warning] [Decorations] CAPPING events from decorations provider vscode.git 1375
[2021-07-27 06:53:11.343] [exthost] [warning] [Decorations] CAPPING events from decorations provider vscode.git 1375
[2021-07-27 06:53:17.402] [exthost] [warning] [Decorations] CAPPING events from decorations provider vscode.git 1375
[2021-07-27 06:53:23.422] [exthost] [warning] [Decorations] CAPPING events from decorations provider vscode.git 1375
[2021-07-27 06:53:29.724] [exthost] [warning] [Decorations] CAPPING events from decorations provider vscode.git 1375
[2021-07-27 06:53:36.254] [exthost] [warning] [Decorations] CAPPING events from decorations provider vscode.git 1375
[2021-07-27 06:53:42.572] [exthost] [warning] [Decorations] CAPPING events from decorations provider vscode.git 1375
[2021-07-27 06:53:49.373] [exthost] [warning] [Decorations] CAPPING events from decorations provider vscode.git 1375
[2021-07-27 06:53:56.049] [exthost] [warning] [Decorations] CAPPING events from decorations provider vscode.git 1375
[2021-07-27 06:54:06.014] [exthost] [warning] [Decorations] CAPPING events from decorations provider vscode.git 1375
[2021-07-27 06:54:12.537] [exthost] [warning] [Decorations] CAPPING events from decorations provider vscode.git 1375
[2021-07-27 06:54:18.700] [exthost] [warning] [Decorations] CAPPING events from decorations provider vscode.git 1375
[2021-07-27 06:54:39.136] [exthost] [warning] [Decorations] CAPPING events from decorations provider vscode.git 1377
[2021-07-27 06:54:55.672] [exthost] [warning] [Decorations] CAPPING events from decorations provider vscode.git 1379
[2021-07-27 06:55:02.319] [exthost] [warning] [Decorations] CAPPING events from decorations provider vscode.git 1379
[2021-07-27 06:55:10.421] [exthost] [warning] [Decorations] CAPPING events from decorations provider vscode.git 1379
[2021-07-27 06:55:54.717] [exthost] [warning] [Decorations] CAPPING events from decorations provider vscode.git 1381
[2021-07-27 06:56:01.095] [exthost] [warning] [Decorations] CAPPING events from decorations provider vscode.git 1381
[2021-07-27 06:56:07.040] [exthost] [warning] [Decorations] CAPPING events from decorations provider vscode.git 1381
[2021-07-27 06:56:13.247] [exthost] [warning] [Decorations] CAPPING events from decorations provider vscode.git 1381
[2021-07-27 06:56:19.660] [exthost] [warning] [Decorations] CAPPING events from decorations provider vscode.git 1381
[2021-07-27 06:56:33.770] [exthost] [warning] [Decorations] CAPPING events from decorations provider vscode.git 1383
[2021-07-27 06:57:25.160] [exthost] [warning] [Decorations] CAPPING events from decorations provider vscode.git 1385
[2021-07-27 06:57:31.115] [exthost] [warning] [Decorations] CAPPING events from decorations provider vscode.git 1385
[2021-07-27 06:57:37.712] [exthost] [warning] [Decorations] CAPPING events from decorations provider vscode.git 1385
[2021-07-27 06:57:44.140] [exthost] [warning] [Decorations] CAPPING events from decorations provider vscode.git 1385
[2021-07-27 06:57:50.685] [exthost] [warning] [Decorations] CAPPING events from decorations provider vscode.git 1385
[2021-07-27 06:57:57.263] [exthost] [warning] [Decorations] CAPPING events from decorations provider vscode.git 1385
[2021-07-27 06:58:03.624] [exthost] [warning] [Decorations] CAPPING events from decorations provider vscode.git 1385
[2021-07-27 06:58:09.660] [exthost] [warning] [Decorations] CAPPING events from decorations provider vscode.git 1385
[2021-07-27 06:58:16.248] [exthost] [warning] [Decorations] CAPPING events from decorations provider vscode.git 1385
[2021-07-27 06:58:28.594] [exthost] [warning] [Decorations] CAPPING events from decorations provider vscode.git 1385
[2021-07-27 06:58:35.206] [exthost] [warning] [Decorations] CAPPING events from decorations provider vscode.git 1385
[2021-07-27 06:59:55.183] [exthost] [warning] [Decorations] CAPPING events from decorations provider vscode.git 1385
[2021-07-27 07:01:06.245] [exthost] [warning] [Decorations] CAPPING events from decorations provider vscode.git 1385
[2021-07-27 07:04:27.715] [exthost] [warning] [Decorations] CAPPING events from decorations provider vscode.git 1492
[2021-07-27 07:05:20.477] [exthost] [warning] [Decorations] CAPPING events from decorations provider vscode.git 1389
[2021-07-27 07:05:26.762] [exthost] [warning] [Decorations] CAPPING events from decorations provider vscode.git 1317
[2021-07-27 07:05:32.765] [exthost] [warning] [Decorations] CAPPING events from decorations provider vscode.git 1317
[2021-07-27 07:05:38.792] [exthost] [warning] [Decorations] CAPPING events from decorations provider vscode.git 1317
[2021-07-27 07:05:44.881] [exthost] [warning] [Decorations] CAPPING events from decorations provider vscode.git 1317
[2021-07-27 07:05:51.742] [exthost] [warning] [Decorations] CAPPING events from decorations provider vscode.git 1317
[2021-07-27 07:06:13.372] [exthost] [warning] [Decorations] CAPPING events from decorations provider vscode.git 1319
[2021-07-27 07:06:22.673] [exthost] [warning] [Decorations] CAPPING events from decorations provider vscode.git 1319
[2021-07-27 07:06:29.381] [exthost] [warning] [Decorations] CAPPING events from decorations provider vscode.git 1319
[2021-07-27 07:06:35.550] [exthost] [warning] [Decorations] CAPPING events from decorations provider vscode.git 1319
[2021-07-27 07:06:41.599] [exthost] [warning] [Decorations] CAPPING events from decorations provider vscode.git 1319
[2021-07-27 07:06:47.612] [exthost] [warning] [Decorations] CAPPING events from decorations provider vscode.git 1319
[2021-07-27 07:06:53.918] [exthost] [warning] [Decorations] CAPPING events from decorations provider vscode.git 1319
[2021-07-27 07:06:58.127] [exthost] [info] ExtensionService#_doActivateExtension vscode.extension-editing {"startup":false,"extensionId":{"value":"vscode.extension-editing","_lower":"vscode.extension-editing"},"activationEvent":"onLanguage:typescript"}
[2021-07-27 07:06:58.128] [exthost] [info] ExtensionService#loadCommonJSModule file:///var/www/.vscode-server/bin/c3f126316369cd610563c75b1b1725e0679adfb3/extensions/extension-editing/dist/extensionEditingMain
[2021-07-27 07:07:00.153] [exthost] [warning] [Decorations] CAPPING events from decorations provider vscode.git 1319
[2021-07-27 07:07:06.481] [exthost] [warning] [Decorations] CAPPING events from decorations provider vscode.git 1319
[2021-07-27 07:07:13.643] [exthost] [warning] [Decorations] CAPPING events from decorations provider vscode.git 1319
[2021-07-27 07:07:20.563] [exthost] [warning] [Decorations] CAPPING events from decorations provider vscode.git 1319
[2021-07-27 07:07:52.330] [exthost] [warning] [Decorations] CAPPING events from decorations provider vscode.git 1321
[2021-07-27 07:07:58.556] [exthost] [warning] [Decorations] CAPPING events from decorations provider vscode.git 1321
[2021-07-27 07:08:04.548] [exthost] [warning] [Decorations] CAPPING events from decorations provider vscode.git 1321
[2021-07-27 07:08:18.027] [exthost] [warning] [Decorations] CAPPING events from decorations provider vscode.git 1321
[2021-07-27 07:08:24.325] [exthost] [warning] [Decorations] CAPPING events from decorations provider vscode.git 1321
[2021-07-27 07:08:30.207] [exthost] [warning] [Decorations] CAPPING events from decorations provider vscode.git 1321
[2021-07-27 07:08:37.904] [exthost] [warning] [Decorations] CAPPING events from decorations provider vscode.git 1321
[2021-07-27 07:08:43.773] [exthost] [warning] [Decorations] CAPPING events from decorations provider vscode.git 1321
[2021-07-27 07:08:50.161] [exthost] [warning] [Decorations] CAPPING events from decorations provider vscode.git 1321
[2021-07-27 07:08:56.498] [exthost] [warning] [Decorations] CAPPING events from decorations provider vscode.git 1321
[2021-07-27 07:09:02.607] [exthost] [warning] [Decorations] CAPPING events from decorations provider vscode.git 1321
[2021-07-27 07:09:08.538] [exthost] [warning] [Decorations] CAPPING events from decorations provider vscode.git 1321
[2021-07-27 07:09:14.773] [exthost] [warning] [Decorations] CAPPING events from decorations provider vscode.git 1321
[2021-07-27 07:09:23.775] [exthost] [warning] [Decorations] CAPPING events from decorations provider vscode.git 1321
[2021-07-27 07:09:31.530] [exthost] [warning] [Decorations] CAPPING events from decorations provider vscode.git 1321
[2021-07-27 07:09:41.643] [exthost] [warning] [Decorations] CAPPING events from decorations provider vscode.git 1321
[2021-07-27 07:09:47.671] [exthost] [warning] [Decorations] CAPPING events from decorations provider vscode.git 1321
[2021-07-27 07:09:53.993] [exthost] [warning] [Decorations] CAPPING events from decorations provider vscode.git 1321
[2021-07-27 07:10:00.864] [exthost] [warning] [Decorations] CAPPING events from decorations provider vscode.git 1321
[2021-07-27 07:10:11.621] [exthost] [warning] [Decorations] CAPPING events from decorations provider vscode.git 1321
[2021-07-27 07:10:17.941] [exthost] [warning] [Decorations] CAPPING events from decorations provider vscode.git 1321
[2021-07-27 07:10:24.388] [exthost] [warning] [Decorations] CAPPING events from decorations provider vscode.git 1321
[2021-07-27 07:10:30.814] [exthost] [warning] [Decorations] CAPPING events from decorations provider vscode.git 1321
[2021-07-27 07:10:37.062] [exthost] [warning] [Decorations] CAPPING events from decorations provider vscode.git 1321
[2021-07-27 07:10:43.033] [exthost] [warning] [Decorations] CAPPING events from decorations provider vscode.git 1321
[2021-07-27 07:10:49.112] [exthost] [warning] [Decorations] CAPPING events from decorations provider vscode.git 1321
[2021-07-27 07:10:55.289] [exthost] [warning] [Decorations] CAPPING events from decorations provider vscode.git 1321
[2021-07-27 07:13:13.555] [exthost] [warning] [Decorations] CAPPING events from decorations provider vscode.git 1321
[2021-07-27 07:15:00.189] [exthost] [warning] [Decorations] CAPPING events from decorations provider vscode.git 1321
[2021-07-27 07:16:24.394] [exthost] [warning] [Decorations] CAPPING events from decorations provider vscode.git 1321
[2021-07-27 07:16:30.295] [exthost] [warning] [Decorations] CAPPING events from decorations provider vscode.git 1321
[2021-07-27 07:16:36.193] [exthost] [warning] [Decorations] CAPPING events from decorations provider vscode.git 1321
[2021-07-27 07:16:42.079] [exthost] [warning] [Decorations] CAPPING events from decorations provider vscode.git 1321
[2021-07-27 07:16:48.014] [exthost] [warning] [Decorations] CAPPING events from decorations provider vscode.git 1321
[2021-07-27 07:16:54.207] [exthost] [warning] [Decorations] CAPPING events from decorations provider vscode.git 1321
[2021-07-27 07:17:00.595] [exthost] [warning] [Decorations] CAPPING events from decorations provider vscode.git 1321
[2021-07-27 07:17:26.400] [exthost] [warning] [Decorations] CAPPING events from decorations provider vscode.git 1324
[2021-07-27 07:17:32.557] [exthost] [warning] [Decorations] CAPPING events from decorations provider vscode.git 1324
[2021-07-27 07:17:51.142] [exthost] [warning] [Decorations] CAPPING events from decorations provider vscode.git 1327
[2021-07-27 07:17:57.474] [exthost] [warning] [Decorations] CAPPING events from decorations provider vscode.git 1327
[2021-07-27 07:18:04.318] [exthost] [warning] [Decorations] CAPPING events from decorations provider vscode.git 1327
[2021-07-27 07:18:10.834] [exthost] [warning] [Decorations] CAPPING events from decorations provider vscode.git 1327
[2021-07-27 07:19:12.162] [exthost] [warning] [Decorations] CAPPING events from decorations provider vscode.git 1327
[2021-07-27 07:26:54.079] [exthost] [warning] [Decorations] CAPPING events from decorations provider vscode.git 1336
[2021-07-27 07:27:06.716] [exthost] [warning] [Decorations] CAPPING events from decorations provider vscode.git 1317
[2021-07-27 07:27:27.668] [exthost] [warning] [Decorations] CAPPING events from decorations provider vscode.git 1317
[2021-07-27 07:28:09.975] [exthost] [warning] [Decorations] CAPPING events from decorations provider vscode.git 1323
[2021-07-27 07:28:15.969] [exthost] [warning] [Decorations] CAPPING events from decorations provider vscode.git 1323
[2021-07-27 07:28:32.027] [exthost] [warning] [Decorations] CAPPING events from decorations provider vscode.git 1323
[2021-07-27 07:28:47.177] [exthost] [warning] [Decorations] CAPPING events from decorations provider vscode.git 1325
[2021-07-27 07:28:53.168] [exthost] [warning] [Decorations] CAPPING events from decorations provider vscode.git 1325
[2021-07-27 07:28:59.181] [exthost] [warning] [Decorations] CAPPING events from decorations provider vscode.git 1325
[2021-07-27 07:29:05.266] [exthost] [warning] [Decorations] CAPPING events from decorations provider vscode.git 1325
[2021-07-27 07:29:11.727] [exthost] [warning] [Decorations] CAPPING events from decorations provider vscode.git 1325
[2021-07-27 07:29:17.873] [exthost] [warning] [Decorations] CAPPING events from decorations provider vscode.git 1325
[2021-07-27 07:29:24.158] [exthost] [warning] [Decorations] CAPPING events from decorations provider vscode.git 1325
[2021-07-27 07:29:41.468] [exthost] [warning] [Decorations] CAPPING events from decorations provider vscode.git 1325
[2021-07-27 07:29:47.593] [exthost] [warning] [Decorations] CAPPING events from decorations provider vscode.git 1325
[2021-07-27 07:29:56.553] [exthost] [warning] [Decorations] CAPPING events from decorations provider vscode.git 1325
[2021-07-27 07:30:04.171] [exthost] [warning] [Decorations] CAPPING events from decorations provider vscode.git 1325
[2021-07-27 07:30:13.091] [exthost] [warning] [Decorations] CAPPING events from decorations provider vscode.git 1325
[2021-07-27 07:34:18.508] [exthost] [warning] [Decorations] CAPPING events from decorations provider vscode.git 1327
[2021-07-27 07:34:24.474] [exthost] [warning] [Decorations] CAPPING events from decorations provider vscode.git 1327
[2021-07-27 07:34:30.439] [exthost] [warning] [Decorations] CAPPING events from decorations provider vscode.git 1327
[2021-07-27 07:34:39.873] [exthost] [warning] [Decorations] CAPPING events from decorations provider vscode.git 1327
[2021-07-27 07:34:49.718] [exthost] [warning] [Decorations] CAPPING events from decorations provider vscode.git 1327
[2021-07-27 07:35:25.239] [exthost] [warning] [Decorations] CAPPING events from decorations provider vscode.git 1327
[2021-07-27 07:35:52.381] [exthost] [warning] [Decorations] CAPPING events from decorations provider vscode.git 1327
[2021-07-27 07:37:32.505] [exthost] [warning] [Decorations] CAPPING events from decorations provider vscode.git 1327
[2021-07-27 07:44:35.950] [exthost] [warning] [Decorations] CAPPING events from decorations provider vscode.git 1327
[2021-07-27 07:44:42.252] [exthost] [warning] [Decorations] CAPPING events from decorations provider vscode.git 1327
[2021-07-27 07:44:50.480] [exthost] [warning] [Decorations] CAPPING events from decorations provider vscode.git 1327
[2021-07-27 07:44:56.687] [exthost] [warning] [Decorations] CAPPING events from decorations provider vscode.git 1327
[2021-07-27 07:45:02.568] [exthost] [warning] [Decorations] CAPPING events from decorations provider vscode.git 1327
[2021-07-27 07:45:08.453] [exthost] [warning] [Decorations] CAPPING events from decorations provider vscode.git 1327
[2021-07-27 07:45:14.349] [exthost] [warning] [Decorations] CAPPING events from decorations provider vscode.git 1327
[2021-07-27 07:45:20.536] [exthost] [warning] [Decorations] CAPPING events from decorations provider vscode.git 1327
[2021-07-27 07:45:27.066] [exthost] [warning] [Decorations] CAPPING events from decorations provider vscode.git 1327
[2021-07-27 07:45:33.224] [exthost] [warning] [Decorations] CAPPING events from decorations provider vscode.git 1327
[2021-07-27 07:45:39.403] [exthost] [warning] [Decorations] CAPPING events from decorations provider vscode.git 1327
[2021-07-27 07:46:07.027] [exthost] [warning] [Decorations] CAPPING events from decorations provider vscode.git 1328
[2021-07-27 07:46:13.460] [exthost] [warning] [Decorations] CAPPING events from decorations provider vscode.git 1328
[2021-07-27 07:46:19.430] [exthost] [warning] [Decorations] CAPPING events from decorations provider vscode.git 1328
[2021-07-27 07:46:25.408] [exthost] [warning] [Decorations] CAPPING events from decorations provider vscode.git 1328
[2021-07-27 07:46:37.855] [exthost] [warning] [Decorations] CAPPING events from decorations provider vscode.git 1330
[2021-07-27 07:46:46.324] [exthost] [warning] [Decorations] CAPPING events from decorations provider vscode.git 1330
[2021-07-27 07:46:52.275] [exthost] [warning] [Decorations] CAPPING events from decorations provider vscode.git 1330
[2021-07-27 07:46:58.232] [exthost] [warning] [Decorations] CAPPING events from decorations provider vscode.git 1330
[2021-07-27 07:47:04.113] [exthost] [warning] [Decorations] CAPPING events from decorations provider vscode.git 1330
[2021-07-27 07:47:10.018] [exthost] [warning] [Decorations] CAPPING events from decorations provider vscode.git 1330
[2021-07-27 07:47:15.931] [exthost] [warning] [Decorations] CAPPING events from decorations provider vscode.git 1330
[2021-07-27 07:47:21.909] [exthost] [warning] [Decorations] CAPPING events from decorations provider vscode.git 1330
[2021-07-27 07:47:36.247] [exthost] [warning] [Decorations] CAPPING events from decorations provider vscode.git 1332
[2021-07-27 07:47:42.233] [exthost] [warning] [Decorations] CAPPING events from decorations provider vscode.git 1332
[2021-07-27 07:47:48.139] [exthost] [warning] [Decorations] CAPPING events from decorations provider vscode.git 1332
[2021-07-27 07:47:54.043] [exthost] [warning] [Decorations] CAPPING events from decorations provider vscode.git 1332
[2021-07-27 07:48:00.024] [exthost] [warning] [Decorations] CAPPING events from decorations provider vscode.git 1332
[2021-07-27 07:48:06.034] [exthost] [warning] [Decorations] CAPPING events from decorations provider vscode.git 1332
[2021-07-27 07:48:11.940] [exthost] [warning] [Decorations] CAPPING events from decorations provider vscode.git 1332
[2021-07-27 07:48:17.898] [exthost] [warning] [Decorations] CAPPING events from decorations provider vscode.git 1332
[2021-07-27 07:48:26.668] [exthost] [warning] [Decorations] CAPPING events from decorations provider vscode.git 1332
[2021-07-27 07:48:32.677] [exthost] [warning] [Decorations] CAPPING events from decorations provider vscode.git 1332
[2021-07-27 07:48:38.699] [exthost] [warning] [Decorations] CAPPING events from decorations provider vscode.git 1332
[2021-07-27 07:48:44.608] [exthost] [warning] [Decorations] CAPPING events from decorations provider vscode.git 1332
[2021-07-27 07:48:50.526] [exthost] [warning] [Decorations] CAPPING events from decorations provider vscode.git 1332
[2021-07-27 07:48:57.685] [exthost] [warning] [Decorations] CAPPING events from decorations provider vscode.git 1332
[2021-07-27 07:49:37.866] [exthost] [warning] [Decorations] CAPPING events from decorations provider vscode.git 1334
[2021-07-27 07:49:43.818] [exthost] [warning] [Decorations] CAPPING events from decorations provider vscode.git 1334
[2021-07-27 07:49:49.929] [exthost] [warning] [Decorations] CAPPING events from decorations provider vscode.git 1334
[2021-07-27 07:50:01.134] [exthost] [warning] [Decorations] CAPPING events from decorations provider vscode.git 1336
[2021-07-27 07:50:07.552] [exthost] [warning] [Decorations] CAPPING events from decorations provider vscode.git 1336
[2021-07-27 07:50:33.461] [exthost] [warning] [Decorations] CAPPING events from decorations provider vscode.git 1336
[2021-07-27 07:50:43.258] [exthost] [warning] [Decorations] CAPPING events from decorations provider vscode.git 1340
[2021-07-27 07:50:52.253] [exthost] [warning] [Decorations] CAPPING events from decorations provider vscode.git 1340
[2021-07-27 07:50:59.080] [exthost] [warning] [Decorations] CAPPING events from decorations provider vscode.git 1340
[2021-07-27 07:51:05.569] [exthost] [warning] [Decorations] CAPPING events from decorations provider vscode.git 1340
[2021-07-27 07:51:18.196] [exthost] [warning] [Decorations] CAPPING events from decorations provider vscode.git 1341
[2021-07-27 07:51:24.376] [exthost] [warning] [Decorations] CAPPING events from decorations provider vscode.git 1342
[2021-07-27 07:51:35.364] [exthost] [warning] [Decorations] CAPPING events from decorations provider vscode.git 1344
[2021-07-27 07:51:41.467] [exthost] [warning] [Decorations] CAPPING events from decorations provider vscode.git 1344
[2021-07-27 07:51:47.403] [exthost] [warning] [Decorations] CAPPING events from decorations provider vscode.git 1344
[2021-07-27 07:51:53.326] [exthost] [warning] [Decorations] CAPPING events from decorations provider vscode.git 1344
[2021-07-27 07:51:59.280] [exthost] [warning] [Decorations] CAPPING events from decorations provider vscode.git 1344
[2021-07-27 07:52:06.557] [exthost] [warning] [Decorations] CAPPING events from decorations provider vscode.git 1344
[2021-07-27 07:52:12.490] [exthost] [warning] [Decorations] CAPPING events from decorations provider vscode.git 1344
[2021-07-27 07:52:18.458] [exthost] [warning] [Decorations] CAPPING events from decorations provider vscode.git 1344
[2021-07-27 07:52:29.804] [exthost] [warning] [Decorations] CAPPING events from decorations provider vscode.git 1347
[2021-07-27 07:52:35.738] [exthost] [warning] [Decorations] CAPPING events from decorations provider vscode.git 1345
[2021-07-27 07:52:41.678] [exthost] [warning] [Decorations] CAPPING events from decorations provider vscode.git 1345
[2021-07-27 07:52:51.273] [exthost] [warning] [Decorations] CAPPING events from decorations provider vscode.git 1347
[2021-07-27 07:53:26.482] [exthost] [warning] [Decorations] CAPPING events from decorations provider vscode.git 1347
[2021-07-27 07:53:32.652] [exthost] [warning] [Decorations] CAPPING events from decorations provider vscode.git 1347
[2021-07-27 07:53:38.716] [exthost] [warning] [Decorations] CAPPING events from decorations provider vscode.git 1347
[2021-07-27 07:53:44.707] [exthost] [warning] [Decorations] CAPPING events from decorations provider vscode.git 1347
[2021-07-27 07:53:50.932] [exthost] [warning] [Decorations] CAPPING events from decorations provider vscode.git 1347
[2021-07-27 07:53:57.075] [exthost] [warning] [Decorations] CAPPING events from decorations provider vscode.git 1347
[2021-07-27 07:54:03.588] [exthost] [warning] [Decorations] CAPPING events from decorations provider vscode.git 1347
[2021-07-27 07:54:10.867] [exthost] [warning] [Decorations] CAPPING events from decorations provider vscode.git 1347
[2021-07-27 07:54:16.845] [exthost] [warning] [Decorations] CAPPING events from decorations provider vscode.git 1347
[2021-07-27 07:54:33.136] [exthost] [warning] [Decorations] CAPPING events from decorations provider vscode.git 1349
[2021-07-27 07:54:39.120] [exthost] [warning] [Decorations] CAPPING events from decorations provider vscode.git 1349
[2021-07-27 07:54:45.130] [exthost] [warning] [Decorations] CAPPING events from decorations provider vscode.git 1349
[2021-07-27 07:55:43.204] [exthost] [warning] [Decorations] CAPPING events from decorations provider vscode.git 4606
[2021-07-27 07:55:49.910] [exthost] [warning] [Decorations] CAPPING events from decorations provider vscode.git 4683
[2021-07-27 07:55:55.884] [exthost] [warning] [Decorations] CAPPING events from decorations provider vscode.git 1385
[2021-07-27 07:56:02.005] [exthost] [warning] [Decorations] CAPPING events from decorations provider vscode.git 1385
[2021-07-27 07:56:09.046] [exthost] [warning] [Decorations] CAPPING events from decorations provider vscode.git 1385
[2021-07-27 07:57:09.617] [exthost] [warning] [Decorations] CAPPING events from decorations provider vscode.git 1388
[2021-07-27 07:57:15.562] [exthost] [warning] [Decorations] CAPPING events from decorations provider vscode.git 1352
[2021-07-27 07:57:21.506] [exthost] [warning] [Decorations] CAPPING events from decorations provider vscode.git 1352
[2021-07-27 07:57:31.246] [exthost] [warning] [Decorations] CAPPING events from decorations provider vscode.git 1352
[2021-07-27 07:57:37.320] [exthost] [warning] [Decorations] CAPPING events from decorations provider vscode.git 1352
[2021-07-27 07:58:41.028] [exthost] [warning] [Decorations] CAPPING events from decorations provider vscode.git 1356
[2021-07-27 07:58:47.011] [exthost] [warning] [Decorations] CAPPING events from decorations provider vscode.git 1354
[2021-07-27 07:58:52.942] [exthost] [warning] [Decorations] CAPPING events from decorations provider vscode.git 1354
[2021-07-27 07:58:58.920] [exthost] [warning] [Decorations] CAPPING events from decorations provider vscode.git 1354
[2021-07-27 07:59:05.105] [exthost] [warning] [Decorations] CAPPING events from decorations provider vscode.git 1354
[2021-07-27 07:59:11.080] [exthost] [warning] [Decorations] CAPPING events from decorations provider vscode.git 1354
[2021-07-27 07:59:40.720] [exthost] [warning] [Decorations] CAPPING events from decorations provider vscode.git 1356
[2021-07-27 08:01:10.025] [exthost] [warning] [Decorations] CAPPING events from decorations provider vscode.git 1358
[2021-07-27 08:01:15.953] [exthost] [warning] [Decorations] CAPPING events from decorations provider vscode.git 1358
[2021-07-27 08:01:21.921] [exthost] [warning] [Decorations] CAPPING events from decorations provider vscode.git 1358
[2021-07-27 08:01:27.850] [exthost] [warning] [Decorations] CAPPING events from decorations provider vscode.git 1358
[2021-07-27 08:01:39.253] [exthost] [warning] [Decorations] CAPPING events from decorations provider vscode.git 1358
[2021-07-27 08:02:00.624] [exthost] [warning] [Decorations] CAPPING events from decorations provider vscode.git 1360
[2021-07-27 08:02:14.091] [exthost] [warning] [Decorations] CAPPING events from decorations provider vscode.git 1324
[2021-07-27 08:02:20.101] [exthost] [warning] [Decorations] CAPPING events from decorations provider vscode.git 1324
[2021-07-27 08:02:26.126] [exthost] [warning] [Decorations] CAPPING events from decorations provider vscode.git 1324
[2021-07-27 08:02:32.086] [exthost] [warning] [Decorations] CAPPING events from decorations provider vscode.git 1324
[2021-07-27 08:02:38.002] [exthost] [warning] [Decorations] CAPPING events from decorations provider vscode.git 1324
[2021-07-27 08:02:44.016] [exthost] [warning] [Decorations] CAPPING events from decorations provider vscode.git 1324
[2021-07-27 08:02:50.387] [exthost] [warning] [Decorations] CAPPING events from decorations provider vscode.git 1324
[2021-07-27 08:02:56.353] [exthost] [warning] [Decorations] CAPPING events from decorations provider vscode.git 1324
[2021-07-27 08:03:40.345] [exthost] [warning] [Decorations] CAPPING events from decorations provider vscode.git 1326
[2021-07-27 08:03:46.269] [exthost] [warning] [Decorations] CAPPING events from decorations provider vscode.git 1326
[2021-07-27 08:03:52.152] [exthost] [warning] [Decorations] CAPPING events from decorations provider vscode.git 1326
[2021-07-27 08:03:58.057] [exthost] [warning] [Decorations] CAPPING events from decorations provider vscode.git 1326
[2021-07-27 08:04:19.488] [exthost] [warning] [Decorations] CAPPING events from decorations provider vscode.git 1328
[2021-07-27 08:04:47.442] [exthost] [warning] [Decorations] CAPPING events from decorations provider vscode.git 1330
[2021-07-27 08:04:53.406] [exthost] [warning] [Decorations] CAPPING events from decorations provider vscode.git 1330
[2021-07-27 08:04:59.325] [exthost] [warning] [Decorations] CAPPING events from decorations provider vscode.git 1330
[2021-07-27 08:05:06.197] [exthost] [warning] [Decorations] CAPPING events from decorations provider vscode.git 1330
[2021-07-27 08:05:14.303] [exthost] [warning] [Decorations] CAPPING events from decorations provider vscode.git 1332
[2021-07-27 08:05:20.194] [exthost] [warning] [Decorations] CAPPING events from decorations provider vscode.git 1332
[2021-07-27 08:05:30.827] [exthost] [warning] [Decorations] CAPPING events from decorations provider vscode.git 1332
[2021-07-27 08:06:09.875] [exthost] [warning] [Decorations] CAPPING events from decorations provider vscode.git 1334
[2021-07-27 08:06:15.860] [exthost] [warning] [Decorations] CAPPING events from decorations provider vscode.git 1334
[2021-07-27 08:06:21.991] [exthost] [warning] [Decorations] CAPPING events from decorations provider vscode.git 1334
[2021-07-27 08:06:34.007] [exthost] [warning] [Decorations] CAPPING events from decorations provider vscode.git 1336
[2021-07-27 08:06:54.126] [exthost] [warning] [Decorations] CAPPING events from decorations provider vscode.git 1336
[2021-07-27 08:07:00.633] [exthost] [warning] [Decorations] CAPPING events from decorations provider vscode.git 1336
[2021-07-27 08:07:06.593] [exthost] [warning] [Decorations] CAPPING events from decorations provider vscode.git 1336
[2021-07-27 08:07:40.054] [exthost] [warning] [Decorations] CAPPING events from decorations provider vscode.git 1339
[2021-07-27 08:07:45.971] [exthost] [warning] [Decorations] CAPPING events from decorations provider vscode.git 1339
[2021-07-27 08:07:51.875] [exthost] [warning] [Decorations] CAPPING events from decorations provider vscode.git 1339
[2021-07-27 08:07:57.867] [exthost] [warning] [Decorations] CAPPING events from decorations provider vscode.git 1339
[2021-07-27 08:08:03.877] [exthost] [warning] [Decorations] CAPPING events from decorations provider vscode.git 1339
[2021-07-27 08:08:09.779] [exthost] [warning] [Decorations] CAPPING events from decorations provider vscode.git 1339
[2021-07-27 08:08:15.750] [exthost] [warning] [Decorations] CAPPING events from decorations provider vscode.git 1339
[2021-07-27 08:08:21.693] [exthost] [warning] [Decorations] CAPPING events from decorations provider vscode.git 1339
[2021-07-27 08:08:27.955] [exthost] [warning] [Decorations] CAPPING events from decorations provider vscode.git 1339
[2021-07-27 08:08:33.844] [exthost] [warning] [Decorations] CAPPING events from decorations provider vscode.git 1339
[2021-07-27 08:08:39.723] [exthost] [warning] [Decorations] CAPPING events from decorations provider vscode.git 1339
[2021-07-27 08:08:45.644] [exthost] [warning] [Decorations] CAPPING events from decorations provider vscode.git 1339
[2021-07-27 08:08:51.551] [exthost] [warning] [Decorations] CAPPING events from decorations provider vscode.git 1339
[2021-07-27 08:08:57.485] [exthost] [warning] [Decorations] CAPPING events from decorations provider vscode.git 1339
[2021-07-27 08:09:04.407] [exthost] [warning] [Decorations] CAPPING events from decorations provider vscode.git 1339
[2021-07-27 08:09:20.712] [exthost] [warning] [Decorations] CAPPING events from decorations provider vscode.git 1341
[2021-07-27 08:09:32.309] [exthost] [warning] [Decorations] CAPPING events from decorations provider vscode.git 1343
[2021-07-27 08:09:38.233] [exthost] [warning] [Decorations] CAPPING events from decorations provider vscode.git 1343
[2021-07-27 08:09:44.153] [exthost] [warning] [Decorations] CAPPING events from decorations provider vscode.git 1343
[2021-07-27 08:09:50.740] [exthost] [warning] [Decorations] CAPPING events from decorations provider vscode.git 1343
[2021-07-27 08:10:06.813] [exthost] [warning] [Decorations] CAPPING events from decorations provider vscode.git 1343
[2021-07-27 08:10:12.906] [exthost] [warning] [Decorations] CAPPING events from decorations provider vscode.git 1343
[2021-07-27 08:10:19.034] [exthost] [warning] [Decorations] CAPPING events from decorations provider vscode.git 1343
[2021-07-27 08:10:24.921] [exthost] [warning] [Decorations] CAPPING events from decorations provider vscode.git 1343
[2021-07-27 08:10:42.882] [exthost] [warning] [Decorations] CAPPING events from decorations provider vscode.git 1345
[2021-07-27 08:10:48.839] [exthost] [warning] [Decorations] CAPPING events from decorations provider vscode.git 1345
[2021-07-27 08:10:54.740] [exthost] [warning] [Decorations] CAPPING events from decorations provider vscode.git 1345
[2021-07-27 08:11:12.205] [exthost] [warning] [Decorations] CAPPING events from decorations provider vscode.git 1347
[2021-07-27 08:11:18.112] [exthost] [warning] [Decorations] CAPPING events from decorations provider vscode.git 1347
[2021-07-27 08:11:28.228] [exthost] [warning] [Decorations] CAPPING events from decorations provider vscode.git 1349
[2021-07-27 08:11:38.679] [exthost] [warning] [Decorations] CAPPING events from decorations provider vscode.git 1351
[2021-07-27 08:11:44.554] [exthost] [warning] [Decorations] CAPPING events from decorations provider vscode.git 1351
[2021-07-27 08:11:50.443] [exthost] [warning] [Decorations] CAPPING events from decorations provider vscode.git 1351
[2021-07-27 08:11:56.364] [exthost] [warning] [Decorations] CAPPING events from decorations provider vscode.git 1351
[2021-07-27 08:12:02.270] [exthost] [warning] [Decorations] CAPPING events from decorations provider vscode.git 1351
[2021-07-27 08:13:14.753] [exthost] [warning] [Decorations] CAPPING events from decorations provider vscode.git 1351
[2021-07-27 08:13:36.115] [exthost] [warning] [Decorations] CAPPING events from decorations provider vscode.git 1351
[2021-07-27 08:13:42.070] [exthost] [warning] [Decorations] CAPPING events from decorations provider vscode.git 1351
[2021-07-27 08:13:48.015] [exthost] [warning] [Decorations] CAPPING events from decorations provider vscode.git 1351
[2021-07-27 08:13:53.945] [exthost] [warning] [Decorations] CAPPING events from decorations provider vscode.git 1351
[2021-07-27 08:13:59.889] [exthost] [warning] [Decorations] CAPPING events from decorations provider vscode.git 1351
[2021-07-27 08:14:05.837] [exthost] [warning] [Decorations] CAPPING events from decorations provider vscode.git 1351
[2021-07-27 08:14:28.528] [exthost] [warning] [Decorations] CAPPING events from decorations provider vscode.git 1353
[2021-07-27 08:14:34.702] [exthost] [warning] [Decorations] CAPPING events from decorations provider vscode.git 1353
[2021-07-27 08:14:40.668] [exthost] [warning] [Decorations] CAPPING events from decorations provider vscode.git 1353
[2021-07-27 08:14:46.666] [exthost] [warning] [Decorations] CAPPING events from decorations provider vscode.git 1353
[2021-07-27 08:14:52.669] [exthost] [warning] [Decorations] CAPPING events from decorations provider vscode.git 1353
[2021-07-27 08:14:58.602] [exthost] [warning] [Decorations] CAPPING events from decorations provider vscode.git 1353
[2021-07-27 08:15:04.540] [exthost] [warning] [Decorations] CAPPING events from decorations provider vscode.git 1353
[2021-07-27 08:15:10.444] [exthost] [warning] [Decorations] CAPPING events from decorations provider vscode.git 1353
[2021-07-27 08:15:16.332] [exthost] [warning] [Decorations] CAPPING events from decorations provider vscode.git 1353
[2021-07-27 08:15:22.253] [exthost] [warning] [Decorations] CAPPING events from decorations provider vscode.git 1353
[2021-07-27 08:15:28.164] [exthost] [warning] [Decorations] CAPPING events from decorations provider vscode.git 1353
[2021-07-27 08:22:32.101] [exthost] [warning] [Decorations] CAPPING events from decorations provider vscode.git 1376
[2021-07-27 08:22:37.978] [exthost] [warning] [Decorations] CAPPING events from decorations provider vscode.git 1335
[2021-07-27 08:22:44.346] [exthost] [warning] [Decorations] CAPPING events from decorations provider vscode.git 1335
[2021-07-27 08:22:50.240] [exthost] [warning] [Decorations] CAPPING events from decorations provider vscode.git 1335
[2021-07-27 08:22:56.145] [exthost] [warning] [Decorations] CAPPING events from decorations provider vscode.git 1336
[2021-07-27 08:23:02.032] [exthost] [warning] [Decorations] CAPPING events from decorations provider vscode.git 1337
[2021-07-27 08:23:07.961] [exthost] [warning] [Decorations] CAPPING events from decorations provider vscode.git 1339
[2021-07-27 08:23:13.879] [exthost] [warning] [Decorations] CAPPING events from decorations provider vscode.git 1340
[2021-07-27 08:23:19.974] [exthost] [warning] [Decorations] CAPPING events from decorations provider vscode.git 1340
[2021-07-27 08:23:26.496] [exthost] [warning] [Decorations] CAPPING events from decorations provider vscode.git 1340
[2021-07-27 08:24:08.814] [exthost] [warning] [Decorations] CAPPING events from decorations provider vscode.git 1346
[2021-07-27 08:25:14.138] [exthost] [warning] [Decorations] CAPPING events from decorations provider vscode.git 1353
[2021-07-27 08:28:27.300] [exthost] [warning] [Decorations] CAPPING events from decorations provider vscode.git 1345
[2021-07-27 08:28:34.632] [exthost] [warning] [Decorations] CAPPING events from decorations provider vscode.git 1346
[2021-07-27 08:28:41.251] [exthost] [warning] [Decorations] CAPPING events from decorations provider vscode.git 1349
[2021-07-27 08:29:47.597] [exthost] [warning] [Decorations] CAPPING events from decorations provider vscode.git 1354
[2021-07-27 08:30:04.436] [exthost] [warning] [Decorations] CAPPING events from decorations provider vscode.git 1355
[2021-07-27 08:30:23.916] [exthost] [warning] [Decorations] CAPPING events from decorations provider vscode.git 1359
[2021-07-27 08:30:31.795] [exthost] [warning] [Decorations] CAPPING events from decorations provider vscode.git 1361
[2021-07-27 08:31:08.351] [exthost] [warning] [Decorations] CAPPING events from decorations provider vscode.git 1363
[2021-07-27 08:31:57.413] [exthost] [warning] [Decorations] CAPPING events from decorations provider vscode.git 1370
[2021-07-27 08:36:17.704] [exthost] [warning] [Decorations] CAPPING events from decorations provider vscode.git 1447
[2021-07-27 08:36:24.176] [exthost] [warning] [Decorations] CAPPING events from decorations provider vscode.git 1414
[2021-07-27 08:36:42.855] [exthost] [warning] [Decorations] CAPPING events from decorations provider vscode.git 1419
[2021-07-27 08:36:48.914] [exthost] [warning] [Decorations] CAPPING events from decorations provider vscode.git 1420
[2021-07-27 08:36:54.930] [exthost] [warning] [Decorations] CAPPING events from decorations provider vscode.git 1420
[2021-07-27 08:37:02.425] [exthost] [warning] [Decorations] CAPPING events from decorations provider vscode.git 1420
[2021-07-27 08:37:08.423] [exthost] [warning] [Decorations] CAPPING events from decorations provider vscode.git 1421
[2021-07-27 08:37:27.715] [exthost] [warning] [Decorations] CAPPING events from decorations provider vscode.git 1426
[2021-07-27 08:39:28.293] [exthost] [warning] [Decorations] CAPPING events from decorations provider vscode.git 1531
[2021-07-27 08:40:06.378] [exthost] [warning] [Decorations] CAPPING events from decorations provider vscode.git 1395
[2021-07-27 08:40:15.696] [exthost] [warning] [Decorations] CAPPING events from decorations provider vscode.git 1323
[2021-07-27 08:40:21.980] [exthost] [warning] [Decorations] CAPPING events from decorations provider vscode.git 1323
[2021-07-27 08:40:27.959] [exthost] [warning] [Decorations] CAPPING events from decorations provider vscode.git 1329
[2021-07-27 08:40:34.002] [exthost] [warning] [Decorations] CAPPING events from decorations provider vscode.git 1329
[2021-07-27 08:40:39.958] [exthost] [warning] [Decorations] CAPPING events from decorations provider vscode.git 1329
[2021-07-27 08:40:47.398] [exthost] [warning] [Decorations] CAPPING events from decorations provider vscode.git 1330
[2021-07-27 08:40:53.635] [exthost] [warning] [Decorations] CAPPING events from decorations provider vscode.git 1330
[2021-07-27 08:41:00.358] [exthost] [warning] [Decorations] CAPPING events from decorations provider vscode.git 1331
[2021-07-27 08:41:28.397] [exthost] [warning] [Decorations] CAPPING events from decorations provider vscode.git 1338
[2021-07-27 08:41:34.533] [exthost] [warning] [Decorations] CAPPING events from decorations provider vscode.git 1338
[2021-07-27 08:41:40.754] [exthost] [warning] [Decorations] CAPPING events from decorations provider vscode.git 1338
[2021-07-27 08:41:46.846] [exthost] [warning] [Decorations] CAPPING events from decorations provider vscode.git 1339
[2021-07-27 08:41:53.121] [exthost] [warning] [Decorations] CAPPING events from decorations provider vscode.git 1341
[2021-07-27 08:41:59.450] [exthost] [warning] [Decorations] CAPPING events from decorations provider vscode.git 1342
[2021-07-27 08:43:50.748] [exthost] [warning] [Decorations] CAPPING events from decorations provider vscode.git 1354
[2021-07-27 08:43:57.109] [exthost] [warning] [Decorations] CAPPING events from decorations provider vscode.git 1325
[2021-07-27 08:44:06.629] [exthost] [warning] [Decorations] CAPPING events from decorations provider vscode.git 1327
[2021-07-27 08:44:15.029] [exthost] [warning] [Decorations] CAPPING events from decorations provider vscode.git 1328
[2021-07-27 08:44:27.484] [exthost] [warning] [Decorations] CAPPING events from decorations provider vscode.git 1328
[2021-07-27 08:44:42.885] [exthost] [warning] [Decorations] CAPPING events from decorations provider vscode.git 1334
[2021-07-27 08:44:49.565] [exthost] [warning] [Decorations] CAPPING events from decorations provider vscode.git 1336
[2021-07-27 08:44:55.490] [exthost] [warning] [Decorations] CAPPING events from decorations provider vscode.git 1336
[2021-07-27 08:45:01.473] [exthost] [warning] [Decorations] CAPPING events from decorations provider vscode.git 1336
[2021-07-27 08:45:08.732] [exthost] [warning] [Decorations] CAPPING events from decorations provider vscode.git 1337
[2021-07-27 08:46:18.228] [exthost] [warning] [Decorations] CAPPING events from decorations provider vscode.git 1358
[2021-07-27 08:47:13.945] [exthost] [warning] [Decorations] CAPPING events from decorations provider vscode.git 1378
[2021-07-27 08:47:19.924] [exthost] [warning] [Decorations] CAPPING events from decorations provider vscode.git 1350
[2021-07-27 08:47:26.069] [exthost] [warning] [Decorations] CAPPING events from decorations provider vscode.git 1350
[2021-07-27 08:47:32.000] [exthost] [warning] [Decorations] CAPPING events from decorations provider vscode.git 1351
[2021-07-27 08:47:39.822] [exthost] [warning] [Decorations] CAPPING events from decorations provider vscode.git 1351
[2021-07-27 08:47:45.720] [exthost] [warning] [Decorations] CAPPING events from decorations provider vscode.git 1351
[2021-07-27 08:47:52.139] [exthost] [warning] [Decorations] CAPPING events from decorations provider vscode.git 1353
[2021-07-27 08:48:02.871] [exthost] [warning] [Decorations] CAPPING events from decorations provider vscode.git 1355
[2021-07-27 08:48:08.805] [exthost] [warning] [Decorations] CAPPING events from decorations provider vscode.git 1356
[2021-07-27 08:48:15.185] [exthost] [warning] [Decorations] CAPPING events from decorations provider vscode.git 1356
[2021-07-27 08:48:21.514] [exthost] [warning] [Decorations] CAPPING events from decorations provider vscode.git 1357
[2021-07-27 08:48:27.693] [exthost] [warning] [Decorations] CAPPING events from decorations provider vscode.git 1358
[2021-07-27 08:48:33.885] [exthost] [warning] [Decorations] CAPPING events from decorations provider vscode.git 1360
[2021-07-27 08:48:40.247] [exthost] [warning] [Decorations] CAPPING events from decorations provider vscode.git 1360
[2021-07-27 08:49:58.755] [exthost] [warning] [Decorations] CAPPING events from decorations provider vscode.git 1432
[2021-07-27 08:50:04.842] [exthost] [warning] [Decorations] CAPPING events from decorations provider vscode.git 1356
[2021-07-27 08:50:16.914] [exthost] [warning] [Decorations] CAPPING events from decorations provider vscode.git 1357
[2021-07-27 08:51:52.453] [exthost] [warning] [Decorations] CAPPING events from decorations provider vscode.git 1387
[2021-07-27 08:51:59.256] [exthost] [warning] [Decorations] CAPPING events from decorations provider vscode.git 1316
[2021-07-27 08:52:05.360] [exthost] [warning] [Decorations] CAPPING events from decorations provider vscode.git 1317
[2021-07-27 08:52:11.479] [exthost] [warning] [Decorations] CAPPING events from decorations provider vscode.git 1318
[2021-07-27 08:52:19.046] [exthost] [warning] [Decorations] CAPPING events from decorations provider vscode.git 1318
[2021-07-27 08:52:26.798] [exthost] [warning] [Decorations] CAPPING events from decorations provider vscode.git 1318
[2021-07-27 08:52:32.776] [exthost] [warning] [Decorations] CAPPING events from decorations provider vscode.git 1322
[2021-07-27 08:52:38.669] [exthost] [warning] [Decorations] CAPPING events from decorations provider vscode.git 1322
[2021-07-27 08:52:44.721] [exthost] [warning] [Decorations] CAPPING events from decorations provider vscode.git 1322
[2021-07-27 08:52:50.667] [exthost] [warning] [Decorations] CAPPING events from decorations provider vscode.git 1323
[2021-07-27 08:52:56.555] [exthost] [warning] [Decorations] CAPPING events from decorations provider vscode.git 1323
[2021-07-27 08:55:46.506] [exthost] [warning] [Decorations] CAPPING events from decorations provider vscode.git 1346
[2021-07-27 08:55:58.537] [exthost] [warning] [Decorations] CAPPING events from decorations provider vscode.git 1347
[2021-07-27 08:56:05.237] [exthost] [warning] [Decorations] CAPPING events from decorations provider vscode.git 1347
[2021-07-27 08:56:11.167] [exthost] [warning] [Decorations] CAPPING events from decorations provider vscode.git 1349
[2021-07-27 08:56:17.420] [exthost] [warning] [Decorations] CAPPING events from decorations provider vscode.git 1351
[2021-07-27 08:56:24.827] [exthost] [warning] [Decorations] CAPPING events from decorations provider vscode.git 1351
[2021-07-27 08:56:30.839] [exthost] [warning] [Decorations] CAPPING events from decorations provider vscode.git 1352
[2021-07-27 08:56:43.476] [exthost] [warning] [Decorations] CAPPING events from decorations provider vscode.git 1352
[2021-07-27 08:56:50.581] [exthost] [warning] [Decorations] CAPPING events from decorations provider vscode.git 1354
[2021-07-27 08:57:03.643] [exthost] [warning] [Decorations] CAPPING events from decorations provider vscode.git 1356
[2021-07-27 08:57:09.942] [exthost] [warning] [Decorations] CAPPING events from decorations provider vscode.git 1357
[2021-07-27 08:57:15.864] [exthost] [warning] [Decorations] CAPPING events from decorations provider vscode.git 1358
[2021-07-27 08:57:22.428] [exthost] [warning] [Decorations] CAPPING events from decorations provider vscode.git 1358
[2021-07-27 08:57:28.529] [exthost] [warning] [Decorations] CAPPING events from decorations provider vscode.git 1359
[2021-07-27 08:57:34.796] [exthost] [warning] [Decorations] CAPPING events from decorations provider vscode.git 1361
[2021-07-27 08:57:40.818] [exthost] [warning] [Decorations] CAPPING events from decorations provider vscode.git 1361
[2021-07-27 08:57:46.816] [exthost] [warning] [Decorations] CAPPING events from decorations provider vscode.git 1362
[2021-07-27 08:57:52.838] [exthost] [warning] [Decorations] CAPPING events from decorations provider vscode.git 1363
[2021-07-27 08:58:09.463] [exthost] [warning] [Decorations] CAPPING events from decorations provider vscode.git 1364
[2021-07-27 08:58:15.857] [exthost] [warning] [Decorations] CAPPING events from decorations provider vscode.git 1367
[2021-07-27 08:58:22.284] [exthost] [warning] [Decorations] CAPPING events from decorations provider vscode.git 1367
[2021-07-27 08:58:28.273] [exthost] [warning] [Decorations] CAPPING events from decorations provider vscode.git 1368
[2021-07-27 08:58:40.456] [exthost] [warning] [Decorations] CAPPING events from decorations provider vscode.git 1368
[2021-07-27 08:58:47.017] [exthost] [warning] [Decorations] CAPPING events from decorations provider vscode.git 1369
[2021-07-27 08:58:53.070] [exthost] [warning] [Decorations] CAPPING events from decorations provider vscode.git 1370
[2021-07-27 08:58:59.063] [exthost] [warning] [Decorations] CAPPING events from decorations provider vscode.git 1372
[2021-07-27 08:59:04.977] [exthost] [warning] [Decorations] CAPPING events from decorations provider vscode.git 1372
[2021-07-27 08:59:11.029] [exthost] [warning] [Decorations] CAPPING events from decorations provider vscode.git 1373
[2021-07-27 08:59:17.136] [exthost] [warning] [Decorations] CAPPING events from decorations provider vscode.git 1374
[2021-07-27 08:59:23.178] [exthost] [warning] [Decorations] CAPPING events from decorations provider vscode.git 1374
[2021-07-27 08:59:29.531] [exthost] [warning] [Decorations] CAPPING events from decorations provider vscode.git 1375
[2021-07-27 08:59:36.619] [exthost] [warning] [Decorations] CAPPING events from decorations provider vscode.git 1377
[2021-07-27 08:59:42.560] [exthost] [warning] [Decorations] CAPPING events from decorations provider vscode.git 1377
[2021-07-27 08:59:49.067] [exthost] [warning] [Decorations] CAPPING events from decorations provider vscode.git 1379
[2021-07-27 08:59:55.183] [exthost] [warning] [Decorations] CAPPING events from decorations provider vscode.git 1379
[2021-07-27 09:00:01.262] [exthost] [warning] [Decorations] CAPPING events from decorations provider vscode.git 1379
[2021-07-27 09:00:07.581] [exthost] [warning] [Decorations] CAPPING events from decorations provider vscode.git 1379
[2021-07-27 09:00:13.499] [exthost] [warning] [Decorations] CAPPING events from decorations provider vscode.git 1380
[2021-07-27 09:03:00.521] [exthost] [warning] [Decorations] CAPPING events from decorations provider vscode.git 1405
[2021-07-27 09:03:06.770] [exthost] [warning] [Decorations] CAPPING events from decorations provider vscode.git 1406
[2021-07-27 09:03:15.008] [exthost] [warning] [Decorations] CAPPING events from decorations provider vscode.git 1409
[2021-07-27 09:03:21.154] [exthost] [warning] [Decorations] CAPPING events from decorations provider vscode.git 1409
[2021-07-27 09:03:28.108] [exthost] [warning] [Decorations] CAPPING events from decorations provider vscode.git 1409
[2021-07-27 09:04:05.908] [exthost] [warning] [Decorations] CAPPING events from decorations provider vscode.git 1415
[2021-07-27 09:04:12.274] [exthost] [warning] [Decorations] CAPPING events from decorations provider vscode.git 1416
[2021-07-27 09:04:19.060] [exthost] [warning] [Decorations] CAPPING events from decorations provider vscode.git 1416
[2021-07-27 09:04:25.497] [exthost] [warning] [Decorations] CAPPING events from decorations provider vscode.git 1416
[2021-07-27 09:04:31.563] [exthost] [warning] [Decorations] CAPPING events from decorations provider vscode.git 1419
[2021-07-27 09:04:44.400] [exthost] [warning] [Decorations] CAPPING events from decorations provider vscode.git 1420
[2021-07-27 09:05:12.724] [exthost] [warning] [Decorations] CAPPING events from decorations provider vscode.git 1425
[2021-07-27 09:05:18.935] [exthost] [warning] [Decorations] CAPPING events from decorations provider vscode.git 1425
[2021-07-27 09:05:25.157] [exthost] [warning] [Decorations] CAPPING events from decorations provider vscode.git 1425
[2021-07-27 09:05:31.334] [exthost] [warning] [Decorations] CAPPING events from decorations provider vscode.git 1426
[2021-07-27 09:05:37.540] [exthost] [warning] [Decorations] CAPPING events from decorations provider vscode.git 1426
[2021-07-27 09:05:43.519] [exthost] [warning] [Decorations] CAPPING events from decorations provider vscode.git 1427
[2021-07-27 09:05:49.538] [exthost] [warning] [Decorations] CAPPING events from decorations provider vscode.git 1427
[2021-07-27 09:05:55.584] [exthost] [warning] [Decorations] CAPPING events from decorations provider vscode.git 1430
[2021-07-27 09:06:01.672] [exthost] [warning] [Decorations] CAPPING events from decorations provider vscode.git 1430
[2021-07-27 09:06:07.629] [exthost] [warning] [Decorations] CAPPING events from decorations provider vscode.git 1430
[2021-07-27 09:06:13.718] [exthost] [warning] [Decorations] CAPPING events from decorations provider vscode.git 1432
[2021-07-27 09:06:20.030] [exthost] [warning] [Decorations] CAPPING events from decorations provider vscode.git 1432
[2021-07-27 09:06:26.060] [exthost] [warning] [Decorations] CAPPING events from decorations provider vscode.git 1432
[2021-07-27 09:06:32.254] [exthost] [warning] [Decorations] CAPPING events from decorations provider vscode.git 1433
[2021-07-27 09:06:38.555] [exthost] [warning] [Decorations] CAPPING events from decorations provider vscode.git 1435
[2021-07-27 09:06:44.616] [exthost] [warning] [Decorations] CAPPING events from decorations provider vscode.git 1436
[2021-07-27 09:06:50.769] [exthost] [warning] [Decorations] CAPPING events from decorations provider vscode.git 1437
[2021-07-27 09:06:56.717] [exthost] [warning] [Decorations] CAPPING events from decorations provider vscode.git 1437
[2021-07-27 09:07:02.674] [exthost] [warning] [Decorations] CAPPING events from decorations provider vscode.git 1437
[2021-07-27 09:07:08.680] [exthost] [warning] [Decorations] CAPPING events from decorations provider vscode.git 1437
[2021-07-27 09:07:14.799] [exthost] [warning] [Decorations] CAPPING events from decorations provider vscode.git 1441
[2021-07-27 09:07:20.874] [exthost] [warning] [Decorations] CAPPING events from decorations provider vscode.git 1441
[2021-07-27 09:07:27.203] [exthost] [warning] [Decorations] CAPPING events from decorations provider vscode.git 1441
[2021-07-27 09:07:33.216] [exthost] [warning] [Decorations] CAPPING events from decorations provider vscode.git 1442
[2021-07-27 09:07:39.408] [exthost] [warning] [Decorations] CAPPING events from decorations provider vscode.git 1442
[2021-07-27 09:07:45.381] [exthost] [warning] [Decorations] CAPPING events from decorations provider vscode.git 1443
[2021-07-27 09:07:53.029] [exthost] [warning] [Decorations] CAPPING events from decorations provider vscode.git 1444
[2021-07-27 09:08:16.592] [exthost] [warning] [Decorations] CAPPING events from decorations provider vscode.git 1446
[2021-07-27 09:08:48.526] [exthost] [warning] [Decorations] CAPPING events from decorations provider vscode.git 1449
[2021-07-27 09:11:22.650] [exthost] [warning] [Decorations] CAPPING events from decorations provider vscode.git 1466
