[2021-07-22 03:42:49.835] [exthost] [info] extension host started
[2021-07-22 03:42:49.842] [exthost] [error] Error: EEXIST: file already exists, open '/var/www/.vscode-server/data/User/workspaceStorage/c442117acadd182bd5a664e886124edc/vscode.lock'
[2021-07-22 03:42:49.866] [exthost] [info] Lock '/var/www/.vscode-server/data/User/workspaceStorage/c442117acadd182bd5a664e886124edc/vscode.lock': Could not acquire lock, checking if the file is stale.
[2021-07-22 03:42:49.872] [exthost] [info] Lock '/var/www/.vscode-server/data/User/workspaceStorage/c442117acadd182bd5a664e886124edc/vscode.lock': The pid 967 appears to be gone.
[2021-07-22 03:42:49.872] [exthost] [info] Lock '/var/www/.vscode-server/data/User/workspaceStorage/c442117acadd182bd5a664e886124edc/vscode.lock': Deleting a stale lock.
[2021-07-22 03:42:49.884] [exthost] [info] Lock '/var/www/.vscode-server/data/User/workspaceStorage/c442117acadd182bd5a664e886124edc/vscode.lock': Lock acquired.
[2021-07-22 03:42:49.927] [exthost] [info] ExtensionService#_doActivateExtension vscode.debug-auto-launch {"startup":true,"extensionId":{"value":"vscode.debug-auto-launch","_lower":"vscode.debug-auto-launch"},"activationEvent":"*"}
[2021-07-22 03:42:49.928] [exthost] [info] ExtensionService#loadCommonJSModule file:///var/www/.vscode-server/bin/c3f126316369cd610563c75b1b1725e0679adfb3/extensions/debug-auto-launch/dist/extension
[2021-07-22 03:42:49.935] [exthost] [info] ExtensionService#_doActivateExtension vscode.git {"startup":true,"extensionId":{"value":"vscode.github","_lower":"vscode.github"},"activationEvent":"*"}
[2021-07-22 03:42:49.935] [exthost] [info] ExtensionService#loadCommonJSModule file:///var/www/.vscode-server/bin/c3f126316369cd610563c75b1b1725e0679adfb3/extensions/git/dist/main
[2021-07-22 03:42:50.075] [exthost] [info] ExtensionService#_doActivateExtension nadim-vscode.symfony-code-snippets {"startup":true,"extensionId":{"value":"nadim-vscode.symfony-code-snippets","_lower":"nadim-vscode.symfony-code-snippets"},"activationEvent":"*"}
[2021-07-22 03:42:50.076] [exthost] [info] ExtensionService#loadCommonJSModule file:///var/www/.vscode-server/extensions/nadim-vscode.symfony-code-snippets-1.2.7/extension
[2021-07-22 03:42:50.078] [exthost] [info] ExtensionService#_doActivateExtension nadim-vscode.symfony-super-console {"startup":true,"extensionId":{"value":"nadim-vscode.symfony-super-console","_lower":"nadim-vscode.symfony-super-console"},"activationEvent":"*"}
[2021-07-22 03:42:50.078] [exthost] [info] ExtensionService#loadCommonJSModule file:///var/www/.vscode-server/extensions/nadim-vscode.symfony-super-console-1.1.1/extension.js
[2021-07-22 03:42:50.626] [exthost] [info] ExtensionService#_doActivateExtension vscode.github {"startup":true,"extensionId":{"value":"vscode.github","_lower":"vscode.github"},"activationEvent":"*"}
[2021-07-22 03:42:50.626] [exthost] [info] ExtensionService#loadCommonJSModule file:///var/www/.vscode-server/bin/c3f126316369cd610563c75b1b1725e0679adfb3/extensions/github/dist/extension.js
[2021-07-22 03:42:50.822] [exthost] [info] ExtensionService#_doActivateExtension vscode.emmet {"startup":false,"extensionId":{"value":"vscode.emmet","_lower":"vscode.emmet"},"activationEvent":"onStartupFinished"}
[2021-07-22 03:42:50.822] [exthost] [info] ExtensionService#loadCommonJSModule file:///var/www/.vscode-server/bin/c3f126316369cd610563c75b1b1725e0679adfb3/extensions/emmet/dist/node/emmetNodeMain
[2021-07-22 03:42:50.844] [exthost] [info] ExtensionService#_doActivateExtension vscode.merge-conflict {"startup":false,"extensionId":{"value":"vscode.merge-conflict","_lower":"vscode.merge-conflict"},"activationEvent":"onStartupFinished"}
[2021-07-22 03:42:50.844] [exthost] [info] ExtensionService#loadCommonJSModule file:///var/www/.vscode-server/bin/c3f126316369cd610563c75b1b1725e0679adfb3/extensions/merge-conflict/dist/mergeConflictMain
[2021-07-22 03:42:50.855] [exthost] [info] ExtensionService#_doActivateExtension vscode.testing-editor-contributions {"startup":false,"extensionId":{"value":"vscode.testing-editor-contributions","_lower":"vscode.testing-editor-contributions"},"activationEvent":"onStartupFinished"}
[2021-07-22 03:42:50.855] [exthost] [info] ExtensionService#loadCommonJSModule file:///var/www/.vscode-server/bin/c3f126316369cd610563c75b1b1725e0679adfb3/extensions/testing-editor-contributions/dist/extension.js
[2021-07-22 03:42:50.858] [exthost] [info] eager extensions activated
[2021-07-22 03:42:51.123] [exthost] [info] ExtensionService#_doActivateExtension ms-vscode.js-debug {"startup":false,"extensionId":{"value":"ms-vscode.js-debug","_lower":"ms-vscode.js-debug"},"activationEvent":"onCommand:extension.js-debug.clearAutoAttachVariables"}
[2021-07-22 03:42:51.123] [exthost] [info] ExtensionService#loadCommonJSModule file:///var/www/.vscode-server/bin/c3f126316369cd610563c75b1b1725e0679adfb3/extensions/ms-vscode.js-debug/src/extension.js
[2021-07-22 03:42:54.005] [exthost] [warning] [Decorations] CAPPING events from decorations provider vscode.git 1316
[2021-07-22 03:42:58.731] [exthost] [warning] [Decorations] CAPPING events from decorations provider vscode.git 1316
[2021-07-22 03:43:04.680] [exthost] [warning] [Decorations] CAPPING events from decorations provider vscode.git 1320
[2021-07-22 03:43:10.654] [exthost] [warning] [Decorations] CAPPING events from decorations provider vscode.git 1320
[2021-07-22 03:43:16.633] [exthost] [warning] [Decorations] CAPPING events from decorations provider vscode.git 1320
[2021-07-22 03:43:22.795] [exthost] [warning] [Decorations] CAPPING events from decorations provider vscode.git 1320
[2021-07-22 03:43:28.703] [exthost] [warning] [Decorations] CAPPING events from decorations provider vscode.git 1320
[2021-07-22 03:43:34.591] [exthost] [warning] [Decorations] CAPPING events from decorations provider vscode.git 1320
[2021-07-22 03:43:40.495] [exthost] [warning] [Decorations] CAPPING events from decorations provider vscode.git 1320
[2021-07-22 03:43:46.410] [exthost] [warning] [Decorations] CAPPING events from decorations provider vscode.git 1320
[2021-07-22 03:43:52.403] [exthost] [warning] [Decorations] CAPPING events from decorations provider vscode.git 1320
[2021-07-22 03:43:58.284] [exthost] [warning] [Decorations] CAPPING events from decorations provider vscode.git 1320
[2021-07-22 03:44:04.133] [exthost] [warning] [Decorations] CAPPING events from decorations provider vscode.git 1320
[2021-07-22 03:46:31.263] [exthost] [warning] [Decorations] CAPPING events from decorations provider vscode.git 1320
[2021-07-22 03:46:37.172] [exthost] [warning] [Decorations] CAPPING events from decorations provider vscode.git 1320
[2021-07-22 03:46:43.051] [exthost] [warning] [Decorations] CAPPING events from decorations provider vscode.git 1320
[2021-07-22 03:46:48.914] [exthost] [warning] [Decorations] CAPPING events from decorations provider vscode.git 1320
[2021-07-22 03:46:54.865] [exthost] [warning] [Decorations] CAPPING events from decorations provider vscode.git 1320
[2021-07-22 03:47:00.729] [exthost] [warning] [Decorations] CAPPING events from decorations provider vscode.git 1320
[2021-07-22 03:47:06.581] [exthost] [warning] [Decorations] CAPPING events from decorations provider vscode.git 1320
[2021-07-22 03:47:12.445] [exthost] [warning] [Decorations] CAPPING events from decorations provider vscode.git 1320
[2021-07-22 03:47:18.302] [exthost] [warning] [Decorations] CAPPING events from decorations provider vscode.git 1320
[2021-07-22 03:47:24.197] [exthost] [warning] [Decorations] CAPPING events from decorations provider vscode.git 1320
[2021-07-22 03:47:30.165] [exthost] [warning] [Decorations] CAPPING events from decorations provider vscode.git 1320
[2021-07-22 03:47:35.981] [exthost] [warning] [Decorations] CAPPING events from decorations provider vscode.git 1320
[2021-07-22 03:47:41.765] [exthost] [warning] [Decorations] CAPPING events from decorations provider vscode.git 1320
[2021-07-22 03:47:47.549] [exthost] [warning] [Decorations] CAPPING events from decorations provider vscode.git 1320
[2021-07-22 03:47:53.349] [exthost] [warning] [Decorations] CAPPING events from decorations provider vscode.git 1320
[2021-07-22 03:47:59.206] [exthost] [warning] [Decorations] CAPPING events from decorations provider vscode.git 1320
[2021-07-22 03:48:06.311] [exthost] [warning] [Decorations] CAPPING events from decorations provider vscode.git 1320
